ARM GAS  C:\Users\CHUCK~1.ERH\AppData\Local\Temp\ccwf5R6A.s 			page 1


   1              		.cpu cortex-m0
   2              		.fpu softvfp
   3              		.eabi_attribute 20, 1
   4              		.eabi_attribute 21, 1
   5              		.eabi_attribute 23, 3
   6              		.eabi_attribute 24, 1
   7              		.eabi_attribute 25, 1
   8              		.eabi_attribute 26, 1
   9              		.eabi_attribute 30, 4
  10              		.eabi_attribute 34, 0
  11              		.eabi_attribute 18, 4
  12              		.code	16
  13              		.file	"Cm0Start.c"
  14              		.text
  15              	.Ltext0:
  16              		.cfi_sections	.debug_frame
  17              		.section	.text.IntDefaultHandler,"ax",%progbits
  18              		.align	1
  19              		.global	IntDefaultHandler
  20              		.code	16
  21              		.thumb_func
  22              		.type	IntDefaultHandler, %function
  23              	IntDefaultHandler:
  24              	.LFB0:
  25              		.file 1 ".\\Generated_Source\\PSoC4\\Cm0Start.c"
   1:.\Generated_Source\PSoC4/Cm0Start.c **** /*******************************************************************************
   2:.\Generated_Source\PSoC4/Cm0Start.c **** * File Name: Cm0Start.c
   3:.\Generated_Source\PSoC4/Cm0Start.c **** * Version 4.10
   4:.\Generated_Source\PSoC4/Cm0Start.c **** *
   5:.\Generated_Source\PSoC4/Cm0Start.c **** *  Description:
   6:.\Generated_Source\PSoC4/Cm0Start.c **** *  Startup code for the ARM CM0.
   7:.\Generated_Source\PSoC4/Cm0Start.c **** *
   8:.\Generated_Source\PSoC4/Cm0Start.c **** ********************************************************************************
   9:.\Generated_Source\PSoC4/Cm0Start.c **** * Copyright 2010-2014, Cypress Semiconductor Corporation.  All rights reserved.
  10:.\Generated_Source\PSoC4/Cm0Start.c **** * You may use this file only in accordance with the license, terms, conditions,
  11:.\Generated_Source\PSoC4/Cm0Start.c **** * disclaimers, and limitations in the end user license agreement accompanying
  12:.\Generated_Source\PSoC4/Cm0Start.c **** * the software package with which this file was provided.
  13:.\Generated_Source\PSoC4/Cm0Start.c **** *******************************************************************************/
  14:.\Generated_Source\PSoC4/Cm0Start.c **** 
  15:.\Generated_Source\PSoC4/Cm0Start.c **** #include <limits.h>
  16:.\Generated_Source\PSoC4/Cm0Start.c **** #include "cydevice_trm.h"
  17:.\Generated_Source\PSoC4/Cm0Start.c **** #include "cytypes.h"
  18:.\Generated_Source\PSoC4/Cm0Start.c **** #include "cyfitter_cfg.h"
  19:.\Generated_Source\PSoC4/Cm0Start.c **** #include "CyLib.h"
  20:.\Generated_Source\PSoC4/Cm0Start.c **** #include "cyfitter.h"
  21:.\Generated_Source\PSoC4/Cm0Start.c **** 
  22:.\Generated_Source\PSoC4/Cm0Start.c **** #define CY_NUM_VECTORS              (CY_INT_IRQ_BASE + CY_NUM_INTERRUPTS)
  23:.\Generated_Source\PSoC4/Cm0Start.c **** #define CY_CPUSS_CONFIG_VECT_IN_RAM (( uint32 ) 0x01)
  24:.\Generated_Source\PSoC4/Cm0Start.c **** 
  25:.\Generated_Source\PSoC4/Cm0Start.c **** /* CPUSS Configuration register */
  26:.\Generated_Source\PSoC4/Cm0Start.c **** #define CY_CPUSS_CONFIG_REG         (*(reg32 *) CYREG_CPUSS_CONFIG)
  27:.\Generated_Source\PSoC4/Cm0Start.c **** #define CY_CPUSS_CONFIG_PTR         ( (reg32 *) CYREG_CPUSS_CONFIG)
  28:.\Generated_Source\PSoC4/Cm0Start.c **** 
  29:.\Generated_Source\PSoC4/Cm0Start.c **** 
  30:.\Generated_Source\PSoC4/Cm0Start.c **** #if defined (__ICCARM__)
  31:.\Generated_Source\PSoC4/Cm0Start.c ****     #define CY_NUM_ROM_VECTORS      (CY_NUM_VECTORS)
  32:.\Generated_Source\PSoC4/Cm0Start.c **** #else
ARM GAS  C:\Users\CHUCK~1.ERH\AppData\Local\Temp\ccwf5R6A.s 			page 2


  33:.\Generated_Source\PSoC4/Cm0Start.c ****     #define CY_NUM_ROM_VECTORS      (4u)
  34:.\Generated_Source\PSoC4/Cm0Start.c **** #endif  /* defined (__ICCARM__) */
  35:.\Generated_Source\PSoC4/Cm0Start.c **** 
  36:.\Generated_Source\PSoC4/Cm0Start.c **** #if defined(__ARMCC_VERSION)
  37:.\Generated_Source\PSoC4/Cm0Start.c ****     #define INITIAL_STACK_POINTER ((cyisraddress)(uint32)&Image$$ARM_LIB_STACK$$ZI$$Limit)
  38:.\Generated_Source\PSoC4/Cm0Start.c **** #elif defined (__GNUC__)
  39:.\Generated_Source\PSoC4/Cm0Start.c ****     #define INITIAL_STACK_POINTER (&__cy_stack)
  40:.\Generated_Source\PSoC4/Cm0Start.c **** #elif defined (__ICCARM__)
  41:.\Generated_Source\PSoC4/Cm0Start.c ****     #pragma language=extended
  42:.\Generated_Source\PSoC4/Cm0Start.c ****     #pragma segment="CSTACK"
  43:.\Generated_Source\PSoC4/Cm0Start.c ****     #define INITIAL_STACK_POINTER  { .__ptr = __sfe( "CSTACK" ) }
  44:.\Generated_Source\PSoC4/Cm0Start.c **** 
  45:.\Generated_Source\PSoC4/Cm0Start.c ****     extern void __iar_program_start( void );
  46:.\Generated_Source\PSoC4/Cm0Start.c ****     extern void __iar_data_init3 (void);
  47:.\Generated_Source\PSoC4/Cm0Start.c **** #endif  /* (__ARMCC_VERSION) */
  48:.\Generated_Source\PSoC4/Cm0Start.c **** 
  49:.\Generated_Source\PSoC4/Cm0Start.c **** /* Extern functions */
  50:.\Generated_Source\PSoC4/Cm0Start.c **** extern void CyBtldr_CheckLaunch(void);
  51:.\Generated_Source\PSoC4/Cm0Start.c **** 
  52:.\Generated_Source\PSoC4/Cm0Start.c **** /* Function prototypes */
  53:.\Generated_Source\PSoC4/Cm0Start.c **** void initialize_psoc(void);
  54:.\Generated_Source\PSoC4/Cm0Start.c **** 
  55:.\Generated_Source\PSoC4/Cm0Start.c **** /* Global variables */
  56:.\Generated_Source\PSoC4/Cm0Start.c **** #if !defined (__ICCARM__)
  57:.\Generated_Source\PSoC4/Cm0Start.c ****     CY_NOINIT static uint32 cySysNoInitDataValid;
  58:.\Generated_Source\PSoC4/Cm0Start.c **** #endif  /* !defined (__ICCARM__) */
  59:.\Generated_Source\PSoC4/Cm0Start.c **** 
  60:.\Generated_Source\PSoC4/Cm0Start.c **** 
  61:.\Generated_Source\PSoC4/Cm0Start.c **** #if (CYDEV_PROJ_TYPE != CYDEV_PROJ_TYPE_STANDARD)
  62:.\Generated_Source\PSoC4/Cm0Start.c **** 
  63:.\Generated_Source\PSoC4/Cm0Start.c ****     /*******************************************************************************
  64:.\Generated_Source\PSoC4/Cm0Start.c ****     This variable is used by the Bootloader/Bootloadable components to schedule
  65:.\Generated_Source\PSoC4/Cm0Start.c ****     what application will be started after a software reset.
  66:.\Generated_Source\PSoC4/Cm0Start.c ****     *******************************************************************************/
  67:.\Generated_Source\PSoC4/Cm0Start.c ****     #if (__ARMCC_VERSION)
  68:.\Generated_Source\PSoC4/Cm0Start.c ****         __attribute__ ((section(".bootloaderruntype"), zero_init))
  69:.\Generated_Source\PSoC4/Cm0Start.c ****     #elif defined (__GNUC__)
  70:.\Generated_Source\PSoC4/Cm0Start.c ****         __attribute__ ((section(".bootloaderruntype")))
  71:.\Generated_Source\PSoC4/Cm0Start.c ****     #elif defined (__ICCARM__)
  72:.\Generated_Source\PSoC4/Cm0Start.c ****         #pragma location=".bootloaderruntype"
  73:.\Generated_Source\PSoC4/Cm0Start.c ****     #endif /* (__ARMCC_VERSION) */
  74:.\Generated_Source\PSoC4/Cm0Start.c ****     volatile uint32 cyBtldrRunType;
  75:.\Generated_Source\PSoC4/Cm0Start.c **** 
  76:.\Generated_Source\PSoC4/Cm0Start.c **** #endif  /* (CYDEV_PROJ_TYPE != CYDEV_PROJ_TYPE_STANDARD) */
  77:.\Generated_Source\PSoC4/Cm0Start.c **** 
  78:.\Generated_Source\PSoC4/Cm0Start.c **** 
  79:.\Generated_Source\PSoC4/Cm0Start.c **** /*******************************************************************************
  80:.\Generated_Source\PSoC4/Cm0Start.c **** * Function Name: IntDefaultHandler
  81:.\Generated_Source\PSoC4/Cm0Start.c **** ********************************************************************************
  82:.\Generated_Source\PSoC4/Cm0Start.c **** *
  83:.\Generated_Source\PSoC4/Cm0Start.c **** * Summary:
  84:.\Generated_Source\PSoC4/Cm0Start.c **** *  This function is called for all interrupts, other than a reset that is called
  85:.\Generated_Source\PSoC4/Cm0Start.c **** *  before the system is setup.
  86:.\Generated_Source\PSoC4/Cm0Start.c **** *
  87:.\Generated_Source\PSoC4/Cm0Start.c **** * Parameters:
  88:.\Generated_Source\PSoC4/Cm0Start.c **** *  None
  89:.\Generated_Source\PSoC4/Cm0Start.c **** *
ARM GAS  C:\Users\CHUCK~1.ERH\AppData\Local\Temp\ccwf5R6A.s 			page 3


  90:.\Generated_Source\PSoC4/Cm0Start.c **** * Return:
  91:.\Generated_Source\PSoC4/Cm0Start.c **** *  None
  92:.\Generated_Source\PSoC4/Cm0Start.c **** *
  93:.\Generated_Source\PSoC4/Cm0Start.c **** * Theory:
  94:.\Generated_Source\PSoC4/Cm0Start.c **** *   Any value other than zero is acceptable.
  95:.\Generated_Source\PSoC4/Cm0Start.c **** *
  96:.\Generated_Source\PSoC4/Cm0Start.c **** *******************************************************************************/
  97:.\Generated_Source\PSoC4/Cm0Start.c **** CY_NORETURN
  98:.\Generated_Source\PSoC4/Cm0Start.c **** CY_ISR(IntDefaultHandler)
  99:.\Generated_Source\PSoC4/Cm0Start.c **** {
  26              		.loc 1 99 0
  27              		.cfi_startproc
  28 0000 00B5     		push	{lr}
  29              	.LCFI0:
  30              		.cfi_def_cfa_offset 4
  31              		.cfi_offset 14, -4
  32              	.L2:
  33 0002 FEE7     		b	.L2
  34              		.cfi_endproc
  35              	.LFE0:
  36              		.size	IntDefaultHandler, .-IntDefaultHandler
  37              		.section	.text._exit,"ax",%progbits
  38              		.align	1
  39              		.weak	_exit
  40              		.code	16
  41              		.thumb_func
  42              		.type	_exit, %function
  43              	_exit:
  44              	.LFB1:
 100:.\Generated_Source\PSoC4/Cm0Start.c ****     /***************************************************************************
 101:.\Generated_Source\PSoC4/Cm0Start.c ****     * We must not get here. If we do, a serious problem occurs, so go into
 102:.\Generated_Source\PSoC4/Cm0Start.c ****     * an infinite loop.
 103:.\Generated_Source\PSoC4/Cm0Start.c ****     ***************************************************************************/
 104:.\Generated_Source\PSoC4/Cm0Start.c ****     while(1)
 105:.\Generated_Source\PSoC4/Cm0Start.c ****     {
 106:.\Generated_Source\PSoC4/Cm0Start.c **** 
 107:.\Generated_Source\PSoC4/Cm0Start.c ****     }
 108:.\Generated_Source\PSoC4/Cm0Start.c **** }
 109:.\Generated_Source\PSoC4/Cm0Start.c **** 
 110:.\Generated_Source\PSoC4/Cm0Start.c **** #if defined(__ARMCC_VERSION)
 111:.\Generated_Source\PSoC4/Cm0Start.c **** 
 112:.\Generated_Source\PSoC4/Cm0Start.c **** /* Local function for device reset. */
 113:.\Generated_Source\PSoC4/Cm0Start.c **** extern void Reset(void);
 114:.\Generated_Source\PSoC4/Cm0Start.c **** 
 115:.\Generated_Source\PSoC4/Cm0Start.c **** /* Application entry point. */
 116:.\Generated_Source\PSoC4/Cm0Start.c **** extern void $Super$$main(void);
 117:.\Generated_Source\PSoC4/Cm0Start.c **** 
 118:.\Generated_Source\PSoC4/Cm0Start.c **** /* Linker-generated Stack Base addresses, Two Region and One Region */
 119:.\Generated_Source\PSoC4/Cm0Start.c **** extern unsigned long Image$$ARM_LIB_STACK$$ZI$$Limit;
 120:.\Generated_Source\PSoC4/Cm0Start.c **** 
 121:.\Generated_Source\PSoC4/Cm0Start.c **** /* RealView C Library initialization. */
 122:.\Generated_Source\PSoC4/Cm0Start.c **** extern int __main(void);
 123:.\Generated_Source\PSoC4/Cm0Start.c **** 
 124:.\Generated_Source\PSoC4/Cm0Start.c **** 
 125:.\Generated_Source\PSoC4/Cm0Start.c **** /*******************************************************************************
 126:.\Generated_Source\PSoC4/Cm0Start.c **** * Function Name: Reset
 127:.\Generated_Source\PSoC4/Cm0Start.c **** ********************************************************************************
ARM GAS  C:\Users\CHUCK~1.ERH\AppData\Local\Temp\ccwf5R6A.s 			page 4


 128:.\Generated_Source\PSoC4/Cm0Start.c **** *
 129:.\Generated_Source\PSoC4/Cm0Start.c **** * Summary:
 130:.\Generated_Source\PSoC4/Cm0Start.c **** *  This function handles the reset interrupt for the RVDS/MDK toolchains.
 131:.\Generated_Source\PSoC4/Cm0Start.c **** *  This is the first bit of code that is executed at startup.
 132:.\Generated_Source\PSoC4/Cm0Start.c **** *
 133:.\Generated_Source\PSoC4/Cm0Start.c **** * Parameters:
 134:.\Generated_Source\PSoC4/Cm0Start.c **** *  None
 135:.\Generated_Source\PSoC4/Cm0Start.c **** *
 136:.\Generated_Source\PSoC4/Cm0Start.c **** * Return:
 137:.\Generated_Source\PSoC4/Cm0Start.c **** *  None
 138:.\Generated_Source\PSoC4/Cm0Start.c **** *
 139:.\Generated_Source\PSoC4/Cm0Start.c **** *******************************************************************************/
 140:.\Generated_Source\PSoC4/Cm0Start.c **** void Reset(void)
 141:.\Generated_Source\PSoC4/Cm0Start.c **** {
 142:.\Generated_Source\PSoC4/Cm0Start.c ****     #if (CYDEV_PROJ_TYPE == CYDEV_PROJ_TYPE_LOADABLE)
 143:.\Generated_Source\PSoC4/Cm0Start.c ****         /* The bootloadable application image is started at Reset() handler
 144:.\Generated_Source\PSoC4/Cm0Start.c ****         * as a result of a branch instruction execution from the bootloader.
 145:.\Generated_Source\PSoC4/Cm0Start.c ****         * So, the stack pointer needs to be reset to be sure that
 146:.\Generated_Source\PSoC4/Cm0Start.c ****         * there is no garbage in the stack.
 147:.\Generated_Source\PSoC4/Cm0Start.c ****         */
 148:.\Generated_Source\PSoC4/Cm0Start.c ****         register uint32_t msp __asm("msp");
 149:.\Generated_Source\PSoC4/Cm0Start.c ****         msp = (uint32_t)&Image$$ARM_LIB_STACK$$ZI$$Limit;
 150:.\Generated_Source\PSoC4/Cm0Start.c ****     #endif /* CYDEV_PROJ_TYPE_LOADABLE */
 151:.\Generated_Source\PSoC4/Cm0Start.c **** 
 152:.\Generated_Source\PSoC4/Cm0Start.c ****     #if(!CY_PSOC4A)
 153:.\Generated_Source\PSoC4/Cm0Start.c ****         CySysWdtDisable();
 154:.\Generated_Source\PSoC4/Cm0Start.c ****     #endif  /* (!CY_PSOC4A) */
 155:.\Generated_Source\PSoC4/Cm0Start.c **** 
 156:.\Generated_Source\PSoC4/Cm0Start.c ****     #if (CYDEV_BOOTLOADER_ENABLE)
 157:.\Generated_Source\PSoC4/Cm0Start.c ****         CyBtldr_CheckLaunch();
 158:.\Generated_Source\PSoC4/Cm0Start.c ****     #endif /* CYDEV_BOOTLOADER_ENABLE */
 159:.\Generated_Source\PSoC4/Cm0Start.c **** 
 160:.\Generated_Source\PSoC4/Cm0Start.c ****     __main();
 161:.\Generated_Source\PSoC4/Cm0Start.c **** }
 162:.\Generated_Source\PSoC4/Cm0Start.c **** 
 163:.\Generated_Source\PSoC4/Cm0Start.c **** /*******************************************************************************
 164:.\Generated_Source\PSoC4/Cm0Start.c **** * Function Name: $Sub$$main
 165:.\Generated_Source\PSoC4/Cm0Start.c **** ********************************************************************************
 166:.\Generated_Source\PSoC4/Cm0Start.c **** *
 167:.\Generated_Source\PSoC4/Cm0Start.c **** * Summary:
 168:.\Generated_Source\PSoC4/Cm0Start.c **** *  This function is called immediately before the users main
 169:.\Generated_Source\PSoC4/Cm0Start.c **** *
 170:.\Generated_Source\PSoC4/Cm0Start.c **** * Parameters:
 171:.\Generated_Source\PSoC4/Cm0Start.c **** *  None
 172:.\Generated_Source\PSoC4/Cm0Start.c **** *
 173:.\Generated_Source\PSoC4/Cm0Start.c **** * Return:
 174:.\Generated_Source\PSoC4/Cm0Start.c **** *  None
 175:.\Generated_Source\PSoC4/Cm0Start.c **** *
 176:.\Generated_Source\PSoC4/Cm0Start.c **** *******************************************************************************/
 177:.\Generated_Source\PSoC4/Cm0Start.c **** __attribute__ ((noreturn))
 178:.\Generated_Source\PSoC4/Cm0Start.c **** void $Sub$$main(void)
 179:.\Generated_Source\PSoC4/Cm0Start.c **** {
 180:.\Generated_Source\PSoC4/Cm0Start.c ****     initialize_psoc();
 181:.\Generated_Source\PSoC4/Cm0Start.c **** 
 182:.\Generated_Source\PSoC4/Cm0Start.c ****     /* Call original main */
 183:.\Generated_Source\PSoC4/Cm0Start.c ****     $Super$$main();
 184:.\Generated_Source\PSoC4/Cm0Start.c **** 
ARM GAS  C:\Users\CHUCK~1.ERH\AppData\Local\Temp\ccwf5R6A.s 			page 5


 185:.\Generated_Source\PSoC4/Cm0Start.c ****     while (1)
 186:.\Generated_Source\PSoC4/Cm0Start.c ****     {
 187:.\Generated_Source\PSoC4/Cm0Start.c ****         /* If main returns it is undefined what we should do. */
 188:.\Generated_Source\PSoC4/Cm0Start.c ****     }
 189:.\Generated_Source\PSoC4/Cm0Start.c **** }
 190:.\Generated_Source\PSoC4/Cm0Start.c **** 
 191:.\Generated_Source\PSoC4/Cm0Start.c **** #elif defined(__GNUC__)
 192:.\Generated_Source\PSoC4/Cm0Start.c **** 
 193:.\Generated_Source\PSoC4/Cm0Start.c **** /* Stack Base address */
 194:.\Generated_Source\PSoC4/Cm0Start.c **** extern void __cy_stack(void);
 195:.\Generated_Source\PSoC4/Cm0Start.c **** 
 196:.\Generated_Source\PSoC4/Cm0Start.c **** /* Application entry point. */
 197:.\Generated_Source\PSoC4/Cm0Start.c **** extern int main(void);
 198:.\Generated_Source\PSoC4/Cm0Start.c **** 
 199:.\Generated_Source\PSoC4/Cm0Start.c **** /* The static objects constructors initializer */
 200:.\Generated_Source\PSoC4/Cm0Start.c **** extern void __libc_init_array(void);
 201:.\Generated_Source\PSoC4/Cm0Start.c **** 
 202:.\Generated_Source\PSoC4/Cm0Start.c **** typedef unsigned char __cy_byte_align8 __attribute ((aligned (8)));
 203:.\Generated_Source\PSoC4/Cm0Start.c **** 
 204:.\Generated_Source\PSoC4/Cm0Start.c **** struct __cy_region
 205:.\Generated_Source\PSoC4/Cm0Start.c **** {
 206:.\Generated_Source\PSoC4/Cm0Start.c ****     __cy_byte_align8 *init; /* Initial contents of this region.  */
 207:.\Generated_Source\PSoC4/Cm0Start.c ****     __cy_byte_align8 *data; /* Start address of region.  */
 208:.\Generated_Source\PSoC4/Cm0Start.c ****     size_t init_size;       /* Size of initial data.  */
 209:.\Generated_Source\PSoC4/Cm0Start.c ****     size_t zero_size;       /* Additional size to be zeroed.  */
 210:.\Generated_Source\PSoC4/Cm0Start.c **** };
 211:.\Generated_Source\PSoC4/Cm0Start.c **** 
 212:.\Generated_Source\PSoC4/Cm0Start.c **** extern const struct __cy_region __cy_regions[];
 213:.\Generated_Source\PSoC4/Cm0Start.c **** extern const char __cy_region_num __attribute__((weak));
 214:.\Generated_Source\PSoC4/Cm0Start.c **** #define __cy_region_num ((size_t)&__cy_region_num)
 215:.\Generated_Source\PSoC4/Cm0Start.c **** 
 216:.\Generated_Source\PSoC4/Cm0Start.c **** __attribute__((weak))
 217:.\Generated_Source\PSoC4/Cm0Start.c **** void _exit(int status)
 218:.\Generated_Source\PSoC4/Cm0Start.c **** {
  45              		.loc 1 218 0
  46              		.cfi_startproc
  47              	.LVL0:
  48              		.loc 1 218 0
  49 0000 00B5     		push	{lr}
  50              	.LCFI1:
  51              		.cfi_def_cfa_offset 4
  52              		.cfi_offset 14, -4
  53              	.L5:
  54 0002 FEE7     		b	.L5
  55              		.cfi_endproc
  56              	.LFE1:
  57              		.size	_exit, .-_exit
  58              		.section	.text.Start_c,"ax",%progbits
  59              		.align	1
  60              		.global	Start_c
  61              		.code	16
  62              		.thumb_func
  63              		.type	Start_c, %function
  64              	Start_c:
  65              	.LFB2:
 219:.\Generated_Source\PSoC4/Cm0Start.c ****     /* Cause divide by 0 exception */
 220:.\Generated_Source\PSoC4/Cm0Start.c ****     int x = status / INT_MAX;
ARM GAS  C:\Users\CHUCK~1.ERH\AppData\Local\Temp\ccwf5R6A.s 			page 6


 221:.\Generated_Source\PSoC4/Cm0Start.c ****     x = 4 / x;
 222:.\Generated_Source\PSoC4/Cm0Start.c **** 
 223:.\Generated_Source\PSoC4/Cm0Start.c ****     while(1)
 224:.\Generated_Source\PSoC4/Cm0Start.c ****     {
 225:.\Generated_Source\PSoC4/Cm0Start.c **** 
 226:.\Generated_Source\PSoC4/Cm0Start.c ****     }
 227:.\Generated_Source\PSoC4/Cm0Start.c **** }
 228:.\Generated_Source\PSoC4/Cm0Start.c **** 
 229:.\Generated_Source\PSoC4/Cm0Start.c **** /*******************************************************************************
 230:.\Generated_Source\PSoC4/Cm0Start.c **** * Function Name: Start_c
 231:.\Generated_Source\PSoC4/Cm0Start.c **** ********************************************************************************
 232:.\Generated_Source\PSoC4/Cm0Start.c **** *
 233:.\Generated_Source\PSoC4/Cm0Start.c **** * Summary:
 234:.\Generated_Source\PSoC4/Cm0Start.c **** *  This function handles initializing the .data and .bss sections in
 235:.\Generated_Source\PSoC4/Cm0Start.c **** *  preparation for running the standard c code.  Once initialization is complete
 236:.\Generated_Source\PSoC4/Cm0Start.c **** *  it will call main().  This function will never return.
 237:.\Generated_Source\PSoC4/Cm0Start.c **** *
 238:.\Generated_Source\PSoC4/Cm0Start.c **** * Parameters:
 239:.\Generated_Source\PSoC4/Cm0Start.c **** *  None
 240:.\Generated_Source\PSoC4/Cm0Start.c **** *
 241:.\Generated_Source\PSoC4/Cm0Start.c **** * Return:
 242:.\Generated_Source\PSoC4/Cm0Start.c **** *  None
 243:.\Generated_Source\PSoC4/Cm0Start.c **** *
 244:.\Generated_Source\PSoC4/Cm0Start.c **** *******************************************************************************/
 245:.\Generated_Source\PSoC4/Cm0Start.c **** void Start_c(void)  __attribute__ ((noreturn));
 246:.\Generated_Source\PSoC4/Cm0Start.c **** void Start_c(void)
 247:.\Generated_Source\PSoC4/Cm0Start.c **** {
  66              		.loc 1 247 0
  67              		.cfi_startproc
  68              	.LVL1:
  69              		.loc 1 247 0
  70 0000 70B5     		push	{r4, r5, r6, lr}
  71              	.LCFI2:
  72              		.cfi_def_cfa_offset 16
  73              		.cfi_offset 4, -16
  74              		.cfi_offset 5, -12
  75              		.cfi_offset 6, -8
  76              		.cfi_offset 14, -4
  77 0002 0F49     		ldr	r1, .L17
 248:.\Generated_Source\PSoC4/Cm0Start.c ****     unsigned regions = __cy_region_num;
 249:.\Generated_Source\PSoC4/Cm0Start.c ****     const struct __cy_region *rptr = __cy_regions;
 250:.\Generated_Source\PSoC4/Cm0Start.c **** 
 251:.\Generated_Source\PSoC4/Cm0Start.c ****     /* Initialize memory */
 252:.\Generated_Source\PSoC4/Cm0Start.c ****     for (regions = __cy_region_num, rptr = __cy_regions; regions--; rptr++)
  78              		.loc 1 252 0
  79 0004 0F4A     		ldr	r2, .L17+4
  80 0006 0139     		sub	r1, r1, #1
  81              	.LVL2:
  82              	.L7:
  83              		.loc 1 252 0 is_stmt 0 discriminator 1
  84 0008 4B1C     		add	r3, r1, #1
  85 000a 14D0     		beq	.L14
  86              	.L12:
  87              	.LVL3:
  88              	.LBB2:
 253:.\Generated_Source\PSoC4/Cm0Start.c ****     {
 254:.\Generated_Source\PSoC4/Cm0Start.c ****         uint32 *src = (uint32 *)rptr->init;
ARM GAS  C:\Users\CHUCK~1.ERH\AppData\Local\Temp\ccwf5R6A.s 			page 7


 255:.\Generated_Source\PSoC4/Cm0Start.c ****         uint32 *dst = (uint32 *)rptr->data;
  89              		.loc 1 255 0 is_stmt 1
  90 000c 5068     		ldr	r0, [r2, #4]
  91              	.LVL4:
 256:.\Generated_Source\PSoC4/Cm0Start.c ****         unsigned limit = rptr->init_size;
  92              		.loc 1 256 0
  93 000e 9568     		ldr	r5, [r2, #8]
  94              	.LVL5:
  95 0010 1468     		ldr	r4, [r2]
 255:.\Generated_Source\PSoC4/Cm0Start.c ****         uint32 *dst = (uint32 *)rptr->data;
  96              		.loc 1 255 0
  97 0012 031C     		mov	r3, r0
  98              	.LVL6:
  99              	.L8:
 257:.\Generated_Source\PSoC4/Cm0Start.c ****         unsigned count;
 258:.\Generated_Source\PSoC4/Cm0Start.c **** 
 259:.\Generated_Source\PSoC4/Cm0Start.c ****         for (count = 0u; count != limit; count += sizeof (uint32))
 100              		.loc 1 259 0 discriminator 1
 101 0014 1E1A     		sub	r6, r3, r0
 102 0016 AE42     		cmp	r6, r5
 103 0018 02D0     		beq	.L15
 104              	.L9:
 260:.\Generated_Source\PSoC4/Cm0Start.c ****         {
 261:.\Generated_Source\PSoC4/Cm0Start.c ****             *dst++ = *src++;
 105              		.loc 1 261 0 discriminator 2
 106 001a 40CC     		ldmia	r4!, {r6}
 107 001c 40C3     		stmia	r3!, {r6}
 108              	.LVL7:
 109 001e F9E7     		b	.L8
 110              	.L15:
 262:.\Generated_Source\PSoC4/Cm0Start.c ****         }
 263:.\Generated_Source\PSoC4/Cm0Start.c ****         limit = rptr->zero_size;
 111              		.loc 1 263 0
 112 0020 D068     		ldr	r0, [r2, #12]
 113              	.LVL8:
 259:.\Generated_Source\PSoC4/Cm0Start.c ****         for (count = 0u; count != limit; count += sizeof (uint32))
 114              		.loc 1 259 0
 115 0022 1D1C     		mov	r5, r3
 116              	.LVL9:
 117              	.L10:
 264:.\Generated_Source\PSoC4/Cm0Start.c ****         for (count = 0u; count != limit; count += sizeof (uint32))
 118              		.loc 1 264 0 discriminator 1
 119 0024 5C1B     		sub	r4, r3, r5
 120 0026 8442     		cmp	r4, r0
 121 0028 02D0     		beq	.L16
 122              	.L11:
 265:.\Generated_Source\PSoC4/Cm0Start.c ****         {
 266:.\Generated_Source\PSoC4/Cm0Start.c ****             *dst++ = 0u;
 123              		.loc 1 266 0 discriminator 2
 124 002a 0026     		mov	r6, #0
 125 002c 40C3     		stmia	r3!, {r6}
 126              	.LVL10:
 127 002e F9E7     		b	.L10
 128              	.L16:
 129              	.LBE2:
 252:.\Generated_Source\PSoC4/Cm0Start.c ****     for (regions = __cy_region_num, rptr = __cy_regions; regions--; rptr++)
 130              		.loc 1 252 0
ARM GAS  C:\Users\CHUCK~1.ERH\AppData\Local\Temp\ccwf5R6A.s 			page 8


 131 0030 1032     		add	r2, r2, #16
 132              	.LVL11:
 133 0032 0139     		sub	r1, r1, #1
 134 0034 E8E7     		b	.L7
 135              	.LVL12:
 136              	.L14:
 267:.\Generated_Source\PSoC4/Cm0Start.c ****         }
 268:.\Generated_Source\PSoC4/Cm0Start.c ****     }
 269:.\Generated_Source\PSoC4/Cm0Start.c **** 
 270:.\Generated_Source\PSoC4/Cm0Start.c ****     /* Invoke static objects constructors */
 271:.\Generated_Source\PSoC4/Cm0Start.c ****     __libc_init_array();
 137              		.loc 1 271 0
 138 0036 FFF7FEFF 		bl	__libc_init_array
 139              	.LVL13:
 272:.\Generated_Source\PSoC4/Cm0Start.c ****     (void) main();
 140              		.loc 1 272 0
 141 003a FFF7FEFF 		bl	main
 142              	.LVL14:
 143              	.L13:
 144 003e FEE7     		b	.L13
 145              	.L18:
 146              		.align	2
 147              	.L17:
 148 0040 00000000 		.word	__cy_region_num
 149 0044 00000000 		.word	__cy_regions
 150              		.cfi_endproc
 151              	.LFE2:
 152              		.size	Start_c, .-Start_c
 153              		.section	.text.Reset,"ax",%progbits
 154              		.align	1
 155              		.global	Reset
 156              		.code	16
 157              		.thumb_func
 158              		.type	Reset, %function
 159              	Reset:
 160              	.LFB3:
 273:.\Generated_Source\PSoC4/Cm0Start.c **** 
 274:.\Generated_Source\PSoC4/Cm0Start.c ****     while (1)
 275:.\Generated_Source\PSoC4/Cm0Start.c ****     {
 276:.\Generated_Source\PSoC4/Cm0Start.c ****         /* If main returns, make sure we don't return. */
 277:.\Generated_Source\PSoC4/Cm0Start.c ****     }
 278:.\Generated_Source\PSoC4/Cm0Start.c **** }
 279:.\Generated_Source\PSoC4/Cm0Start.c **** 
 280:.\Generated_Source\PSoC4/Cm0Start.c **** 
 281:.\Generated_Source\PSoC4/Cm0Start.c **** /*******************************************************************************
 282:.\Generated_Source\PSoC4/Cm0Start.c **** * Function Name: Reset
 283:.\Generated_Source\PSoC4/Cm0Start.c **** ********************************************************************************
 284:.\Generated_Source\PSoC4/Cm0Start.c **** *
 285:.\Generated_Source\PSoC4/Cm0Start.c **** * Summary:
 286:.\Generated_Source\PSoC4/Cm0Start.c **** *  This function handles the reset interrupt for the GCC toolchain.  This is
 287:.\Generated_Source\PSoC4/Cm0Start.c **** *  the first bit of code that is executed at startup.
 288:.\Generated_Source\PSoC4/Cm0Start.c **** *
 289:.\Generated_Source\PSoC4/Cm0Start.c **** * Parameters:
 290:.\Generated_Source\PSoC4/Cm0Start.c **** *  None
 291:.\Generated_Source\PSoC4/Cm0Start.c **** *
 292:.\Generated_Source\PSoC4/Cm0Start.c **** * Return:
 293:.\Generated_Source\PSoC4/Cm0Start.c **** *  None
ARM GAS  C:\Users\CHUCK~1.ERH\AppData\Local\Temp\ccwf5R6A.s 			page 9


 294:.\Generated_Source\PSoC4/Cm0Start.c **** *
 295:.\Generated_Source\PSoC4/Cm0Start.c **** *******************************************************************************/
 296:.\Generated_Source\PSoC4/Cm0Start.c **** void Reset(void)
 297:.\Generated_Source\PSoC4/Cm0Start.c **** {
 161              		.loc 1 297 0
 162              		.cfi_startproc
 163 0000 08B5     		push	{r3, lr}
 164              	.LCFI3:
 165              		.cfi_def_cfa_offset 8
 166              		.cfi_offset 3, -8
 167              		.cfi_offset 14, -4
 298:.\Generated_Source\PSoC4/Cm0Start.c ****     #if (CYDEV_PROJ_TYPE == CYDEV_PROJ_TYPE_LOADABLE)
 299:.\Generated_Source\PSoC4/Cm0Start.c ****         /* The bootloadable application image is started at Reset() handler
 300:.\Generated_Source\PSoC4/Cm0Start.c ****         * as a result of a branch instruction execution from the bootloader.
 301:.\Generated_Source\PSoC4/Cm0Start.c ****         * So, the stack pointer needs to be reset to be sure that
 302:.\Generated_Source\PSoC4/Cm0Start.c ****         * there is no garbage in the stack.
 303:.\Generated_Source\PSoC4/Cm0Start.c ****         */
 304:.\Generated_Source\PSoC4/Cm0Start.c ****         __asm volatile ("MSR msp, %0\n" : : "r" ((uint32)&__cy_stack) : "sp");
 305:.\Generated_Source\PSoC4/Cm0Start.c ****     #endif /* CYDEV_PROJ_TYPE_LOADABLE */
 306:.\Generated_Source\PSoC4/Cm0Start.c **** 
 307:.\Generated_Source\PSoC4/Cm0Start.c ****     #if(!CY_PSOC4A)
 308:.\Generated_Source\PSoC4/Cm0Start.c ****         CySysWdtDisable();
 309:.\Generated_Source\PSoC4/Cm0Start.c ****     #endif  /* (!CY_PSOC4A) */
 310:.\Generated_Source\PSoC4/Cm0Start.c **** 
 311:.\Generated_Source\PSoC4/Cm0Start.c ****     #if (CYDEV_BOOTLOADER_ENABLE)
 312:.\Generated_Source\PSoC4/Cm0Start.c ****         CyBtldr_CheckLaunch();
 313:.\Generated_Source\PSoC4/Cm0Start.c ****     #endif /* CYDEV_BOOTLOADER_ENABLE */
 314:.\Generated_Source\PSoC4/Cm0Start.c ****     Start_c();
 168              		.loc 1 314 0
 169 0002 FFF7FEFF 		bl	Start_c
 170              	.LVL15:
 171              		.cfi_endproc
 172              	.LFE3:
 173              		.size	Reset, .-Reset
 174              		.section	.text.startup.initialize_psoc,"ax",%progbits
 175              		.align	1
 176              		.global	initialize_psoc
 177              		.code	16
 178              		.thumb_func
 179              		.type	initialize_psoc, %function
 180              	initialize_psoc:
 181              	.LFB4:
 315:.\Generated_Source\PSoC4/Cm0Start.c **** }
 316:.\Generated_Source\PSoC4/Cm0Start.c **** 
 317:.\Generated_Source\PSoC4/Cm0Start.c **** #elif defined (__ICCARM__)
 318:.\Generated_Source\PSoC4/Cm0Start.c **** 
 319:.\Generated_Source\PSoC4/Cm0Start.c **** 
 320:.\Generated_Source\PSoC4/Cm0Start.c **** /*******************************************************************************
 321:.\Generated_Source\PSoC4/Cm0Start.c **** * Function Name: __low_level_init
 322:.\Generated_Source\PSoC4/Cm0Start.c **** ********************************************************************************
 323:.\Generated_Source\PSoC4/Cm0Start.c **** *
 324:.\Generated_Source\PSoC4/Cm0Start.c **** * Summary:
 325:.\Generated_Source\PSoC4/Cm0Start.c **** *  This function performs early initializations for the IAR Embedded
 326:.\Generated_Source\PSoC4/Cm0Start.c **** *  Workbench IDE. It is executed in the context of reset interrupt handler
 327:.\Generated_Source\PSoC4/Cm0Start.c **** *  before the data sections are initialized.
 328:.\Generated_Source\PSoC4/Cm0Start.c **** *
 329:.\Generated_Source\PSoC4/Cm0Start.c **** * Parameters:
ARM GAS  C:\Users\CHUCK~1.ERH\AppData\Local\Temp\ccwf5R6A.s 			page 10


 330:.\Generated_Source\PSoC4/Cm0Start.c **** *  None
 331:.\Generated_Source\PSoC4/Cm0Start.c **** *
 332:.\Generated_Source\PSoC4/Cm0Start.c **** * Return:
 333:.\Generated_Source\PSoC4/Cm0Start.c **** *  The value that determines whether or not data sections should be initialized
 334:.\Generated_Source\PSoC4/Cm0Start.c **** *  by the system startup code:
 335:.\Generated_Source\PSoC4/Cm0Start.c **** *    0 - skip data sections initialization;
 336:.\Generated_Source\PSoC4/Cm0Start.c **** *    1 - initialize data sections;
 337:.\Generated_Source\PSoC4/Cm0Start.c **** *
 338:.\Generated_Source\PSoC4/Cm0Start.c **** *******************************************************************************/
 339:.\Generated_Source\PSoC4/Cm0Start.c **** int __low_level_init(void)
 340:.\Generated_Source\PSoC4/Cm0Start.c **** {
 341:.\Generated_Source\PSoC4/Cm0Start.c ****     #if(!CY_PSOC4A)
 342:.\Generated_Source\PSoC4/Cm0Start.c ****         CySysWdtDisable();
 343:.\Generated_Source\PSoC4/Cm0Start.c ****     #endif  /* (!CY_PSOC4A) */
 344:.\Generated_Source\PSoC4/Cm0Start.c **** 
 345:.\Generated_Source\PSoC4/Cm0Start.c **** #if (CYDEV_BOOTLOADER_ENABLE)
 346:.\Generated_Source\PSoC4/Cm0Start.c ****     CyBtldr_CheckLaunch();
 347:.\Generated_Source\PSoC4/Cm0Start.c **** #endif /* CYDEV_BOOTLOADER_ENABLE */
 348:.\Generated_Source\PSoC4/Cm0Start.c **** 
 349:.\Generated_Source\PSoC4/Cm0Start.c ****     /* Initialize data sections */
 350:.\Generated_Source\PSoC4/Cm0Start.c ****     __iar_data_init3();
 351:.\Generated_Source\PSoC4/Cm0Start.c **** 
 352:.\Generated_Source\PSoC4/Cm0Start.c ****     initialize_psoc();
 353:.\Generated_Source\PSoC4/Cm0Start.c **** 
 354:.\Generated_Source\PSoC4/Cm0Start.c ****     return 0;
 355:.\Generated_Source\PSoC4/Cm0Start.c **** }
 356:.\Generated_Source\PSoC4/Cm0Start.c **** 
 357:.\Generated_Source\PSoC4/Cm0Start.c **** #endif /* __GNUC__ */
 358:.\Generated_Source\PSoC4/Cm0Start.c **** 
 359:.\Generated_Source\PSoC4/Cm0Start.c **** 
 360:.\Generated_Source\PSoC4/Cm0Start.c **** /*******************************************************************************
 361:.\Generated_Source\PSoC4/Cm0Start.c **** * Ram Interrupt Vector table storage area. Must be placed at 0x20000000.
 362:.\Generated_Source\PSoC4/Cm0Start.c **** *******************************************************************************/
 363:.\Generated_Source\PSoC4/Cm0Start.c **** 
 364:.\Generated_Source\PSoC4/Cm0Start.c **** #if defined (__ICCARM__)
 365:.\Generated_Source\PSoC4/Cm0Start.c ****     #pragma location=".ramvectors"
 366:.\Generated_Source\PSoC4/Cm0Start.c **** #else
 367:.\Generated_Source\PSoC4/Cm0Start.c ****     CY_SECTION(".ramvectors")
 368:.\Generated_Source\PSoC4/Cm0Start.c **** #endif  /* defined (__ICCARM__) */
 369:.\Generated_Source\PSoC4/Cm0Start.c **** cyisraddress CyRamVectors[CY_NUM_VECTORS];
 370:.\Generated_Source\PSoC4/Cm0Start.c **** 
 371:.\Generated_Source\PSoC4/Cm0Start.c **** 
 372:.\Generated_Source\PSoC4/Cm0Start.c **** /*******************************************************************************
 373:.\Generated_Source\PSoC4/Cm0Start.c **** * Rom Interrupt Vector table storage area. Must be 256-byte aligned.
 374:.\Generated_Source\PSoC4/Cm0Start.c **** *******************************************************************************/
 375:.\Generated_Source\PSoC4/Cm0Start.c **** 
 376:.\Generated_Source\PSoC4/Cm0Start.c **** #if defined(__ARMCC_VERSION)
 377:.\Generated_Source\PSoC4/Cm0Start.c ****     /* Suppress diagnostic message 1296-D: extended constant initialiser used */
 378:.\Generated_Source\PSoC4/Cm0Start.c ****     #pragma diag_suppress 1296
 379:.\Generated_Source\PSoC4/Cm0Start.c **** #endif  /* defined(__ARMCC_VERSION) */
 380:.\Generated_Source\PSoC4/Cm0Start.c **** 
 381:.\Generated_Source\PSoC4/Cm0Start.c **** #if defined (__ICCARM__)
 382:.\Generated_Source\PSoC4/Cm0Start.c ****     #pragma location=".romvectors"
 383:.\Generated_Source\PSoC4/Cm0Start.c ****     const intvec_elem __vector_table[CY_NUM_ROM_VECTORS] =
 384:.\Generated_Source\PSoC4/Cm0Start.c **** #else
 385:.\Generated_Source\PSoC4/Cm0Start.c ****     CY_SECTION(".romvectors")
 386:.\Generated_Source\PSoC4/Cm0Start.c ****     const cyisraddress RomVectors[CY_NUM_ROM_VECTORS] =
ARM GAS  C:\Users\CHUCK~1.ERH\AppData\Local\Temp\ccwf5R6A.s 			page 11


 387:.\Generated_Source\PSoC4/Cm0Start.c **** #endif  /* defined (__ICCARM__) */
 388:.\Generated_Source\PSoC4/Cm0Start.c **** {
 389:.\Generated_Source\PSoC4/Cm0Start.c ****     INITIAL_STACK_POINTER,   /* The initial stack pointer  0 */
 390:.\Generated_Source\PSoC4/Cm0Start.c ****     #if defined (__ICCARM__) /* The reset handler          1 */
 391:.\Generated_Source\PSoC4/Cm0Start.c ****         __iar_program_start,
 392:.\Generated_Source\PSoC4/Cm0Start.c ****     #else
 393:.\Generated_Source\PSoC4/Cm0Start.c ****         (cyisraddress)&Reset,
 394:.\Generated_Source\PSoC4/Cm0Start.c ****     #endif  /* defined (__ICCARM__) */
 395:.\Generated_Source\PSoC4/Cm0Start.c ****     &IntDefaultHandler,      /* The NMI handler            2 */
 396:.\Generated_Source\PSoC4/Cm0Start.c ****     &IntDefaultHandler,      /* The hard fault handler     3 */
 397:.\Generated_Source\PSoC4/Cm0Start.c **** };
 398:.\Generated_Source\PSoC4/Cm0Start.c **** 
 399:.\Generated_Source\PSoC4/Cm0Start.c **** #if defined(__ARMCC_VERSION)
 400:.\Generated_Source\PSoC4/Cm0Start.c ****     #pragma diag_default 1296
 401:.\Generated_Source\PSoC4/Cm0Start.c **** #endif  /* defined(__ARMCC_VERSION) */
 402:.\Generated_Source\PSoC4/Cm0Start.c **** 
 403:.\Generated_Source\PSoC4/Cm0Start.c **** 
 404:.\Generated_Source\PSoC4/Cm0Start.c **** /*******************************************************************************
 405:.\Generated_Source\PSoC4/Cm0Start.c **** * Function Name: initialize_psoc
 406:.\Generated_Source\PSoC4/Cm0Start.c **** ********************************************************************************
 407:.\Generated_Source\PSoC4/Cm0Start.c **** *
 408:.\Generated_Source\PSoC4/Cm0Start.c **** * Summary:
 409:.\Generated_Source\PSoC4/Cm0Start.c **** *  This function is used to initialize the PSoC chip before calling main.
 410:.\Generated_Source\PSoC4/Cm0Start.c **** *
 411:.\Generated_Source\PSoC4/Cm0Start.c **** * Parameters:
 412:.\Generated_Source\PSoC4/Cm0Start.c **** *  None
 413:.\Generated_Source\PSoC4/Cm0Start.c **** *
 414:.\Generated_Source\PSoC4/Cm0Start.c **** * Return:
 415:.\Generated_Source\PSoC4/Cm0Start.c **** *  None
 416:.\Generated_Source\PSoC4/Cm0Start.c **** *
 417:.\Generated_Source\PSoC4/Cm0Start.c **** *******************************************************************************/
 418:.\Generated_Source\PSoC4/Cm0Start.c **** #if(defined(__GNUC__) && !defined(__ARMCC_VERSION))
 419:.\Generated_Source\PSoC4/Cm0Start.c **** __attribute__ ((constructor(101)))
 420:.\Generated_Source\PSoC4/Cm0Start.c **** #endif  /* (defined(__GNUC__) && !defined(__ARMCC_VERSION)) */
 421:.\Generated_Source\PSoC4/Cm0Start.c **** void initialize_psoc(void)
 422:.\Generated_Source\PSoC4/Cm0Start.c **** {
 182              		.loc 1 422 0
 183              		.cfi_startproc
 184              	.LVL16:
 185 0000 08B5     		push	{r3, lr}
 186              	.LCFI4:
 187              		.cfi_def_cfa_offset 8
 188              		.cfi_offset 3, -8
 189              		.cfi_offset 14, -4
 423:.\Generated_Source\PSoC4/Cm0Start.c ****     uint32 indexInit;
 424:.\Generated_Source\PSoC4/Cm0Start.c **** 
 425:.\Generated_Source\PSoC4/Cm0Start.c ****     #if(!CY_PSOC4A)
 426:.\Generated_Source\PSoC4/Cm0Start.c ****         /***********************************************************************
 427:.\Generated_Source\PSoC4/Cm0Start.c ****         * Make sure that Vector Table is located at 0000_0000 in Flash, before
 428:.\Generated_Source\PSoC4/Cm0Start.c ****         * accessing RomVectors or calling functions that may be placed in
 429:.\Generated_Source\PSoC4/Cm0Start.c ****         * .psocinit (cyfitter_cfg and ClockSetup). Note The CY_CPUSS_CONFIG_REG
 430:.\Generated_Source\PSoC4/Cm0Start.c ****         * register is retention for the specified device family.
 431:.\Generated_Source\PSoC4/Cm0Start.c ****         ***********************************************************************/
 432:.\Generated_Source\PSoC4/Cm0Start.c ****         CY_CPUSS_CONFIG_REG &= (uint32) ~CY_CPUSS_CONFIG_VECT_IN_RAM;
 433:.\Generated_Source\PSoC4/Cm0Start.c ****     #endif  /* (!CY_PSOC4A) */
 434:.\Generated_Source\PSoC4/Cm0Start.c **** 
 435:.\Generated_Source\PSoC4/Cm0Start.c ****     /* Set Ram interrupt vectors to default functions. */
ARM GAS  C:\Users\CHUCK~1.ERH\AppData\Local\Temp\ccwf5R6A.s 			page 12


 436:.\Generated_Source\PSoC4/Cm0Start.c ****     for (indexInit = 0u; indexInit < CY_NUM_VECTORS; indexInit++)
 190              		.loc 1 436 0
 191 0002 0023     		mov	r3, #0
 192              	.LVL17:
 193              	.L22:
 194 0004 9A00     		lsl	r2, r3, #2
 437:.\Generated_Source\PSoC4/Cm0Start.c ****     {
 438:.\Generated_Source\PSoC4/Cm0Start.c ****         CyRamVectors[indexInit] = (indexInit < CY_NUM_ROM_VECTORS) ?
 439:.\Generated_Source\PSoC4/Cm0Start.c ****             #if defined (__ICCARM__)
 440:.\Generated_Source\PSoC4/Cm0Start.c ****                 __vector_table[indexInit].__fun : &IntDefaultHandler;
 441:.\Generated_Source\PSoC4/Cm0Start.c ****             #else
 442:.\Generated_Source\PSoC4/Cm0Start.c ****                 RomVectors[indexInit] : &IntDefaultHandler;
 195              		.loc 1 442 0
 196 0006 032B     		cmp	r3, #3
 197 0008 02D8     		bhi	.L23
 198              		.loc 1 442 0 is_stmt 0 discriminator 1
 199 000a 0A48     		ldr	r0, .L25
 200 000c 8158     		ldr	r1, [r0, r2]
 201 000e 00E0     		b	.L21
 202              	.L23:
 203              		.loc 1 442 0
 204 0010 0949     		ldr	r1, .L25+4
 205              	.L21:
 438:.\Generated_Source\PSoC4/Cm0Start.c ****         CyRamVectors[indexInit] = (indexInit < CY_NUM_ROM_VECTORS) ?
 206              		.loc 1 438 0 is_stmt 1
 207 0012 0A48     		ldr	r0, .L25+8
 436:.\Generated_Source\PSoC4/Cm0Start.c ****     for (indexInit = 0u; indexInit < CY_NUM_VECTORS; indexInit++)
 208              		.loc 1 436 0
 209 0014 0133     		add	r3, r3, #1
 210              	.LVL18:
 438:.\Generated_Source\PSoC4/Cm0Start.c ****         CyRamVectors[indexInit] = (indexInit < CY_NUM_ROM_VECTORS) ?
 211              		.loc 1 438 0
 212 0016 8150     		str	r1, [r0, r2]
 436:.\Generated_Source\PSoC4/Cm0Start.c ****     for (indexInit = 0u; indexInit < CY_NUM_VECTORS; indexInit++)
 213              		.loc 1 436 0
 214 0018 302B     		cmp	r3, #48
 215 001a F3D1     		bne	.L22
 443:.\Generated_Source\PSoC4/Cm0Start.c ****             #endif  /* defined (__ICCARM__) */
 444:.\Generated_Source\PSoC4/Cm0Start.c ****     }
 445:.\Generated_Source\PSoC4/Cm0Start.c **** 
 446:.\Generated_Source\PSoC4/Cm0Start.c ****     /* Initialize configuration registers. */
 447:.\Generated_Source\PSoC4/Cm0Start.c ****     cyfitter_cfg();
 216              		.loc 1 447 0
 217 001c FFF7FEFF 		bl	cyfitter_cfg
 218              	.LVL19:
 448:.\Generated_Source\PSoC4/Cm0Start.c **** 
 449:.\Generated_Source\PSoC4/Cm0Start.c ****     #if !defined (__ICCARM__)
 450:.\Generated_Source\PSoC4/Cm0Start.c ****         /* Actually, no need to clean this variable, just to make compiler happy. */
 451:.\Generated_Source\PSoC4/Cm0Start.c ****         cySysNoInitDataValid = 0u;
 219              		.loc 1 451 0
 220 0020 074B     		ldr	r3, .L25+12
 221 0022 0022     		mov	r2, #0
 452:.\Generated_Source\PSoC4/Cm0Start.c ****     #endif  /* !defined (__ICCARM__) */
 453:.\Generated_Source\PSoC4/Cm0Start.c **** 
 454:.\Generated_Source\PSoC4/Cm0Start.c ****     #if (CYDEV_PROJ_TYPE != CYDEV_PROJ_TYPE_STANDARD)
 455:.\Generated_Source\PSoC4/Cm0Start.c **** 
 456:.\Generated_Source\PSoC4/Cm0Start.c ****         /* Need to make sure that this variable will not be optimized out */
ARM GAS  C:\Users\CHUCK~1.ERH\AppData\Local\Temp\ccwf5R6A.s 			page 13


 457:.\Generated_Source\PSoC4/Cm0Start.c ****         if (0u == cyBtldrRunType)
 458:.\Generated_Source\PSoC4/Cm0Start.c ****         {
 459:.\Generated_Source\PSoC4/Cm0Start.c ****             cyBtldrRunType = 0u;
 460:.\Generated_Source\PSoC4/Cm0Start.c ****         }
 461:.\Generated_Source\PSoC4/Cm0Start.c **** 
 462:.\Generated_Source\PSoC4/Cm0Start.c ****     #endif  /* (CYDEV_PROJ_TYPE != CYDEV_PROJ_TYPE_STANDARD) */
 463:.\Generated_Source\PSoC4/Cm0Start.c **** 
 464:.\Generated_Source\PSoC4/Cm0Start.c ****     /* Vector Table is located at 0x2000:0000 in SRAM */
 465:.\Generated_Source\PSoC4/Cm0Start.c ****     CY_CPUSS_CONFIG_REG |= CY_CPUSS_CONFIG_VECT_IN_RAM;
 222              		.loc 1 465 0
 223 0024 8021     		mov	r1, #128
 451:.\Generated_Source\PSoC4/Cm0Start.c ****         cySysNoInitDataValid = 0u;
 224              		.loc 1 451 0
 225 0026 1A60     		str	r2, [r3]
 226              		.loc 1 465 0
 227 0028 C805     		lsl	r0, r1, #23
 228 002a 0268     		ldr	r2, [r0]
 229 002c 0123     		mov	r3, #1
 230 002e 1A43     		orr	r2, r3
 231 0030 0260     		str	r2, [r0]
 466:.\Generated_Source\PSoC4/Cm0Start.c **** }
 232              		.loc 1 466 0
 233              		@ sp needed for prologue
 234 0032 08BD     		pop	{r3, pc}
 235              	.L26:
 236              		.align	2
 237              	.L25:
 238 0034 00000000 		.word	.LANCHOR0
 239 0038 00000000 		.word	IntDefaultHandler
 240 003c 00000000 		.word	.LANCHOR1
 241 0040 00000000 		.word	.LANCHOR2
 242              		.cfi_endproc
 243              	.LFE4:
 244              		.size	initialize_psoc, .-initialize_psoc
 245              		.section	.init_array,"aw",%init_array
 246              		.align	2
 247 0000 00000000 		.word	initialize_psoc(target1)
 248              		.global	RomVectors
 249              		.global	CyRamVectors
 250              		.section	.romvectors,"a",%progbits
 251              		.align	2
 252              		.set	.LANCHOR0,. + 0
 253              		.type	RomVectors, %object
 254              		.size	RomVectors, 16
 255              	RomVectors:
 256 0000 00000000 		.word	__cy_stack
 257 0004 00000000 		.word	Reset
 258 0008 00000000 		.word	IntDefaultHandler
 259 000c 00000000 		.word	IntDefaultHandler
 260              		.section	.noinit,"aw",%progbits
 261              		.align	2
 262              		.set	.LANCHOR2,. + 0
 263              		.type	cySysNoInitDataValid, %object
 264              		.size	cySysNoInitDataValid, 4
 265              	cySysNoInitDataValid:
 266 0000 00000000 		.space	4
 267              		.section	.ramvectors,"aw",%progbits
ARM GAS  C:\Users\CHUCK~1.ERH\AppData\Local\Temp\ccwf5R6A.s 			page 14


 268              		.align	2
 269              		.set	.LANCHOR1,. + 0
 270              		.type	CyRamVectors, %object
 271              		.size	CyRamVectors, 192
 272              	CyRamVectors:
 273 0000 00000000 		.space	192
 273      00000000 
 273      00000000 
 273      00000000 
 273      00000000 
 274              		.weak	__cy_region_num
 275              		.text
 276              	.Letext0:
 277              		.file 2 ".\\Generated_Source\\PSoC4\\cytypes.h"
 278              		.file 3 "c:\\program files (x86)\\cypress\\psoc creator\\3.0\\psoc creator\\import\\gnu_cs\\arm\\4
 279              		.file 4 ".\\Generated_Source\\PSoC4\\cyfitter_cfg.h"
 280              		.section	.debug_info,"",%progbits
 281              	.Ldebug_info0:
 282 0000 0A030000 		.4byte	0x30a
 283 0004 0200     		.2byte	0x2
 284 0006 00000000 		.4byte	.Ldebug_abbrev0
 285 000a 04       		.byte	0x4
 286 000b 01       		.uleb128 0x1
 287 000c 16020000 		.4byte	.LASF38
 288 0010 01       		.byte	0x1
 289 0011 89000000 		.4byte	.LASF39
 290 0015 AD010000 		.4byte	.LASF40
 291 0019 00000000 		.4byte	.Ldebug_ranges0+0
 292 001d 00000000 		.4byte	0
 293 0021 00000000 		.4byte	0
 294 0025 00000000 		.4byte	.Ldebug_line0
 295 0029 02       		.uleb128 0x2
 296 002a 01       		.byte	0x1
 297 002b 06       		.byte	0x6
 298 002c 68020000 		.4byte	.LASF0
 299 0030 02       		.uleb128 0x2
 300 0031 01       		.byte	0x1
 301 0032 08       		.byte	0x8
 302 0033 70000000 		.4byte	.LASF1
 303 0037 02       		.uleb128 0x2
 304 0038 02       		.byte	0x2
 305 0039 05       		.byte	0x5
 306 003a 0C020000 		.4byte	.LASF2
 307 003e 02       		.uleb128 0x2
 308 003f 02       		.byte	0x2
 309 0040 07       		.byte	0x7
 310 0041 D4000000 		.4byte	.LASF3
 311 0045 02       		.uleb128 0x2
 312 0046 04       		.byte	0x4
 313 0047 05       		.byte	0x5
 314 0048 5F020000 		.4byte	.LASF4
 315 004c 02       		.uleb128 0x2
 316 004d 04       		.byte	0x4
 317 004e 07       		.byte	0x7
 318 004f AD000000 		.4byte	.LASF5
 319 0053 02       		.uleb128 0x2
 320 0054 08       		.byte	0x8
ARM GAS  C:\Users\CHUCK~1.ERH\AppData\Local\Temp\ccwf5R6A.s 			page 15


 321 0055 05       		.byte	0x5
 322 0056 9A010000 		.4byte	.LASF6
 323 005a 02       		.uleb128 0x2
 324 005b 08       		.byte	0x8
 325 005c 07       		.byte	0x7
 326 005d 4C010000 		.4byte	.LASF7
 327 0061 03       		.uleb128 0x3
 328 0062 04       		.byte	0x4
 329 0063 05       		.byte	0x5
 330 0064 696E7400 		.ascii	"int\000"
 331 0068 02       		.uleb128 0x2
 332 0069 04       		.byte	0x4
 333 006a 07       		.byte	0x7
 334 006b 32010000 		.4byte	.LASF8
 335 006f 04       		.uleb128 0x4
 336 0070 21010000 		.4byte	.LASF12
 337 0074 02       		.byte	0x2
 338 0075 5D       		.byte	0x5d
 339 0076 4C000000 		.4byte	0x4c
 340 007a 02       		.uleb128 0x2
 341 007b 04       		.byte	0x4
 342 007c 04       		.byte	0x4
 343 007d 65000000 		.4byte	.LASF9
 344 0081 02       		.uleb128 0x2
 345 0082 08       		.byte	0x8
 346 0083 04       		.byte	0x4
 347 0084 05010000 		.4byte	.LASF10
 348 0088 02       		.uleb128 0x2
 349 0089 01       		.byte	0x1
 350 008a 08       		.byte	0x8
 351 008b A8010000 		.4byte	.LASF11
 352 008f 04       		.uleb128 0x4
 353 0090 00000000 		.4byte	.LASF13
 354 0094 02       		.byte	0x2
 355 0095 F2       		.byte	0xf2
 356 0096 9A000000 		.4byte	0x9a
 357 009a 05       		.uleb128 0x5
 358 009b 6F000000 		.4byte	0x6f
 359 009f 06       		.uleb128 0x6
 360 00a0 69010000 		.4byte	.LASF14
 361 00a4 02       		.byte	0x2
 362 00a5 0201     		.2byte	0x102
 363 00a7 AB000000 		.4byte	0xab
 364 00ab 07       		.uleb128 0x7
 365 00ac 04       		.byte	0x4
 366 00ad B1000000 		.4byte	0xb1
 367 00b1 08       		.uleb128 0x8
 368 00b2 01       		.byte	0x1
 369 00b3 02       		.uleb128 0x2
 370 00b4 04       		.byte	0x4
 371 00b5 07       		.byte	0x7
 372 00b6 91010000 		.4byte	.LASF15
 373 00ba 09       		.uleb128 0x9
 374 00bb 88000000 		.4byte	0x88
 375 00bf 04       		.uleb128 0x4
 376 00c0 06000000 		.4byte	.LASF16
 377 00c4 03       		.byte	0x3
ARM GAS  C:\Users\CHUCK~1.ERH\AppData\Local\Temp\ccwf5R6A.s 			page 16


 378 00c5 D5       		.byte	0xd5
 379 00c6 68000000 		.4byte	0x68
 380 00ca 04       		.uleb128 0x4
 381 00cb 80010000 		.4byte	.LASF17
 382 00cf 01       		.byte	0x1
 383 00d0 CA       		.byte	0xca
 384 00d1 30000000 		.4byte	0x30
 385 00d5 0A       		.uleb128 0xa
 386 00d6 89020000 		.4byte	.LASF41
 387 00da 10       		.byte	0x10
 388 00db 01       		.byte	0x1
 389 00dc CC       		.byte	0xcc
 390 00dd 1A010000 		.4byte	0x11a
 391 00e1 0B       		.uleb128 0xb
 392 00e2 4A000000 		.4byte	.LASF18
 393 00e6 01       		.byte	0x1
 394 00e7 CE       		.byte	0xce
 395 00e8 1A010000 		.4byte	0x11a
 396 00ec 02       		.byte	0x2
 397 00ed 23       		.byte	0x23
 398 00ee 00       		.uleb128 0
 399 00ef 0B       		.uleb128 0xb
 400 00f0 6B000000 		.4byte	.LASF19
 401 00f4 01       		.byte	0x1
 402 00f5 CF       		.byte	0xcf
 403 00f6 1A010000 		.4byte	0x11a
 404 00fa 02       		.byte	0x2
 405 00fb 23       		.byte	0x23
 406 00fc 04       		.uleb128 0x4
 407 00fd 0B       		.uleb128 0xb
 408 00fe 76010000 		.4byte	.LASF20
 409 0102 01       		.byte	0x1
 410 0103 D0       		.byte	0xd0
 411 0104 BF000000 		.4byte	0xbf
 412 0108 02       		.byte	0x2
 413 0109 23       		.byte	0x23
 414 010a 08       		.uleb128 0x8
 415 010b 0B       		.uleb128 0xb
 416 010c 56000000 		.4byte	.LASF21
 417 0110 01       		.byte	0x1
 418 0111 D1       		.byte	0xd1
 419 0112 BF000000 		.4byte	0xbf
 420 0116 02       		.byte	0x2
 421 0117 23       		.byte	0x23
 422 0118 0C       		.uleb128 0xc
 423 0119 00       		.byte	0
 424 011a 07       		.uleb128 0x7
 425 011b 04       		.byte	0x4
 426 011c CA000000 		.4byte	0xca
 427 0120 0C       		.uleb128 0xc
 428 0121 01       		.byte	0x1
 429 0122 F3000000 		.4byte	.LASF42
 430 0126 01       		.byte	0x1
 431 0127 62       		.byte	0x62
 432 0128 01       		.byte	0x1
 433 0129 00000000 		.4byte	.LFB0
 434 012d 04000000 		.4byte	.LFE0
ARM GAS  C:\Users\CHUCK~1.ERH\AppData\Local\Temp\ccwf5R6A.s 			page 17


 435 0131 00000000 		.4byte	.LLST0
 436 0135 01       		.byte	0x1
 437 0136 0D       		.uleb128 0xd
 438 0137 01       		.byte	0x1
 439 0138 ED000000 		.4byte	.LASF22
 440 013c 01       		.byte	0x1
 441 013d D9       		.byte	0xd9
 442 013e 01       		.byte	0x1
 443 013f 00000000 		.4byte	.LFB1
 444 0143 04000000 		.4byte	.LFE1
 445 0147 20000000 		.4byte	.LLST1
 446 014b 01       		.byte	0x1
 447 014c 67010000 		.4byte	0x167
 448 0150 0E       		.uleb128 0xe
 449 0151 4F000000 		.4byte	.LASF43
 450 0155 01       		.byte	0x1
 451 0156 D9       		.byte	0xd9
 452 0157 61000000 		.4byte	0x61
 453 015b 01       		.byte	0x1
 454 015c 50       		.byte	0x50
 455 015d 0F       		.uleb128 0xf
 456 015e 7800     		.ascii	"x\000"
 457 0160 01       		.byte	0x1
 458 0161 DC       		.byte	0xdc
 459 0162 61000000 		.4byte	0x61
 460 0166 00       		.byte	0
 461 0167 0D       		.uleb128 0xd
 462 0168 01       		.byte	0x1
 463 0169 2C000000 		.4byte	.LASF23
 464 016d 01       		.byte	0x1
 465 016e F6       		.byte	0xf6
 466 016f 01       		.byte	0x1
 467 0170 00000000 		.4byte	.LFB2
 468 0174 48000000 		.4byte	.LFE2
 469 0178 40000000 		.4byte	.LLST2
 470 017c 01       		.byte	0x1
 471 017d FA010000 		.4byte	0x1fa
 472 0181 10       		.uleb128 0x10
 473 0182 81020000 		.4byte	.LASF24
 474 0186 01       		.byte	0x1
 475 0187 F8       		.byte	0xf8
 476 0188 68000000 		.4byte	0x68
 477 018c 11       		.uleb128 0x11
 478 018d 60000000 		.4byte	.LASF25
 479 0191 01       		.byte	0x1
 480 0192 F9       		.byte	0xf9
 481 0193 FA010000 		.4byte	0x1fa
 482 0197 60000000 		.4byte	.LLST3
 483 019b 12       		.uleb128 0x12
 484 019c 0C000000 		.4byte	.LBB2
 485 01a0 30000000 		.4byte	.LBE2
 486 01a4 E7010000 		.4byte	0x1e7
 487 01a8 13       		.uleb128 0x13
 488 01a9 73726300 		.ascii	"src\000"
 489 01ad 01       		.byte	0x1
 490 01ae FE       		.byte	0xfe
 491 01af 05020000 		.4byte	0x205
ARM GAS  C:\Users\CHUCK~1.ERH\AppData\Local\Temp\ccwf5R6A.s 			page 18


 492 01b3 73000000 		.4byte	.LLST4
 493 01b7 13       		.uleb128 0x13
 494 01b8 64737400 		.ascii	"dst\000"
 495 01bc 01       		.byte	0x1
 496 01bd FF       		.byte	0xff
 497 01be 05020000 		.4byte	0x205
 498 01c2 87000000 		.4byte	.LLST5
 499 01c6 14       		.uleb128 0x14
 500 01c7 63010000 		.4byte	.LASF26
 501 01cb 01       		.byte	0x1
 502 01cc 0001     		.2byte	0x100
 503 01ce 68000000 		.4byte	0x68
 504 01d2 A5000000 		.4byte	.LLST6
 505 01d6 14       		.uleb128 0x14
 506 01d7 34000000 		.4byte	.LASF27
 507 01db 01       		.byte	0x1
 508 01dc 0101     		.2byte	0x101
 509 01de 68000000 		.4byte	0x68
 510 01e2 C3000000 		.4byte	.LLST7
 511 01e6 00       		.byte	0
 512 01e7 15       		.uleb128 0x15
 513 01e8 3A000000 		.4byte	.LVL13
 514 01ec EB020000 		.4byte	0x2eb
 515 01f0 15       		.uleb128 0x15
 516 01f1 3E000000 		.4byte	.LVL14
 517 01f5 F5020000 		.4byte	0x2f5
 518 01f9 00       		.byte	0
 519 01fa 07       		.uleb128 0x7
 520 01fb 04       		.byte	0x4
 521 01fc 00020000 		.4byte	0x200
 522 0200 09       		.uleb128 0x9
 523 0201 D5000000 		.4byte	0xd5
 524 0205 07       		.uleb128 0x7
 525 0206 04       		.byte	0x4
 526 0207 6F000000 		.4byte	0x6f
 527 020b 16       		.uleb128 0x16
 528 020c 01       		.byte	0x1
 529 020d E7000000 		.4byte	.LASF28
 530 0211 01       		.byte	0x1
 531 0212 2801     		.2byte	0x128
 532 0214 01       		.byte	0x1
 533 0215 00000000 		.4byte	.LFB3
 534 0219 06000000 		.4byte	.LFE3
 535 021d E3000000 		.4byte	.LLST8
 536 0221 01       		.byte	0x1
 537 0222 30020000 		.4byte	0x230
 538 0226 15       		.uleb128 0x15
 539 0227 06000000 		.4byte	.LVL15
 540 022b 67010000 		.4byte	0x167
 541 022f 00       		.byte	0
 542 0230 16       		.uleb128 0x16
 543 0231 01       		.byte	0x1
 544 0232 11010000 		.4byte	.LASF29
 545 0236 01       		.byte	0x1
 546 0237 A501     		.2byte	0x1a5
 547 0239 01       		.byte	0x1
 548 023a 00000000 		.4byte	.LFB4
ARM GAS  C:\Users\CHUCK~1.ERH\AppData\Local\Temp\ccwf5R6A.s 			page 19


 549 023e 44000000 		.4byte	.LFE4
 550 0242 03010000 		.4byte	.LLST9
 551 0246 01       		.byte	0x1
 552 0247 65020000 		.4byte	0x265
 553 024b 14       		.uleb128 0x14
 554 024c 28010000 		.4byte	.LASF30
 555 0250 01       		.byte	0x1
 556 0251 A701     		.2byte	0x1a7
 557 0253 6F000000 		.4byte	0x6f
 558 0257 23010000 		.4byte	.LLST10
 559 025b 15       		.uleb128 0x15
 560 025c 20000000 		.4byte	.LVL19
 561 0260 03030000 		.4byte	0x303
 562 0264 00       		.byte	0
 563 0265 17       		.uleb128 0x17
 564 0266 BF000000 		.4byte	.LASF31
 565 026a 01       		.byte	0x1
 566 026b 39       		.byte	0x39
 567 026c 6F000000 		.4byte	0x6f
 568 0270 05       		.byte	0x5
 569 0271 03       		.byte	0x3
 570 0272 00000000 		.4byte	cySysNoInitDataValid
 571 0276 18       		.uleb128 0x18
 572 0277 D5000000 		.4byte	0xd5
 573 027b 81020000 		.4byte	0x281
 574 027f 19       		.uleb128 0x19
 575 0280 00       		.byte	0
 576 0281 1A       		.uleb128 0x1a
 577 0282 74020000 		.4byte	.LASF32
 578 0286 01       		.byte	0x1
 579 0287 D4       		.byte	0xd4
 580 0288 8E020000 		.4byte	0x28e
 581 028c 01       		.byte	0x1
 582 028d 01       		.byte	0x1
 583 028e 09       		.uleb128 0x9
 584 028f 76020000 		.4byte	0x276
 585 0293 1A       		.uleb128 0x1a
 586 0294 3A000000 		.4byte	.LASF33
 587 0298 01       		.byte	0x1
 588 0299 D5       		.byte	0xd5
 589 029a BA000000 		.4byte	0xba
 590 029e 01       		.byte	0x1
 591 029f 01       		.byte	0x1
 592 02a0 18       		.uleb128 0x18
 593 02a1 9F000000 		.4byte	0x9f
 594 02a5 B0020000 		.4byte	0x2b0
 595 02a9 1B       		.uleb128 0x1b
 596 02aa B3000000 		.4byte	0xb3
 597 02ae 2F       		.byte	0x2f
 598 02af 00       		.byte	0
 599 02b0 1C       		.uleb128 0x1c
 600 02b1 1F000000 		.4byte	.LASF34
 601 02b5 01       		.byte	0x1
 602 02b6 7101     		.2byte	0x171
 603 02b8 A0020000 		.4byte	0x2a0
 604 02bc 01       		.byte	0x1
 605 02bd 05       		.byte	0x5
ARM GAS  C:\Users\CHUCK~1.ERH\AppData\Local\Temp\ccwf5R6A.s 			page 20


 606 02be 03       		.byte	0x3
 607 02bf 00000000 		.4byte	CyRamVectors
 608 02c3 18       		.uleb128 0x18
 609 02c4 9F000000 		.4byte	0x9f
 610 02c8 D3020000 		.4byte	0x2d3
 611 02cc 1B       		.uleb128 0x1b
 612 02cd B3000000 		.4byte	0xb3
 613 02d1 03       		.byte	0x3
 614 02d2 00       		.byte	0
 615 02d3 1C       		.uleb128 0x1c
 616 02d4 7E000000 		.4byte	.LASF35
 617 02d8 01       		.byte	0x1
 618 02d9 8201     		.2byte	0x182
 619 02db E6020000 		.4byte	0x2e6
 620 02df 01       		.byte	0x1
 621 02e0 05       		.byte	0x5
 622 02e1 03       		.byte	0x3
 623 02e2 00000000 		.4byte	RomVectors
 624 02e6 09       		.uleb128 0x9
 625 02e7 C3020000 		.4byte	0x2c3
 626 02eb 1D       		.uleb128 0x1d
 627 02ec 01       		.byte	0x1
 628 02ed 0D000000 		.4byte	.LASF36
 629 02f1 01       		.byte	0x1
 630 02f2 C8       		.byte	0xc8
 631 02f3 01       		.byte	0x1
 632 02f4 01       		.byte	0x1
 633 02f5 1E       		.uleb128 0x1e
 634 02f6 01       		.byte	0x1
 635 02f7 0C010000 		.4byte	.LASF44
 636 02fb 01       		.byte	0x1
 637 02fc C5       		.byte	0xc5
 638 02fd 01       		.byte	0x1
 639 02fe 61000000 		.4byte	0x61
 640 0302 01       		.byte	0x1
 641 0303 1D       		.uleb128 0x1d
 642 0304 01       		.byte	0x1
 643 0305 3F010000 		.4byte	.LASF37
 644 0309 04       		.byte	0x4
 645 030a 14       		.byte	0x14
 646 030b 01       		.byte	0x1
 647 030c 01       		.byte	0x1
 648 030d 00       		.byte	0
 649              		.section	.debug_abbrev,"",%progbits
 650              	.Ldebug_abbrev0:
 651 0000 01       		.uleb128 0x1
 652 0001 11       		.uleb128 0x11
 653 0002 01       		.byte	0x1
 654 0003 25       		.uleb128 0x25
 655 0004 0E       		.uleb128 0xe
 656 0005 13       		.uleb128 0x13
 657 0006 0B       		.uleb128 0xb
 658 0007 03       		.uleb128 0x3
 659 0008 0E       		.uleb128 0xe
 660 0009 1B       		.uleb128 0x1b
 661 000a 0E       		.uleb128 0xe
 662 000b 55       		.uleb128 0x55
ARM GAS  C:\Users\CHUCK~1.ERH\AppData\Local\Temp\ccwf5R6A.s 			page 21


 663 000c 06       		.uleb128 0x6
 664 000d 11       		.uleb128 0x11
 665 000e 01       		.uleb128 0x1
 666 000f 52       		.uleb128 0x52
 667 0010 01       		.uleb128 0x1
 668 0011 10       		.uleb128 0x10
 669 0012 06       		.uleb128 0x6
 670 0013 00       		.byte	0
 671 0014 00       		.byte	0
 672 0015 02       		.uleb128 0x2
 673 0016 24       		.uleb128 0x24
 674 0017 00       		.byte	0
 675 0018 0B       		.uleb128 0xb
 676 0019 0B       		.uleb128 0xb
 677 001a 3E       		.uleb128 0x3e
 678 001b 0B       		.uleb128 0xb
 679 001c 03       		.uleb128 0x3
 680 001d 0E       		.uleb128 0xe
 681 001e 00       		.byte	0
 682 001f 00       		.byte	0
 683 0020 03       		.uleb128 0x3
 684 0021 24       		.uleb128 0x24
 685 0022 00       		.byte	0
 686 0023 0B       		.uleb128 0xb
 687 0024 0B       		.uleb128 0xb
 688 0025 3E       		.uleb128 0x3e
 689 0026 0B       		.uleb128 0xb
 690 0027 03       		.uleb128 0x3
 691 0028 08       		.uleb128 0x8
 692 0029 00       		.byte	0
 693 002a 00       		.byte	0
 694 002b 04       		.uleb128 0x4
 695 002c 16       		.uleb128 0x16
 696 002d 00       		.byte	0
 697 002e 03       		.uleb128 0x3
 698 002f 0E       		.uleb128 0xe
 699 0030 3A       		.uleb128 0x3a
 700 0031 0B       		.uleb128 0xb
 701 0032 3B       		.uleb128 0x3b
 702 0033 0B       		.uleb128 0xb
 703 0034 49       		.uleb128 0x49
 704 0035 13       		.uleb128 0x13
 705 0036 00       		.byte	0
 706 0037 00       		.byte	0
 707 0038 05       		.uleb128 0x5
 708 0039 35       		.uleb128 0x35
 709 003a 00       		.byte	0
 710 003b 49       		.uleb128 0x49
 711 003c 13       		.uleb128 0x13
 712 003d 00       		.byte	0
 713 003e 00       		.byte	0
 714 003f 06       		.uleb128 0x6
 715 0040 16       		.uleb128 0x16
 716 0041 00       		.byte	0
 717 0042 03       		.uleb128 0x3
 718 0043 0E       		.uleb128 0xe
 719 0044 3A       		.uleb128 0x3a
ARM GAS  C:\Users\CHUCK~1.ERH\AppData\Local\Temp\ccwf5R6A.s 			page 22


 720 0045 0B       		.uleb128 0xb
 721 0046 3B       		.uleb128 0x3b
 722 0047 05       		.uleb128 0x5
 723 0048 49       		.uleb128 0x49
 724 0049 13       		.uleb128 0x13
 725 004a 00       		.byte	0
 726 004b 00       		.byte	0
 727 004c 07       		.uleb128 0x7
 728 004d 0F       		.uleb128 0xf
 729 004e 00       		.byte	0
 730 004f 0B       		.uleb128 0xb
 731 0050 0B       		.uleb128 0xb
 732 0051 49       		.uleb128 0x49
 733 0052 13       		.uleb128 0x13
 734 0053 00       		.byte	0
 735 0054 00       		.byte	0
 736 0055 08       		.uleb128 0x8
 737 0056 15       		.uleb128 0x15
 738 0057 00       		.byte	0
 739 0058 27       		.uleb128 0x27
 740 0059 0C       		.uleb128 0xc
 741 005a 00       		.byte	0
 742 005b 00       		.byte	0
 743 005c 09       		.uleb128 0x9
 744 005d 26       		.uleb128 0x26
 745 005e 00       		.byte	0
 746 005f 49       		.uleb128 0x49
 747 0060 13       		.uleb128 0x13
 748 0061 00       		.byte	0
 749 0062 00       		.byte	0
 750 0063 0A       		.uleb128 0xa
 751 0064 13       		.uleb128 0x13
 752 0065 01       		.byte	0x1
 753 0066 03       		.uleb128 0x3
 754 0067 0E       		.uleb128 0xe
 755 0068 0B       		.uleb128 0xb
 756 0069 0B       		.uleb128 0xb
 757 006a 3A       		.uleb128 0x3a
 758 006b 0B       		.uleb128 0xb
 759 006c 3B       		.uleb128 0x3b
 760 006d 0B       		.uleb128 0xb
 761 006e 01       		.uleb128 0x1
 762 006f 13       		.uleb128 0x13
 763 0070 00       		.byte	0
 764 0071 00       		.byte	0
 765 0072 0B       		.uleb128 0xb
 766 0073 0D       		.uleb128 0xd
 767 0074 00       		.byte	0
 768 0075 03       		.uleb128 0x3
 769 0076 0E       		.uleb128 0xe
 770 0077 3A       		.uleb128 0x3a
 771 0078 0B       		.uleb128 0xb
 772 0079 3B       		.uleb128 0x3b
 773 007a 0B       		.uleb128 0xb
 774 007b 49       		.uleb128 0x49
 775 007c 13       		.uleb128 0x13
 776 007d 38       		.uleb128 0x38
ARM GAS  C:\Users\CHUCK~1.ERH\AppData\Local\Temp\ccwf5R6A.s 			page 23


 777 007e 0A       		.uleb128 0xa
 778 007f 00       		.byte	0
 779 0080 00       		.byte	0
 780 0081 0C       		.uleb128 0xc
 781 0082 2E       		.uleb128 0x2e
 782 0083 00       		.byte	0
 783 0084 3F       		.uleb128 0x3f
 784 0085 0C       		.uleb128 0xc
 785 0086 03       		.uleb128 0x3
 786 0087 0E       		.uleb128 0xe
 787 0088 3A       		.uleb128 0x3a
 788 0089 0B       		.uleb128 0xb
 789 008a 3B       		.uleb128 0x3b
 790 008b 0B       		.uleb128 0xb
 791 008c 27       		.uleb128 0x27
 792 008d 0C       		.uleb128 0xc
 793 008e 11       		.uleb128 0x11
 794 008f 01       		.uleb128 0x1
 795 0090 12       		.uleb128 0x12
 796 0091 01       		.uleb128 0x1
 797 0092 40       		.uleb128 0x40
 798 0093 06       		.uleb128 0x6
 799 0094 9742     		.uleb128 0x2117
 800 0096 0C       		.uleb128 0xc
 801 0097 00       		.byte	0
 802 0098 00       		.byte	0
 803 0099 0D       		.uleb128 0xd
 804 009a 2E       		.uleb128 0x2e
 805 009b 01       		.byte	0x1
 806 009c 3F       		.uleb128 0x3f
 807 009d 0C       		.uleb128 0xc
 808 009e 03       		.uleb128 0x3
 809 009f 0E       		.uleb128 0xe
 810 00a0 3A       		.uleb128 0x3a
 811 00a1 0B       		.uleb128 0xb
 812 00a2 3B       		.uleb128 0x3b
 813 00a3 0B       		.uleb128 0xb
 814 00a4 27       		.uleb128 0x27
 815 00a5 0C       		.uleb128 0xc
 816 00a6 11       		.uleb128 0x11
 817 00a7 01       		.uleb128 0x1
 818 00a8 12       		.uleb128 0x12
 819 00a9 01       		.uleb128 0x1
 820 00aa 40       		.uleb128 0x40
 821 00ab 06       		.uleb128 0x6
 822 00ac 9742     		.uleb128 0x2117
 823 00ae 0C       		.uleb128 0xc
 824 00af 01       		.uleb128 0x1
 825 00b0 13       		.uleb128 0x13
 826 00b1 00       		.byte	0
 827 00b2 00       		.byte	0
 828 00b3 0E       		.uleb128 0xe
 829 00b4 05       		.uleb128 0x5
 830 00b5 00       		.byte	0
 831 00b6 03       		.uleb128 0x3
 832 00b7 0E       		.uleb128 0xe
 833 00b8 3A       		.uleb128 0x3a
ARM GAS  C:\Users\CHUCK~1.ERH\AppData\Local\Temp\ccwf5R6A.s 			page 24


 834 00b9 0B       		.uleb128 0xb
 835 00ba 3B       		.uleb128 0x3b
 836 00bb 0B       		.uleb128 0xb
 837 00bc 49       		.uleb128 0x49
 838 00bd 13       		.uleb128 0x13
 839 00be 02       		.uleb128 0x2
 840 00bf 0A       		.uleb128 0xa
 841 00c0 00       		.byte	0
 842 00c1 00       		.byte	0
 843 00c2 0F       		.uleb128 0xf
 844 00c3 34       		.uleb128 0x34
 845 00c4 00       		.byte	0
 846 00c5 03       		.uleb128 0x3
 847 00c6 08       		.uleb128 0x8
 848 00c7 3A       		.uleb128 0x3a
 849 00c8 0B       		.uleb128 0xb
 850 00c9 3B       		.uleb128 0x3b
 851 00ca 0B       		.uleb128 0xb
 852 00cb 49       		.uleb128 0x49
 853 00cc 13       		.uleb128 0x13
 854 00cd 00       		.byte	0
 855 00ce 00       		.byte	0
 856 00cf 10       		.uleb128 0x10
 857 00d0 34       		.uleb128 0x34
 858 00d1 00       		.byte	0
 859 00d2 03       		.uleb128 0x3
 860 00d3 0E       		.uleb128 0xe
 861 00d4 3A       		.uleb128 0x3a
 862 00d5 0B       		.uleb128 0xb
 863 00d6 3B       		.uleb128 0x3b
 864 00d7 0B       		.uleb128 0xb
 865 00d8 49       		.uleb128 0x49
 866 00d9 13       		.uleb128 0x13
 867 00da 00       		.byte	0
 868 00db 00       		.byte	0
 869 00dc 11       		.uleb128 0x11
 870 00dd 34       		.uleb128 0x34
 871 00de 00       		.byte	0
 872 00df 03       		.uleb128 0x3
 873 00e0 0E       		.uleb128 0xe
 874 00e1 3A       		.uleb128 0x3a
 875 00e2 0B       		.uleb128 0xb
 876 00e3 3B       		.uleb128 0x3b
 877 00e4 0B       		.uleb128 0xb
 878 00e5 49       		.uleb128 0x49
 879 00e6 13       		.uleb128 0x13
 880 00e7 02       		.uleb128 0x2
 881 00e8 06       		.uleb128 0x6
 882 00e9 00       		.byte	0
 883 00ea 00       		.byte	0
 884 00eb 12       		.uleb128 0x12
 885 00ec 0B       		.uleb128 0xb
 886 00ed 01       		.byte	0x1
 887 00ee 11       		.uleb128 0x11
 888 00ef 01       		.uleb128 0x1
 889 00f0 12       		.uleb128 0x12
 890 00f1 01       		.uleb128 0x1
ARM GAS  C:\Users\CHUCK~1.ERH\AppData\Local\Temp\ccwf5R6A.s 			page 25


 891 00f2 01       		.uleb128 0x1
 892 00f3 13       		.uleb128 0x13
 893 00f4 00       		.byte	0
 894 00f5 00       		.byte	0
 895 00f6 13       		.uleb128 0x13
 896 00f7 34       		.uleb128 0x34
 897 00f8 00       		.byte	0
 898 00f9 03       		.uleb128 0x3
 899 00fa 08       		.uleb128 0x8
 900 00fb 3A       		.uleb128 0x3a
 901 00fc 0B       		.uleb128 0xb
 902 00fd 3B       		.uleb128 0x3b
 903 00fe 0B       		.uleb128 0xb
 904 00ff 49       		.uleb128 0x49
 905 0100 13       		.uleb128 0x13
 906 0101 02       		.uleb128 0x2
 907 0102 06       		.uleb128 0x6
 908 0103 00       		.byte	0
 909 0104 00       		.byte	0
 910 0105 14       		.uleb128 0x14
 911 0106 34       		.uleb128 0x34
 912 0107 00       		.byte	0
 913 0108 03       		.uleb128 0x3
 914 0109 0E       		.uleb128 0xe
 915 010a 3A       		.uleb128 0x3a
 916 010b 0B       		.uleb128 0xb
 917 010c 3B       		.uleb128 0x3b
 918 010d 05       		.uleb128 0x5
 919 010e 49       		.uleb128 0x49
 920 010f 13       		.uleb128 0x13
 921 0110 02       		.uleb128 0x2
 922 0111 06       		.uleb128 0x6
 923 0112 00       		.byte	0
 924 0113 00       		.byte	0
 925 0114 15       		.uleb128 0x15
 926 0115 898201   		.uleb128 0x4109
 927 0118 00       		.byte	0
 928 0119 11       		.uleb128 0x11
 929 011a 01       		.uleb128 0x1
 930 011b 31       		.uleb128 0x31
 931 011c 13       		.uleb128 0x13
 932 011d 00       		.byte	0
 933 011e 00       		.byte	0
 934 011f 16       		.uleb128 0x16
 935 0120 2E       		.uleb128 0x2e
 936 0121 01       		.byte	0x1
 937 0122 3F       		.uleb128 0x3f
 938 0123 0C       		.uleb128 0xc
 939 0124 03       		.uleb128 0x3
 940 0125 0E       		.uleb128 0xe
 941 0126 3A       		.uleb128 0x3a
 942 0127 0B       		.uleb128 0xb
 943 0128 3B       		.uleb128 0x3b
 944 0129 05       		.uleb128 0x5
 945 012a 27       		.uleb128 0x27
 946 012b 0C       		.uleb128 0xc
 947 012c 11       		.uleb128 0x11
ARM GAS  C:\Users\CHUCK~1.ERH\AppData\Local\Temp\ccwf5R6A.s 			page 26


 948 012d 01       		.uleb128 0x1
 949 012e 12       		.uleb128 0x12
 950 012f 01       		.uleb128 0x1
 951 0130 40       		.uleb128 0x40
 952 0131 06       		.uleb128 0x6
 953 0132 9742     		.uleb128 0x2117
 954 0134 0C       		.uleb128 0xc
 955 0135 01       		.uleb128 0x1
 956 0136 13       		.uleb128 0x13
 957 0137 00       		.byte	0
 958 0138 00       		.byte	0
 959 0139 17       		.uleb128 0x17
 960 013a 34       		.uleb128 0x34
 961 013b 00       		.byte	0
 962 013c 03       		.uleb128 0x3
 963 013d 0E       		.uleb128 0xe
 964 013e 3A       		.uleb128 0x3a
 965 013f 0B       		.uleb128 0xb
 966 0140 3B       		.uleb128 0x3b
 967 0141 0B       		.uleb128 0xb
 968 0142 49       		.uleb128 0x49
 969 0143 13       		.uleb128 0x13
 970 0144 02       		.uleb128 0x2
 971 0145 0A       		.uleb128 0xa
 972 0146 00       		.byte	0
 973 0147 00       		.byte	0
 974 0148 18       		.uleb128 0x18
 975 0149 01       		.uleb128 0x1
 976 014a 01       		.byte	0x1
 977 014b 49       		.uleb128 0x49
 978 014c 13       		.uleb128 0x13
 979 014d 01       		.uleb128 0x1
 980 014e 13       		.uleb128 0x13
 981 014f 00       		.byte	0
 982 0150 00       		.byte	0
 983 0151 19       		.uleb128 0x19
 984 0152 21       		.uleb128 0x21
 985 0153 00       		.byte	0
 986 0154 00       		.byte	0
 987 0155 00       		.byte	0
 988 0156 1A       		.uleb128 0x1a
 989 0157 34       		.uleb128 0x34
 990 0158 00       		.byte	0
 991 0159 03       		.uleb128 0x3
 992 015a 0E       		.uleb128 0xe
 993 015b 3A       		.uleb128 0x3a
 994 015c 0B       		.uleb128 0xb
 995 015d 3B       		.uleb128 0x3b
 996 015e 0B       		.uleb128 0xb
 997 015f 49       		.uleb128 0x49
 998 0160 13       		.uleb128 0x13
 999 0161 3F       		.uleb128 0x3f
 1000 0162 0C       		.uleb128 0xc
 1001 0163 3C       		.uleb128 0x3c
 1002 0164 0C       		.uleb128 0xc
 1003 0165 00       		.byte	0
 1004 0166 00       		.byte	0
ARM GAS  C:\Users\CHUCK~1.ERH\AppData\Local\Temp\ccwf5R6A.s 			page 27


 1005 0167 1B       		.uleb128 0x1b
 1006 0168 21       		.uleb128 0x21
 1007 0169 00       		.byte	0
 1008 016a 49       		.uleb128 0x49
 1009 016b 13       		.uleb128 0x13
 1010 016c 2F       		.uleb128 0x2f
 1011 016d 0B       		.uleb128 0xb
 1012 016e 00       		.byte	0
 1013 016f 00       		.byte	0
 1014 0170 1C       		.uleb128 0x1c
 1015 0171 34       		.uleb128 0x34
 1016 0172 00       		.byte	0
 1017 0173 03       		.uleb128 0x3
 1018 0174 0E       		.uleb128 0xe
 1019 0175 3A       		.uleb128 0x3a
 1020 0176 0B       		.uleb128 0xb
 1021 0177 3B       		.uleb128 0x3b
 1022 0178 05       		.uleb128 0x5
 1023 0179 49       		.uleb128 0x49
 1024 017a 13       		.uleb128 0x13
 1025 017b 3F       		.uleb128 0x3f
 1026 017c 0C       		.uleb128 0xc
 1027 017d 02       		.uleb128 0x2
 1028 017e 0A       		.uleb128 0xa
 1029 017f 00       		.byte	0
 1030 0180 00       		.byte	0
 1031 0181 1D       		.uleb128 0x1d
 1032 0182 2E       		.uleb128 0x2e
 1033 0183 00       		.byte	0
 1034 0184 3F       		.uleb128 0x3f
 1035 0185 0C       		.uleb128 0xc
 1036 0186 03       		.uleb128 0x3
 1037 0187 0E       		.uleb128 0xe
 1038 0188 3A       		.uleb128 0x3a
 1039 0189 0B       		.uleb128 0xb
 1040 018a 3B       		.uleb128 0x3b
 1041 018b 0B       		.uleb128 0xb
 1042 018c 27       		.uleb128 0x27
 1043 018d 0C       		.uleb128 0xc
 1044 018e 3C       		.uleb128 0x3c
 1045 018f 0C       		.uleb128 0xc
 1046 0190 00       		.byte	0
 1047 0191 00       		.byte	0
 1048 0192 1E       		.uleb128 0x1e
 1049 0193 2E       		.uleb128 0x2e
 1050 0194 00       		.byte	0
 1051 0195 3F       		.uleb128 0x3f
 1052 0196 0C       		.uleb128 0xc
 1053 0197 03       		.uleb128 0x3
 1054 0198 0E       		.uleb128 0xe
 1055 0199 3A       		.uleb128 0x3a
 1056 019a 0B       		.uleb128 0xb
 1057 019b 3B       		.uleb128 0x3b
 1058 019c 0B       		.uleb128 0xb
 1059 019d 27       		.uleb128 0x27
 1060 019e 0C       		.uleb128 0xc
 1061 019f 49       		.uleb128 0x49
ARM GAS  C:\Users\CHUCK~1.ERH\AppData\Local\Temp\ccwf5R6A.s 			page 28


 1062 01a0 13       		.uleb128 0x13
 1063 01a1 3C       		.uleb128 0x3c
 1064 01a2 0C       		.uleb128 0xc
 1065 01a3 00       		.byte	0
 1066 01a4 00       		.byte	0
 1067 01a5 00       		.byte	0
 1068              		.section	.debug_loc,"",%progbits
 1069              	.Ldebug_loc0:
 1070              	.LLST0:
 1071 0000 00000000 		.4byte	.LFB0
 1072 0004 02000000 		.4byte	.LCFI0
 1073 0008 0200     		.2byte	0x2
 1074 000a 7D       		.byte	0x7d
 1075 000b 00       		.sleb128 0
 1076 000c 02000000 		.4byte	.LCFI0
 1077 0010 04000000 		.4byte	.LFE0
 1078 0014 0200     		.2byte	0x2
 1079 0016 7D       		.byte	0x7d
 1080 0017 04       		.sleb128 4
 1081 0018 00000000 		.4byte	0
 1082 001c 00000000 		.4byte	0
 1083              	.LLST1:
 1084 0020 00000000 		.4byte	.LFB1
 1085 0024 02000000 		.4byte	.LCFI1
 1086 0028 0200     		.2byte	0x2
 1087 002a 7D       		.byte	0x7d
 1088 002b 00       		.sleb128 0
 1089 002c 02000000 		.4byte	.LCFI1
 1090 0030 04000000 		.4byte	.LFE1
 1091 0034 0200     		.2byte	0x2
 1092 0036 7D       		.byte	0x7d
 1093 0037 04       		.sleb128 4
 1094 0038 00000000 		.4byte	0
 1095 003c 00000000 		.4byte	0
 1096              	.LLST2:
 1097 0040 00000000 		.4byte	.LFB2
 1098 0044 02000000 		.4byte	.LCFI2
 1099 0048 0200     		.2byte	0x2
 1100 004a 7D       		.byte	0x7d
 1101 004b 00       		.sleb128 0
 1102 004c 02000000 		.4byte	.LCFI2
 1103 0050 48000000 		.4byte	.LFE2
 1104 0054 0200     		.2byte	0x2
 1105 0056 7D       		.byte	0x7d
 1106 0057 10       		.sleb128 16
 1107 0058 00000000 		.4byte	0
 1108 005c 00000000 		.4byte	0
 1109              	.LLST3:
 1110 0060 08000000 		.4byte	.LVL2
 1111 0064 39000000 		.4byte	.LVL13-1
 1112 0068 0100     		.2byte	0x1
 1113 006a 52       		.byte	0x52
 1114 006b 00000000 		.4byte	0
 1115 006f 00000000 		.4byte	0
 1116              	.LLST4:
 1117 0073 0C000000 		.4byte	.LVL3
 1118 0077 14000000 		.4byte	.LVL6
ARM GAS  C:\Users\CHUCK~1.ERH\AppData\Local\Temp\ccwf5R6A.s 			page 29


 1119 007b 0200     		.2byte	0x2
 1120 007d 72       		.byte	0x72
 1121 007e 00       		.sleb128 0
 1122 007f 00000000 		.4byte	0
 1123 0083 00000000 		.4byte	0
 1124              	.LLST5:
 1125 0087 0E000000 		.4byte	.LVL4
 1126 008b 14000000 		.4byte	.LVL6
 1127 008f 0100     		.2byte	0x1
 1128 0091 50       		.byte	0x50
 1129 0092 14000000 		.4byte	.LVL6
 1130 0096 36000000 		.4byte	.LVL12
 1131 009a 0100     		.2byte	0x1
 1132 009c 53       		.byte	0x53
 1133 009d 00000000 		.4byte	0
 1134 00a1 00000000 		.4byte	0
 1135              	.LLST6:
 1136 00a5 10000000 		.4byte	.LVL5
 1137 00a9 22000000 		.4byte	.LVL8
 1138 00ad 0100     		.2byte	0x1
 1139 00af 55       		.byte	0x55
 1140 00b0 22000000 		.4byte	.LVL8
 1141 00b4 36000000 		.4byte	.LVL12
 1142 00b8 0100     		.2byte	0x1
 1143 00ba 50       		.byte	0x50
 1144 00bb 00000000 		.4byte	0
 1145 00bf 00000000 		.4byte	0
 1146              	.LLST7:
 1147 00c3 10000000 		.4byte	.LVL5
 1148 00c7 14000000 		.4byte	.LVL6
 1149 00cb 0200     		.2byte	0x2
 1150 00cd 30       		.byte	0x30
 1151 00ce 9F       		.byte	0x9f
 1152 00cf 22000000 		.4byte	.LVL8
 1153 00d3 24000000 		.4byte	.LVL9
 1154 00d7 0200     		.2byte	0x2
 1155 00d9 30       		.byte	0x30
 1156 00da 9F       		.byte	0x9f
 1157 00db 00000000 		.4byte	0
 1158 00df 00000000 		.4byte	0
 1159              	.LLST8:
 1160 00e3 00000000 		.4byte	.LFB3
 1161 00e7 02000000 		.4byte	.LCFI3
 1162 00eb 0200     		.2byte	0x2
 1163 00ed 7D       		.byte	0x7d
 1164 00ee 00       		.sleb128 0
 1165 00ef 02000000 		.4byte	.LCFI3
 1166 00f3 06000000 		.4byte	.LFE3
 1167 00f7 0200     		.2byte	0x2
 1168 00f9 7D       		.byte	0x7d
 1169 00fa 08       		.sleb128 8
 1170 00fb 00000000 		.4byte	0
 1171 00ff 00000000 		.4byte	0
 1172              	.LLST9:
 1173 0103 00000000 		.4byte	.LFB4
 1174 0107 02000000 		.4byte	.LCFI4
 1175 010b 0200     		.2byte	0x2
ARM GAS  C:\Users\CHUCK~1.ERH\AppData\Local\Temp\ccwf5R6A.s 			page 30


 1176 010d 7D       		.byte	0x7d
 1177 010e 00       		.sleb128 0
 1178 010f 02000000 		.4byte	.LCFI4
 1179 0113 44000000 		.4byte	.LFE4
 1180 0117 0200     		.2byte	0x2
 1181 0119 7D       		.byte	0x7d
 1182 011a 08       		.sleb128 8
 1183 011b 00000000 		.4byte	0
 1184 011f 00000000 		.4byte	0
 1185              	.LLST10:
 1186 0123 00000000 		.4byte	.LVL16
 1187 0127 04000000 		.4byte	.LVL17
 1188 012b 0200     		.2byte	0x2
 1189 012d 30       		.byte	0x30
 1190 012e 9F       		.byte	0x9f
 1191 012f 16000000 		.4byte	.LVL18
 1192 0133 1F000000 		.4byte	.LVL19-1
 1193 0137 0100     		.2byte	0x1
 1194 0139 53       		.byte	0x53
 1195 013a 00000000 		.4byte	0
 1196 013e 00000000 		.4byte	0
 1197              		.section	.debug_aranges,"",%progbits
 1198 0000 3C000000 		.4byte	0x3c
 1199 0004 0200     		.2byte	0x2
 1200 0006 00000000 		.4byte	.Ldebug_info0
 1201 000a 04       		.byte	0x4
 1202 000b 00       		.byte	0
 1203 000c 0000     		.2byte	0
 1204 000e 0000     		.2byte	0
 1205 0010 00000000 		.4byte	.LFB0
 1206 0014 04000000 		.4byte	.LFE0-.LFB0
 1207 0018 00000000 		.4byte	.LFB1
 1208 001c 04000000 		.4byte	.LFE1-.LFB1
 1209 0020 00000000 		.4byte	.LFB2
 1210 0024 48000000 		.4byte	.LFE2-.LFB2
 1211 0028 00000000 		.4byte	.LFB3
 1212 002c 06000000 		.4byte	.LFE3-.LFB3
 1213 0030 00000000 		.4byte	.LFB4
 1214 0034 44000000 		.4byte	.LFE4-.LFB4
 1215 0038 00000000 		.4byte	0
 1216 003c 00000000 		.4byte	0
 1217              		.section	.debug_ranges,"",%progbits
 1218              	.Ldebug_ranges0:
 1219 0000 00000000 		.4byte	.LFB0
 1220 0004 04000000 		.4byte	.LFE0
 1221 0008 00000000 		.4byte	.LFB1
 1222 000c 04000000 		.4byte	.LFE1
 1223 0010 00000000 		.4byte	.LFB2
 1224 0014 48000000 		.4byte	.LFE2
 1225 0018 00000000 		.4byte	.LFB3
 1226 001c 06000000 		.4byte	.LFE3
 1227 0020 00000000 		.4byte	.LFB4
 1228 0024 44000000 		.4byte	.LFE4
 1229 0028 00000000 		.4byte	0
 1230 002c 00000000 		.4byte	0
 1231              		.section	.debug_line,"",%progbits
 1232              	.Ldebug_line0:
ARM GAS  C:\Users\CHUCK~1.ERH\AppData\Local\Temp\ccwf5R6A.s 			page 31


 1233 0000 86010000 		.section	.debug_str,"MS",%progbits,1
 1233      0200E500 
 1233      00000201 
 1233      FB0E0D00 
 1233      01010101 
 1234              	.LASF13:
 1235 0000 72656733 		.ascii	"reg32\000"
 1235      3200
 1236              	.LASF16:
 1237 0006 73697A65 		.ascii	"size_t\000"
 1237      5F7400
 1238              	.LASF36:
 1239 000d 5F5F6C69 		.ascii	"__libc_init_array\000"
 1239      62635F69 
 1239      6E69745F 
 1239      61727261 
 1239      7900
 1240              	.LASF34:
 1241 001f 43795261 		.ascii	"CyRamVectors\000"
 1241      6D566563 
 1241      746F7273 
 1241      00
 1242              	.LASF23:
 1243 002c 53746172 		.ascii	"Start_c\000"
 1243      745F6300 
 1244              	.LASF27:
 1245 0034 636F756E 		.ascii	"count\000"
 1245      7400
 1246              	.LASF33:
 1247 003a 5F5F6379 		.ascii	"__cy_region_num\000"
 1247      5F726567 
 1247      696F6E5F 
 1247      6E756D00 
 1248              	.LASF18:
 1249 004a 696E6974 		.ascii	"init\000"
 1249      00
 1250              	.LASF43:
 1251 004f 73746174 		.ascii	"status\000"
 1251      757300
 1252              	.LASF21:
 1253 0056 7A65726F 		.ascii	"zero_size\000"
 1253      5F73697A 
 1253      6500
 1254              	.LASF25:
 1255 0060 72707472 		.ascii	"rptr\000"
 1255      00
 1256              	.LASF9:
 1257 0065 666C6F61 		.ascii	"float\000"
 1257      7400
 1258              	.LASF19:
 1259 006b 64617461 		.ascii	"data\000"
 1259      00
 1260              	.LASF1:
 1261 0070 756E7369 		.ascii	"unsigned char\000"
 1261      676E6564 
 1261      20636861 
 1261      7200
ARM GAS  C:\Users\CHUCK~1.ERH\AppData\Local\Temp\ccwf5R6A.s 			page 32


 1262              	.LASF35:
 1263 007e 526F6D56 		.ascii	"RomVectors\000"
 1263      6563746F 
 1263      727300
 1264              	.LASF39:
 1265 0089 2E5C4765 		.ascii	".\\Generated_Source\\PSoC4\\Cm0Start.c\000"
 1265      6E657261 
 1265      7465645F 
 1265      536F7572 
 1265      63655C50 
 1266              	.LASF5:
 1267 00ad 6C6F6E67 		.ascii	"long unsigned int\000"
 1267      20756E73 
 1267      69676E65 
 1267      6420696E 
 1267      7400
 1268              	.LASF31:
 1269 00bf 63795379 		.ascii	"cySysNoInitDataValid\000"
 1269      734E6F49 
 1269      6E697444 
 1269      61746156 
 1269      616C6964 
 1270              	.LASF3:
 1271 00d4 73686F72 		.ascii	"short unsigned int\000"
 1271      7420756E 
 1271      7369676E 
 1271      65642069 
 1271      6E7400
 1272              	.LASF28:
 1273 00e7 52657365 		.ascii	"Reset\000"
 1273      7400
 1274              	.LASF22:
 1275 00ed 5F657869 		.ascii	"_exit\000"
 1275      7400
 1276              	.LASF42:
 1277 00f3 496E7444 		.ascii	"IntDefaultHandler\000"
 1277      65666175 
 1277      6C744861 
 1277      6E646C65 
 1277      7200
 1278              	.LASF10:
 1279 0105 646F7562 		.ascii	"double\000"
 1279      6C6500
 1280              	.LASF44:
 1281 010c 6D61696E 		.ascii	"main\000"
 1281      00
 1282              	.LASF29:
 1283 0111 696E6974 		.ascii	"initialize_psoc\000"
 1283      69616C69 
 1283      7A655F70 
 1283      736F6300 
 1284              	.LASF12:
 1285 0121 75696E74 		.ascii	"uint32\000"
 1285      333200
 1286              	.LASF30:
 1287 0128 696E6465 		.ascii	"indexInit\000"
 1287      78496E69 
ARM GAS  C:\Users\CHUCK~1.ERH\AppData\Local\Temp\ccwf5R6A.s 			page 33


 1287      7400
 1288              	.LASF8:
 1289 0132 756E7369 		.ascii	"unsigned int\000"
 1289      676E6564 
 1289      20696E74 
 1289      00
 1290              	.LASF37:
 1291 013f 63796669 		.ascii	"cyfitter_cfg\000"
 1291      74746572 
 1291      5F636667 
 1291      00
 1292              	.LASF7:
 1293 014c 6C6F6E67 		.ascii	"long long unsigned int\000"
 1293      206C6F6E 
 1293      6720756E 
 1293      7369676E 
 1293      65642069 
 1294              	.LASF26:
 1295 0163 6C696D69 		.ascii	"limit\000"
 1295      7400
 1296              	.LASF14:
 1297 0169 63796973 		.ascii	"cyisraddress\000"
 1297      72616464 
 1297      72657373 
 1297      00
 1298              	.LASF20:
 1299 0176 696E6974 		.ascii	"init_size\000"
 1299      5F73697A 
 1299      6500
 1300              	.LASF17:
 1301 0180 5F5F6379 		.ascii	"__cy_byte_align8\000"
 1301      5F627974 
 1301      655F616C 
 1301      69676E38 
 1301      00
 1302              	.LASF15:
 1303 0191 73697A65 		.ascii	"sizetype\000"
 1303      74797065 
 1303      00
 1304              	.LASF6:
 1305 019a 6C6F6E67 		.ascii	"long long int\000"
 1305      206C6F6E 
 1305      6720696E 
 1305      7400
 1306              	.LASF11:
 1307 01a8 63686172 		.ascii	"char\000"
 1307      00
 1308              	.LASF40:
 1309 01ad 433A5C55 		.ascii	"C:\\Users\\chuck.erhardt\\Documents\\PSoC Creator\\"
 1309      73657273 
 1309      5C636875 
 1309      636B2E65 
 1309      72686172 
 1310 01db 57353130 		.ascii	"W5100_Example1\\W5100_Exampl 1-PSoC_Pioneer.cydsn\000"
 1310      305F4578 
 1310      616D706C 
 1310      65315C57 
ARM GAS  C:\Users\CHUCK~1.ERH\AppData\Local\Temp\ccwf5R6A.s 			page 34


 1310      35313030 
 1311              	.LASF2:
 1312 020c 73686F72 		.ascii	"short int\000"
 1312      7420696E 
 1312      7400
 1313              	.LASF38:
 1314 0216 474E5520 		.ascii	"GNU C 4.7.3 20130312 (release) [ARM/embedded-4_7-br"
 1314      4320342E 
 1314      372E3320 
 1314      32303133 
 1314      30333132 
 1315 0249 616E6368 		.ascii	"anch revision 196615]\000"
 1315      20726576 
 1315      6973696F 
 1315      6E203139 
 1315      36363135 
 1316              	.LASF4:
 1317 025f 6C6F6E67 		.ascii	"long int\000"
 1317      20696E74 
 1317      00
 1318              	.LASF0:
 1319 0268 7369676E 		.ascii	"signed char\000"
 1319      65642063 
 1319      68617200 
 1320              	.LASF32:
 1321 0274 5F5F6379 		.ascii	"__cy_regions\000"
 1321      5F726567 
 1321      696F6E73 
 1321      00
 1322              	.LASF24:
 1323 0281 72656769 		.ascii	"regions\000"
 1323      6F6E7300 
 1324              	.LASF41:
 1325 0289 5F5F6379 		.ascii	"__cy_region\000"
 1325      5F726567 
 1325      696F6E00 
 1326              		.ident	"GCC: (GNU Tools for ARM Embedded Processors) 4.7.3 20130312 (release) [ARM/embedded-4_7-br
