--------------- Clean Started: 06/27/2014 16:48:12 Project: W5100_Exampl 1-PSoC_Pioneer, Configuration: ARM GCC 4.7.3 Release ---------------
Deleting file ".\CortexM0\ARM_GCC_473\Release\main.o"
Deleting file ".\CortexM0\ARM_GCC_473\Release\cyfitter_cfg.o"
Deleting file ".\CortexM0\ARM_GCC_473\Release\cymetadata.o"
Deleting file ".\CortexM0\ARM_GCC_473\Release\SPI.o"
Deleting file ".\CortexM0\ARM_GCC_473\Release\SPI_SPI_UART.o"
Deleting file ".\CortexM0\ARM_GCC_473\Release\SPI_PM.o"
Deleting file ".\CortexM0\ARM_GCC_473\Release\SPI_SPI.o"
Deleting file ".\CortexM0\ARM_GCC_473\Release\SPI_BOOT.o"
Deleting file ".\CortexM0\ARM_GCC_473\Release\SPI_SPI_BOOT.o"
Deleting file ".\CortexM0\ARM_GCC_473\Release\W5100.o"
Deleting file ".\CortexM0\ARM_GCC_473\Release\SPI_ss0_m.o"
Deleting file ".\CortexM0\ARM_GCC_473\Release\SPI_mosi_m.o"
Deleting file ".\CortexM0\ARM_GCC_473\Release\SPI_miso_m.o"
Deleting file ".\CortexM0\ARM_GCC_473\Release\SPI_sclk_m.o"
Deleting file ".\CortexM0\ARM_GCC_473\Release\SPI_ss1_m.o"
Deleting file ".\CortexM0\ARM_GCC_473\Release\SPI_SCBCLK.o"
Deleting file ".\CortexM0\ARM_GCC_473\Release\Cm0Start.o"
Deleting file ".\CortexM0\ARM_GCC_473\Release\CyBootAsmGnu.o"
Deleting file ".\CortexM0\ARM_GCC_473\Release\CyFlash.o"
Deleting file ".\CortexM0\ARM_GCC_473\Release\CyLib.o"
Deleting file ".\CortexM0\ARM_GCC_473\Release\cyPm.o"
Deleting file ".\CortexM0\ARM_GCC_473\Release\cyutils.o"
Deleting file ".\CortexM0\ARM_GCC_473\Release\W5100_Exampl 1-PSoC_Pioneer.hex"
Deleting file ".\CortexM0\ARM_GCC_473\Release\W5100_Exampl 1-PSoC_Pioneer.elf"
Deleting file ".\CortexM0\ARM_GCC_473\Release\W5100_Exampl 1-PSoC_Pioneer.map"
Deleting file ".\W5100_Exampl 1-PSoC_Pioneer.cycdx"
Deleting file ".\W5100_Exampl 1-PSoC_Pioneer.svd"
Deleting file ".\W5100_Exampl 1-PSoC_Pioneer.rpt"
Deleting file ".\W5100_Exampl 1-PSoC_Pioneer_timing.html"
Deleting file ".\CortexM0\ARM_GCC_473\Release\.deps\C_FILE.P"
Deleting file ".\CortexM0\ARM_GCC_473\Release\.deps\ARM_C_FILE.P"
Deleting file ".\CortexM0\ARM_GCC_473\Release\.deps\GNU_ARM_ASM_FILE.P"
--------------- Clean Succeeded: 06/27/2014 16:48:12 ---------------
