ARM GAS  C:\Users\CHUCK~1.ERH\AppData\Local\Temp\ccJLx5Zd.s 			page 1


   1              		.syntax unified
   2              		.cpu cortex-m3
   3              		.fpu softvfp
   4              		.eabi_attribute 20, 1
   5              		.eabi_attribute 21, 1
   6              		.eabi_attribute 23, 3
   7              		.eabi_attribute 24, 1
   8              		.eabi_attribute 25, 1
   9              		.eabi_attribute 26, 1
  10              		.eabi_attribute 30, 6
  11              		.eabi_attribute 34, 1
  12              		.eabi_attribute 18, 4
  13              		.thumb
  14              		.file	"cymetadata.c"
  15              		.text
  16              	.Ltext0:
  17              		.cfi_sections	.debug_frame
  18              		.global	cy_meta_configecc
  19              		.section	.cyconfigecc,"a",%progbits
  20              		.align	2
  21              		.type	cy_meta_configecc, %object
  22              		.size	cy_meta_configecc, 756
  23              	cy_meta_configecc:
  24 0000 03       		.byte	3
  25 0001 52       		.byte	82
  26 0002 00       		.byte	0
  27 0003 40       		.byte	64
  28 0004 01       		.byte	1
  29 0005 65       		.byte	101
  30 0006 00       		.byte	0
  31 0007 40       		.byte	64
  32 0008 32       		.byte	50
  33 0009 06       		.byte	6
  34 000a 01       		.byte	1
  35 000b 40       		.byte	64
  36 000c 21       		.byte	33
  37 000d 07       		.byte	7
  38 000e 01       		.byte	1
  39 000f 40       		.byte	64
  40 0010 33       		.byte	51
  41 0011 14       		.byte	20
  42 0012 01       		.byte	1
  43 0013 40       		.byte	64
  44 0014 32       		.byte	50
  45 0015 15       		.byte	21
  46 0016 01       		.byte	1
  47 0017 40       		.byte	64
  48 0018 3B       		.byte	59
  49 0019 17       		.byte	23
  50 001a 01       		.byte	1
  51 001b 40       		.byte	64
  52 001c 01       		.byte	1
  53 001d 1B       		.byte	27
  54 001e 01       		.byte	1
  55 001f 40       		.byte	64
  56 0020 02       		.byte	2
  57 0021 41       		.byte	65
ARM GAS  C:\Users\CHUCK~1.ERH\AppData\Local\Temp\ccJLx5Zd.s 			page 2


  58 0022 01       		.byte	1
  59 0023 40       		.byte	64
  60 0024 01       		.byte	1
  61 0025 42       		.byte	66
  62 0026 01       		.byte	1
  63 0027 40       		.byte	64
  64 0028 01       		.byte	1
  65 0029 43       		.byte	67
  66 002a 01       		.byte	1
  67 002b 40       		.byte	64
  68 002c 01       		.byte	1
  69 002d 48       		.byte	72
  70 002e 01       		.byte	1
  71 002f 40       		.byte	64
  72 0030 0A       		.byte	10
  73 0031 49       		.byte	73
  74 0032 01       		.byte	1
  75 0033 40       		.byte	64
  76 0034 04       		.byte	4
  77 0035 4D       		.byte	77
  78 0036 01       		.byte	1
  79 0037 40       		.byte	64
  80 0038 04       		.byte	4
  81 0039 50       		.byte	80
  82 003a 01       		.byte	1
  83 003b 40       		.byte	64
  84 003c 01       		.byte	1
  85 003d 40       		.byte	64
  86 003e 18       		.byte	24
  87 003f 01       		.byte	1
  88 0040 29       		.byte	41
  89 0041 04       		.byte	4
  90 0042 87       		.byte	-121
  91 0043 0F       		.byte	15
  92 0044 80       		.byte	-128
  93 0045 10       		.byte	16
  94 0046 81       		.byte	-127
  95 0047 20       		.byte	32
  96 0048 83       		.byte	-125
  97 0049 D0       		.byte	-48
  98 004a 84       		.byte	-124
  99 004b 41       		.byte	65
 100 004c 85       		.byte	-123
 101 004d 17       		.byte	23
 102 004e 87       		.byte	-121
 103 004f 28       		.byte	40
 104 0050 88       		.byte	-120
 105 0051 81       		.byte	-127
 106 0052 89       		.byte	-119
 107 0053 29       		.byte	41
 108 0054 8A       		.byte	-118
 109 0055 40       		.byte	64
 110 0056 8B       		.byte	-117
 111 0057 46       		.byte	70
 112 0058 8C       		.byte	-116
 113 0059 41       		.byte	65
 114 005a 8D       		.byte	-115
ARM GAS  C:\Users\CHUCK~1.ERH\AppData\Local\Temp\ccJLx5Zd.s 			page 3


 115 005b 21       		.byte	33
 116 005c 8F       		.byte	-113
 117 005d 8E       		.byte	-114
 118 005e 90       		.byte	-112
 119 005f 01       		.byte	1
 120 0060 92       		.byte	-110
 121 0061 40       		.byte	64
 122 0062 94       		.byte	-108
 123 0063 88       		.byte	-120
 124 0064 95       		.byte	-107
 125 0065 D0       		.byte	-48
 126 0066 96       		.byte	-106
 127 0067 61       		.byte	97
 128 0068 97       		.byte	-105
 129 0069 06       		.byte	6
 130 006a 98       		.byte	-104
 131 006b 04       		.byte	4
 132 006c 99       		.byte	-103
 133 006d D2       		.byte	-46
 134 006e 9B       		.byte	-101
 135 006f 04       		.byte	4
 136 0070 9C       		.byte	-100
 137 0071 41       		.byte	65
 138 0072 9D       		.byte	-99
 139 0073 D6       		.byte	-42
 140 0074 A0       		.byte	-96
 141 0075 E2       		.byte	-30
 142 0076 A1       		.byte	-95
 143 0077 D6       		.byte	-42
 144 0078 A2       		.byte	-94
 145 0079 08       		.byte	8
 146 007a A4       		.byte	-92
 147 007b 47       		.byte	71
 148 007c A5       		.byte	-91
 149 007d 02       		.byte	2
 150 007e A6       		.byte	-90
 151 007f 98       		.byte	-104
 152 0080 A8       		.byte	-88
 153 0081 40       		.byte	64
 154 0082 A9       		.byte	-87
 155 0083 04       		.byte	4
 156 0084 AD       		.byte	-83
 157 0085 D6       		.byte	-42
 158 0086 B0       		.byte	-80
 159 0087 08       		.byte	8
 160 0088 B1       		.byte	-79
 161 0089 F0       		.byte	-16
 162 008a B2       		.byte	-78
 163 008b C0       		.byte	-64
 164 008c B3       		.byte	-77
 165 008d 0F       		.byte	15
 166 008e B6       		.byte	-74
 167 008f 3F       		.byte	63
 168 0090 B7       		.byte	-73
 169 0091 01       		.byte	1
 170 0092 B8       		.byte	-72
 171 0093 80       		.byte	-128
ARM GAS  C:\Users\CHUCK~1.ERH\AppData\Local\Temp\ccJLx5Zd.s 			page 4


 172 0094 B9       		.byte	-71
 173 0095 08       		.byte	8
 174 0096 BA       		.byte	-70
 175 0097 08       		.byte	8
 176 0098 BB       		.byte	-69
 177 0099 02       		.byte	2
 178 009a BE       		.byte	-66
 179 009b 41       		.byte	65
 180 009c BF       		.byte	-65
 181 009d 40       		.byte	64
 182 009e D4       		.byte	-44
 183 009f 09       		.byte	9
 184 00a0 D8       		.byte	-40
 185 00a1 04       		.byte	4
 186 00a2 D9       		.byte	-39
 187 00a3 04       		.byte	4
 188 00a4 DB       		.byte	-37
 189 00a5 04       		.byte	4
 190 00a6 DF       		.byte	-33
 191 00a7 01       		.byte	1
 192 00a8 00       		.byte	0
 193 00a9 90       		.byte	-112
 194 00aa 01       		.byte	1
 195 00ab 02       		.byte	2
 196 00ac 03       		.byte	3
 197 00ad 10       		.byte	16
 198 00ae 08       		.byte	8
 199 00af 01       		.byte	1
 200 00b0 09       		.byte	9
 201 00b1 08       		.byte	8
 202 00b2 0A       		.byte	10
 203 00b3 49       		.byte	73
 204 00b4 10       		.byte	16
 205 00b5 08       		.byte	8
 206 00b6 12       		.byte	18
 207 00b7 80       		.byte	-128
 208 00b8 13       		.byte	19
 209 00b9 04       		.byte	4
 210 00ba 18       		.byte	24
 211 00bb 12       		.byte	18
 212 00bc 19       		.byte	25
 213 00bd 08       		.byte	8
 214 00be 1A       		.byte	26
 215 00bf 80       		.byte	-128
 216 00c0 21       		.byte	33
 217 00c1 09       		.byte	9
 218 00c2 23       		.byte	35
 219 00c3 11       		.byte	17
 220 00c4 28       		.byte	40
 221 00c5 01       		.byte	1
 222 00c6 29       		.byte	41
 223 00c7 28       		.byte	40
 224 00c8 2A       		.byte	42
 225 00c9 02       		.byte	2
 226 00ca 2B       		.byte	43
 227 00cb 08       		.byte	8
 228 00cc 30       		.byte	48
ARM GAS  C:\Users\CHUCK~1.ERH\AppData\Local\Temp\ccJLx5Zd.s 			page 5


 229 00cd 08       		.byte	8
 230 00ce 33       		.byte	51
 231 00cf 50       		.byte	80
 232 00d0 39       		.byte	57
 233 00d1 82       		.byte	-126
 234 00d2 3B       		.byte	59
 235 00d3 14       		.byte	20
 236 00d4 59       		.byte	89
 237 00d5 24       		.byte	36
 238 00d6 5A       		.byte	90
 239 00d7 82       		.byte	-126
 240 00d8 63       		.byte	99
 241 00d9 01       		.byte	1
 242 00da C0       		.byte	-64
 243 00db 0F       		.byte	15
 244 00dc C2       		.byte	-62
 245 00dd 0F       		.byte	15
 246 00de C4       		.byte	-60
 247 00df 0E       		.byte	14
 248 00e0 CA       		.byte	-54
 249 00e1 0F       		.byte	15
 250 00e2 CC       		.byte	-52
 251 00e3 0E       		.byte	14
 252 00e4 CE       		.byte	-50
 253 00e5 0F       		.byte	15
 254 00e6 D6       		.byte	-42
 255 00e7 0F       		.byte	15
 256 00e8 D8       		.byte	-40
 257 00e9 08       		.byte	8
 258 00ea 00       		.byte	0
 259 00eb 01       		.byte	1
 260 00ec 04       		.byte	4
 261 00ed 02       		.byte	2
 262 00ee 05       		.byte	5
 263 00ef 20       		.byte	32
 264 00f0 06       		.byte	6
 265 00f1 04       		.byte	4
 266 00f2 07       		.byte	7
 267 00f3 18       		.byte	24
 268 00f4 09       		.byte	9
 269 00f5 09       		.byte	9
 270 00f6 0A       		.byte	10
 271 00f7 24       		.byte	36
 272 00f8 0B       		.byte	11
 273 00f9 30       		.byte	48
 274 00fa 0E       		.byte	14
 275 00fb 18       		.byte	24
 276 00fc 0F       		.byte	15
 277 00fd 07       		.byte	7
 278 00fe 10       		.byte	16
 279 00ff 10       		.byte	16
 280 0100 11       		.byte	17
 281 0101 2C       		.byte	44
 282 0102 12       		.byte	18
 283 0103 06       		.byte	6
 284 0104 13       		.byte	19
 285 0105 10       		.byte	16
ARM GAS  C:\Users\CHUCK~1.ERH\AppData\Local\Temp\ccJLx5Zd.s 			page 6


 286 0106 14       		.byte	20
 287 0107 08       		.byte	8
 288 0108 15       		.byte	21
 289 0109 18       		.byte	24
 290 010a 16       		.byte	22
 291 010b 06       		.byte	6
 292 010c 17       		.byte	23
 293 010d 22       		.byte	34
 294 010e 19       		.byte	25
 295 010f 07       		.byte	7
 296 0110 1A       		.byte	26
 297 0111 01       		.byte	1
 298 0112 1E       		.byte	30
 299 0113 02       		.byte	2
 300 0114 20       		.byte	32
 301 0115 01       		.byte	1
 302 0116 24       		.byte	36
 303 0117 01       		.byte	1
 304 0118 28       		.byte	40
 305 0119 01       		.byte	1
 306 011a 2E       		.byte	46
 307 011b 01       		.byte	1
 308 011c 30       		.byte	48
 309 011d 1E       		.byte	30
 310 011e 34       		.byte	52
 311 011f 01       		.byte	1
 312 0120 35       		.byte	53
 313 0121 38       		.byte	56
 314 0122 36       		.byte	54
 315 0123 20       		.byte	32
 316 0124 37       		.byte	55
 317 0125 07       		.byte	7
 318 0126 3B       		.byte	59
 319 0127 20       		.byte	32
 320 0128 3E       		.byte	62
 321 0129 10       		.byte	16
 322 012a 3F       		.byte	63
 323 012b 40       		.byte	64
 324 012c 54       		.byte	84
 325 012d 40       		.byte	64
 326 012e 58       		.byte	88
 327 012f 04       		.byte	4
 328 0130 59       		.byte	89
 329 0131 04       		.byte	4
 330 0132 5B       		.byte	91
 331 0133 04       		.byte	4
 332 0134 5F       		.byte	95
 333 0135 01       		.byte	1
 334 0136 88       		.byte	-120
 335 0137 18       		.byte	24
 336 0138 8E       		.byte	-114
 337 0139 01       		.byte	1
 338 013a 94       		.byte	-108
 339 013b 20       		.byte	32
 340 013c 96       		.byte	-106
 341 013d 15       		.byte	21
 342 013e 98       		.byte	-104
ARM GAS  C:\Users\CHUCK~1.ERH\AppData\Local\Temp\ccJLx5Zd.s 			page 7


 343 013f 20       		.byte	32
 344 0140 9A       		.byte	-102
 345 0141 0B       		.byte	11
 346 0142 AC       		.byte	-84
 347 0143 0E       		.byte	14
 348 0144 AE       		.byte	-82
 349 0145 20       		.byte	32
 350 0146 B4       		.byte	-76
 351 0147 38       		.byte	56
 352 0148 B6       		.byte	-74
 353 0149 07       		.byte	7
 354 014a B8       		.byte	-72
 355 014b 20       		.byte	32
 356 014c D8       		.byte	-40
 357 014d 04       		.byte	4
 358 014e DF       		.byte	-33
 359 014f 01       		.byte	1
 360 0150 00       		.byte	0
 361 0151 48       		.byte	72
 362 0152 02       		.byte	2
 363 0153 08       		.byte	8
 364 0154 03       		.byte	3
 365 0155 40       		.byte	64
 366 0156 05       		.byte	5
 367 0157 50       		.byte	80
 368 0158 08       		.byte	8
 369 0159 01       		.byte	1
 370 015a 09       		.byte	9
 371 015b 08       		.byte	8
 372 015c 0A       		.byte	10
 373 015d 05       		.byte	5
 374 015e 0D       		.byte	13
 375 015f 18       		.byte	24
 376 0160 10       		.byte	16
 377 0161 28       		.byte	40
 378 0162 12       		.byte	18
 379 0163 01       		.byte	1
 380 0164 13       		.byte	19
 381 0165 02       		.byte	2
 382 0166 14       		.byte	20
 383 0167 01       		.byte	1
 384 0168 15       		.byte	21
 385 0169 80       		.byte	-128
 386 016a 18       		.byte	24
 387 016b 40       		.byte	64
 388 016c 1A       		.byte	26
 389 016d 01       		.byte	1
 390 016e 1B       		.byte	27
 391 016f 10       		.byte	16
 392 0170 1D       		.byte	29
 393 0171 50       		.byte	80
 394 0172 20       		.byte	32
 395 0173 04       		.byte	4
 396 0174 22       		.byte	34
 397 0175 80       		.byte	-128
 398 0176 30       		.byte	48
 399 0177 01       		.byte	1
ARM GAS  C:\Users\CHUCK~1.ERH\AppData\Local\Temp\ccJLx5Zd.s 			page 8


 400 0178 31       		.byte	49
 401 0179 18       		.byte	24
 402 017a 38       		.byte	56
 403 017b 44       		.byte	68
 404 017c 39       		.byte	57
 405 017d 20       		.byte	32
 406 017e 45       		.byte	69
 407 017f 80       		.byte	-128
 408 0180 46       		.byte	70
 409 0181 01       		.byte	1
 410 0182 61       		.byte	97
 411 0183 80       		.byte	-128
 412 0184 62       		.byte	98
 413 0185 10       		.byte	16
 414 0186 63       		.byte	99
 415 0187 20       		.byte	32
 416 0188 85       		.byte	-123
 417 0189 40       		.byte	64
 418 018a 8A       		.byte	-118
 419 018b 80       		.byte	-128
 420 018c 8D       		.byte	-115
 421 018d 10       		.byte	16
 422 018e 91       		.byte	-111
 423 018f A0       		.byte	-96
 424 0190 92       		.byte	-110
 425 0191 04       		.byte	4
 426 0192 94       		.byte	-108
 427 0193 04       		.byte	4
 428 0194 9A       		.byte	-102
 429 0195 11       		.byte	17
 430 0196 9B       		.byte	-101
 431 0197 42       		.byte	66
 432 0198 A0       		.byte	-96
 433 0199 2C       		.byte	44
 434 019a A1       		.byte	-95
 435 019b 08       		.byte	8
 436 019c A2       		.byte	-94
 437 019d 08       		.byte	8
 438 019e AE       		.byte	-82
 439 019f 04       		.byte	4
 440 01a0 AF       		.byte	-81
 441 01a1 01       		.byte	1
 442 01a2 B2       		.byte	-78
 443 01a3 02       		.byte	2
 444 01a4 C0       		.byte	-64
 445 01a5 CF       		.byte	-49
 446 01a6 C2       		.byte	-62
 447 01a7 6F       		.byte	111
 448 01a8 C4       		.byte	-60
 449 01a9 8F       		.byte	-113
 450 01aa CC       		.byte	-52
 451 01ab 07       		.byte	7
 452 01ac CE       		.byte	-50
 453 01ad 0E       		.byte	14
 454 01ae D8       		.byte	-40
 455 01af 0E       		.byte	14
 456 01b0 E2       		.byte	-30
ARM GAS  C:\Users\CHUCK~1.ERH\AppData\Local\Temp\ccJLx5Zd.s 			page 9


 457 01b1 80       		.byte	-128
 458 01b2 EC       		.byte	-20
 459 01b3 20       		.byte	32
 460 01b4 00       		.byte	0
 461 01b5 90       		.byte	-112
 462 01b6 01       		.byte	1
 463 01b7 20       		.byte	32
 464 01b8 02       		.byte	2
 465 01b9 80       		.byte	-128
 466 01ba 03       		.byte	3
 467 01bb 10       		.byte	16
 468 01bc 09       		.byte	9
 469 01bd 08       		.byte	8
 470 01be 0A       		.byte	10
 471 01bf 48       		.byte	72
 472 01c0 0B       		.byte	11
 473 01c1 02       		.byte	2
 474 01c2 10       		.byte	16
 475 01c3 08       		.byte	8
 476 01c4 13       		.byte	19
 477 01c5 06       		.byte	6
 478 01c6 19       		.byte	25
 479 01c7 01       		.byte	1
 480 01c8 20       		.byte	32
 481 01c9 48       		.byte	72
 482 01ca 21       		.byte	33
 483 01cb 50       		.byte	80
 484 01cc 22       		.byte	34
 485 01cd 85       		.byte	-123
 486 01ce 23       		.byte	35
 487 01cf 04       		.byte	4
 488 01d0 29       		.byte	41
 489 01d1 61       		.byte	97
 490 01d2 2A       		.byte	42
 491 01d3 04       		.byte	4
 492 01d4 31       		.byte	49
 493 01d5 08       		.byte	8
 494 01d6 33       		.byte	51
 495 01d7 51       		.byte	81
 496 01d8 38       		.byte	56
 497 01d9 02       		.byte	2
 498 01da 39       		.byte	57
 499 01db 90       		.byte	-112
 500 01dc 3B       		.byte	59
 501 01dd 04       		.byte	4
 502 01de 40       		.byte	64
 503 01df 40       		.byte	64
 504 01e0 41       		.byte	65
 505 01e1 48       		.byte	72
 506 01e2 48       		.byte	72
 507 01e3 84       		.byte	-124
 508 01e4 49       		.byte	73
 509 01e5 06       		.byte	6
 510 01e6 4A       		.byte	74
 511 01e7 02       		.byte	2
 512 01e8 4B       		.byte	75
 513 01e9 02       		.byte	2
ARM GAS  C:\Users\CHUCK~1.ERH\AppData\Local\Temp\ccJLx5Zd.s 			page 10


 514 01ea 52       		.byte	82
 515 01eb 15       		.byte	21
 516 01ec 53       		.byte	83
 517 01ed 08       		.byte	8
 518 01ee 60       		.byte	96
 519 01ef 04       		.byte	4
 520 01f0 68       		.byte	104
 521 01f1 68       		.byte	104
 522 01f2 69       		.byte	105
 523 01f3 10       		.byte	16
 524 01f4 6A       		.byte	106
 525 01f5 40       		.byte	64
 526 01f6 6B       		.byte	107
 527 01f7 51       		.byte	81
 528 01f8 71       		.byte	113
 529 01f9 40       		.byte	64
 530 01fa 72       		.byte	114
 531 01fb 03       		.byte	3
 532 01fc 73       		.byte	115
 533 01fd 02       		.byte	2
 534 01fe 80       		.byte	-128
 535 01ff 80       		.byte	-128
 536 0200 82       		.byte	-126
 537 0201 08       		.byte	8
 538 0202 90       		.byte	-112
 539 0203 12       		.byte	18
 540 0204 95       		.byte	-107
 541 0205 80       		.byte	-128
 542 0206 96       		.byte	-106
 543 0207 4B       		.byte	75
 544 0208 97       		.byte	-105
 545 0209 04       		.byte	4
 546 020a 9D       		.byte	-99
 547 020b 06       		.byte	6
 548 020c 9E       		.byte	-98
 549 020d 02       		.byte	2
 550 020e 9F       		.byte	-97
 551 020f 50       		.byte	80
 552 0210 A1       		.byte	-95
 553 0211 08       		.byte	8
 554 0212 A4       		.byte	-92
 555 0213 48       		.byte	72
 556 0214 A6       		.byte	-90
 557 0215 80       		.byte	-128
 558 0216 A7       		.byte	-89
 559 0217 08       		.byte	8
 560 0218 C0       		.byte	-64
 561 0219 0F       		.byte	15
 562 021a C2       		.byte	-62
 563 021b 0F       		.byte	15
 564 021c C4       		.byte	-60
 565 021d 0E       		.byte	14
 566 021e CA       		.byte	-54
 567 021f 0F       		.byte	15
 568 0220 CC       		.byte	-52
 569 0221 0F       		.byte	15
 570 0222 CE       		.byte	-50
ARM GAS  C:\Users\CHUCK~1.ERH\AppData\Local\Temp\ccJLx5Zd.s 			page 11


 571 0223 0F       		.byte	15
 572 0224 D0       		.byte	-48
 573 0225 0B       		.byte	11
 574 0226 D2       		.byte	-46
 575 0227 0C       		.byte	12
 576 0228 D8       		.byte	-40
 577 0229 04       		.byte	4
 578 022a E0       		.byte	-32
 579 022b 40       		.byte	64
 580 022c 60       		.byte	96
 581 022d 08       		.byte	8
 582 022e D8       		.byte	-40
 583 022f 40       		.byte	64
 584 0230 9C       		.byte	-100
 585 0231 08       		.byte	8
 586 0232 9C       		.byte	-100
 587 0233 08       		.byte	8
 588 0234 9C       		.byte	-100
 589 0235 08       		.byte	8
 590 0236 07       		.byte	7
 591 0237 20       		.byte	32
 592 0238 57       		.byte	87
 593 0239 80       		.byte	-128
 594 023a 84       		.byte	-124
 595 023b 08       		.byte	8
 596 023c 8B       		.byte	-117
 597 023d 80       		.byte	-128
 598 023e 9C       		.byte	-100
 599 023f 08       		.byte	8
 600 0240 9F       		.byte	-97
 601 0241 20       		.byte	32
 602 0242 B3       		.byte	-77
 603 0243 20       		.byte	32
 604 0244 C0       		.byte	-64
 605 0245 20       		.byte	32
 606 0246 D4       		.byte	-44
 607 0247 40       		.byte	64
 608 0248 E6       		.byte	-26
 609 0249 10       		.byte	16
 610 024a 53       		.byte	83
 611 024b 01       		.byte	1
 612 024c 8F       		.byte	-113
 613 024d 01       		.byte	1
 614 024e D4       		.byte	-44
 615 024f 01       		.byte	1
 616 0250 E0       		.byte	-32
 617 0251 02       		.byte	2
 618 0252 00       		.byte	0
 619 0253 01       		.byte	1
 620 0254 0A       		.byte	10
 621 0255 01       		.byte	1
 622 0256 10       		.byte	16
 623 0257 01       		.byte	1
 624 0258 1A       		.byte	26
 625 0259 01       		.byte	1
 626 025a 00       		.byte	0
 627 025b 00       		.byte	0
ARM GAS  C:\Users\CHUCK~1.ERH\AppData\Local\Temp\ccJLx5Zd.s 			page 12


 628 025c 7F       		.byte	127
 629 025d 08       		.byte	8
 630 025e 80       		.byte	-128
 631 025f 00       		.byte	0
 632 0260 C0       		.byte	-64
 633 0261 07       		.byte	7
 634 0262 04       		.byte	4
 635 0263 10       		.byte	16
 636 0264 80       		.byte	-128
 637 0265 80       		.byte	-128
 638 0266 00       		.byte	0
 639 0267 64       		.byte	100
 640 0268 C0       		.byte	-64
 641 0269 00       		.byte	0
 642 026a 02       		.byte	2
 643 026b 75       		.byte	117
 644 026c 90       		.byte	-112
 645 026d 64       		.byte	100
 646 026e 40       		.byte	64
 647 026f 80       		.byte	-128
 648 0270 00       		.byte	0
 649 0271 03       		.byte	3
 650 0272 FF       		.byte	-1
 651 0273 70       		.byte	112
 652 0274 00       		.byte	0
 653 0275 A4       		.byte	-92
 654 0276 60       		.byte	96
 655 0277 40       		.byte	64
 656 0278 00       		.byte	0
 657 0279 E4       		.byte	-28
 658 027a 9F       		.byte	-97
 659 027b 00       		.byte	0
 660 027c C0       		.byte	-64
 661 027d 08       		.byte	8
 662 027e 01       		.byte	1
 663 027f 00       		.byte	0
 664 0280 1F       		.byte	31
 665 0281 40       		.byte	64
 666 0282 20       		.byte	32
 667 0283 02       		.byte	2
 668 0284 C0       		.byte	-64
 669 0285 24       		.byte	36
 670 0286 08       		.byte	8
 671 0287 00       		.byte	0
 672 0288 00       		.byte	0
 673 0289 E4       		.byte	-28
 674 028a 00       		.byte	0
 675 028b 00       		.byte	0
 676 028c FF       		.byte	-1
 677 028d 80       		.byte	-128
 678 028e 00       		.byte	0
 679 028f 08       		.byte	8
 680 0290 00       		.byte	0
 681 0291 71       		.byte	113
 682 0292 00       		.byte	0
 683 0293 07       		.byte	7
 684 0294 00       		.byte	0
ARM GAS  C:\Users\CHUCK~1.ERH\AppData\Local\Temp\ccJLx5Zd.s 			page 13


 685 0295 08       		.byte	8
 686 0296 00       		.byte	0
 687 0297 C0       		.byte	-64
 688 0298 00       		.byte	0
 689 0299 00       		.byte	0
 690 029a 01       		.byte	1
 691 029b 01       		.byte	1
 692 029c 31       		.byte	49
 693 029d 06       		.byte	6
 694 029e 40       		.byte	64
 695 029f 00       		.byte	0
 696 02a0 05       		.byte	5
 697 02a1 BE       		.byte	-66
 698 02a2 F0       		.byte	-16
 699 02a3 DC       		.byte	-36
 700 02a4 3B       		.byte	59
 701 02a5 FF       		.byte	-1
 702 02a6 FF       		.byte	-1
 703 02a7 FF       		.byte	-1
 704 02a8 22       		.byte	34
 705 02a9 00       		.byte	0
 706 02aa F0       		.byte	-16
 707 02ab 08       		.byte	8
 708 02ac 04       		.byte	4
 709 02ad 00       		.byte	0
 710 02ae 00       		.byte	0
 711 02af 00       		.byte	0
 712 02b0 00       		.byte	0
 713 02b1 00       		.byte	0
 714 02b2 02       		.byte	2
 715 02b3 24       		.byte	36
 716 02b4 04       		.byte	4
 717 02b5 04       		.byte	4
 718 02b6 04       		.byte	4
 719 02b7 04       		.byte	4
 720 02b8 00       		.byte	0
 721 02b9 00       		.byte	0
 722 02ba 00       		.byte	0
 723 02bb 01       		.byte	1
 724 02bc 00       		.byte	0
 725 02bd 00       		.byte	0
 726 02be C0       		.byte	-64
 727 02bf 00       		.byte	0
 728 02c0 40       		.byte	64
 729 02c1 01       		.byte	1
 730 02c2 10       		.byte	16
 731 02c3 11       		.byte	17
 732 02c4 C0       		.byte	-64
 733 02c5 01       		.byte	1
 734 02c6 00       		.byte	0
 735 02c7 11       		.byte	17
 736 02c8 40       		.byte	64
 737 02c9 01       		.byte	1
 738 02ca 40       		.byte	64
 739 02cb 01       		.byte	1
 740 02cc 00       		.byte	0
 741 02cd 00       		.byte	0
ARM GAS  C:\Users\CHUCK~1.ERH\AppData\Local\Temp\ccJLx5Zd.s 			page 14


 742 02ce 00       		.byte	0
 743 02cf 00       		.byte	0
 744 02d0 00       		.byte	0
 745 02d1 00       		.byte	0
 746 02d2 00       		.byte	0
 747 02d3 00       		.byte	0
 748 02d4 00       		.byte	0
 749 02d5 00       		.byte	0
 750 02d6 00       		.byte	0
 751 02d7 00       		.byte	0
 752 02d8 00       		.byte	0
 753 02d9 00       		.byte	0
 754 02da 00       		.byte	0
 755 02db 00       		.byte	0
 756 02dc 00       		.byte	0
 757 02dd 40       		.byte	64
 758 02de 40       		.byte	64
 759 02df 00       		.byte	0
 760 02e0 40       		.byte	64
 761 02e1 00       		.byte	0
 762 02e2 00       		.byte	0
 763 02e3 00       		.byte	0
 764 02e4 02       		.byte	2
 765 02e5 01       		.byte	1
 766 02e6 01       		.byte	1
 767 02e7 00       		.byte	0
 768 02e8 01       		.byte	1
 769 02e9 00       		.byte	0
 770 02ea 00       		.byte	0
 771 02eb 00       		.byte	0
 772 02ec 00       		.byte	0
 773 02ed 04       		.byte	4
 774 02ee 04       		.byte	4
 775 02ef 00       		.byte	0
 776 02f0 04       		.byte	4
 777 02f1 00       		.byte	0
 778 02f2 00       		.byte	0
 779 02f3 00       		.byte	0
 780              		.global	cy_meta_custnvl
 781              		.section	.cycustnvl,"a",%progbits
 782              		.align	2
 783              		.type	cy_meta_custnvl, %object
 784              		.size	cy_meta_custnvl, 4
 785              	cy_meta_custnvl:
 786 0000 00       		.byte	0
 787 0001 00       		.byte	0
 788 0002 40       		.byte	64
 789 0003 05       		.byte	5
 790              		.global	cy_meta_wonvl
 791              		.section	.cywolatch,"a",%progbits
 792              		.align	2
 793              		.type	cy_meta_wonvl, %object
 794              		.size	cy_meta_wonvl, 4
 795              	cy_meta_wonvl:
 796 0000 BC       		.byte	-68
 797 0001 90       		.byte	-112
 798 0002 AC       		.byte	-84
ARM GAS  C:\Users\CHUCK~1.ERH\AppData\Local\Temp\ccJLx5Zd.s 			page 15


 799 0003 AF       		.byte	-81
 800              		.global	cy_meta_flashprotect
 801              		.section	.cyflashprotect,"a",%progbits
 802              		.align	2
 803              		.type	cy_meta_flashprotect, %object
 804              		.size	cy_meta_flashprotect, 256
 805              	cy_meta_flashprotect:
 806 0000 00000000 		.space	256
 806      00000000 
 806      00000000 
 806      00000000 
 806      00000000 
 807              		.global	cy_metadata
 808              		.section	.cymeta,"a",%progbits
 809              		.align	2
 810              		.type	cy_metadata, %object
 811              		.size	cy_metadata, 12
 812              	cy_metadata:
 813 0000 00       		.byte	0
 814 0001 01       		.byte	1
 815 0002 2E       		.byte	46
 816 0003 12       		.byte	18
 817 0004 30       		.byte	48
 818 0005 69       		.byte	105
 819 0006 00       		.byte	0
 820 0007 01       		.byte	1
 821 0008 00       		.byte	0
 822 0009 00       		.byte	0
 823 000a 00       		.byte	0
 824 000b 00       		.byte	0
 825              		.text
 826              	.Letext0:
 827              		.file 1 ".\\Generated_Source\\PSoC5\\cymetadata.c"
 828              		.file 2 ".\\Generated_Source\\PSoC5\\cytypes.h"
 829              		.section	.debug_info,"",%progbits
 830              	.Ldebug_info0:
 831 0000 3B010000 		.4byte	0x13b
 832 0004 0200     		.2byte	0x2
 833 0006 00000000 		.4byte	.Ldebug_abbrev0
 834 000a 04       		.byte	0x4
 835 000b 01       		.uleb128 0x1
 836 000c 6A010000 		.4byte	.LASF18
 837 0010 01       		.byte	0x1
 838 0011 63000000 		.4byte	.LASF19
 839 0015 00000000 		.4byte	.LASF20
 840 0019 00000000 		.4byte	.Ldebug_line0
 841 001d 02       		.uleb128 0x2
 842 001e 01       		.byte	0x1
 843 001f 06       		.byte	0x6
 844 0020 BC010000 		.4byte	.LASF0
 845 0024 02       		.uleb128 0x2
 846 0025 01       		.byte	0x1
 847 0026 08       		.byte	0x8
 848 0027 9B000000 		.4byte	.LASF1
 849 002b 02       		.uleb128 0x2
 850 002c 02       		.byte	0x2
 851 002d 05       		.byte	0x5
ARM GAS  C:\Users\CHUCK~1.ERH\AppData\Local\Temp\ccJLx5Zd.s 			page 16


 852 002e 5A010000 		.4byte	.LASF2
 853 0032 02       		.uleb128 0x2
 854 0033 02       		.byte	0x2
 855 0034 07       		.byte	0x7
 856 0035 BB000000 		.4byte	.LASF3
 857 0039 02       		.uleb128 0x2
 858 003a 04       		.byte	0x4
 859 003b 05       		.byte	0x5
 860 003c B3010000 		.4byte	.LASF4
 861 0040 02       		.uleb128 0x2
 862 0041 04       		.byte	0x4
 863 0042 07       		.byte	0x7
 864 0043 A9000000 		.4byte	.LASF5
 865 0047 02       		.uleb128 0x2
 866 0048 08       		.byte	0x8
 867 0049 05       		.byte	0x5
 868 004a 47010000 		.4byte	.LASF6
 869 004e 02       		.uleb128 0x2
 870 004f 08       		.byte	0x8
 871 0050 07       		.byte	0x7
 872 0051 04010000 		.4byte	.LASF7
 873 0055 03       		.uleb128 0x3
 874 0056 04       		.byte	0x4
 875 0057 05       		.byte	0x5
 876 0058 696E7400 		.ascii	"int\000"
 877 005c 02       		.uleb128 0x2
 878 005d 04       		.byte	0x4
 879 005e 07       		.byte	0x7
 880 005f F7000000 		.4byte	.LASF8
 881 0063 04       		.uleb128 0x4
 882 0064 64010000 		.4byte	.LASF21
 883 0068 02       		.byte	0x2
 884 0069 5B       		.byte	0x5b
 885 006a 24000000 		.4byte	0x24
 886 006e 02       		.uleb128 0x2
 887 006f 04       		.byte	0x4
 888 0070 04       		.byte	0x4
 889 0071 95000000 		.4byte	.LASF9
 890 0075 02       		.uleb128 0x2
 891 0076 08       		.byte	0x8
 892 0077 04       		.byte	0x4
 893 0078 CE000000 		.4byte	.LASF10
 894 007c 02       		.uleb128 0x2
 895 007d 01       		.byte	0x1
 896 007e 08       		.byte	0x8
 897 007f 55010000 		.4byte	.LASF11
 898 0083 05       		.uleb128 0x5
 899 0084 63000000 		.4byte	0x63
 900 0088 94000000 		.4byte	0x94
 901 008c 06       		.uleb128 0x6
 902 008d 94000000 		.4byte	0x94
 903 0091 F302     		.2byte	0x2f3
 904 0093 00       		.byte	0
 905 0094 02       		.uleb128 0x2
 906 0095 04       		.byte	0x4
 907 0096 07       		.byte	0x7
 908 0097 3E010000 		.4byte	.LASF12
ARM GAS  C:\Users\CHUCK~1.ERH\AppData\Local\Temp\ccJLx5Zd.s 			page 17


 909 009b 07       		.uleb128 0x7
 910 009c E5000000 		.4byte	.LASF13
 911 00a0 01       		.byte	0x1
 912 00a1 1C       		.byte	0x1c
 913 00a2 AD000000 		.4byte	0xad
 914 00a6 01       		.byte	0x1
 915 00a7 05       		.byte	0x5
 916 00a8 03       		.byte	0x3
 917 00a9 00000000 		.4byte	cy_meta_configecc
 918 00ad 08       		.uleb128 0x8
 919 00ae 83000000 		.4byte	0x83
 920 00b2 05       		.uleb128 0x5
 921 00b3 63000000 		.4byte	0x63
 922 00b7 C2000000 		.4byte	0xc2
 923 00bb 09       		.uleb128 0x9
 924 00bc 94000000 		.4byte	0x94
 925 00c0 03       		.byte	0x3
 926 00c1 00       		.byte	0
 927 00c2 07       		.uleb128 0x7
 928 00c3 D5000000 		.4byte	.LASF14
 929 00c7 01       		.byte	0x1
 930 00c8 85       		.byte	0x85
 931 00c9 D4000000 		.4byte	0xd4
 932 00cd 01       		.byte	0x1
 933 00ce 05       		.byte	0x5
 934 00cf 03       		.byte	0x3
 935 00d0 00000000 		.4byte	cy_meta_custnvl
 936 00d4 08       		.uleb128 0x8
 937 00d5 B2000000 		.4byte	0xb2
 938 00d9 07       		.uleb128 0x7
 939 00da 30010000 		.4byte	.LASF15
 940 00de 01       		.byte	0x1
 941 00df 90       		.byte	0x90
 942 00e0 EB000000 		.4byte	0xeb
 943 00e4 01       		.byte	0x1
 944 00e5 05       		.byte	0x5
 945 00e6 03       		.byte	0x3
 946 00e7 00000000 		.4byte	cy_meta_wonvl
 947 00eb 08       		.uleb128 0x8
 948 00ec B2000000 		.4byte	0xb2
 949 00f0 05       		.uleb128 0x5
 950 00f1 63000000 		.4byte	0x63
 951 00f5 00010000 		.4byte	0x100
 952 00f9 09       		.uleb128 0x9
 953 00fa 94000000 		.4byte	0x94
 954 00fe FF       		.byte	0xff
 955 00ff 00       		.byte	0
 956 0100 07       		.uleb128 0x7
 957 0101 1B010000 		.4byte	.LASF16
 958 0105 01       		.byte	0x1
 959 0106 9B       		.byte	0x9b
 960 0107 12010000 		.4byte	0x112
 961 010b 01       		.byte	0x1
 962 010c 05       		.byte	0x5
 963 010d 03       		.byte	0x3
 964 010e 00000000 		.4byte	cy_meta_flashprotect
 965 0112 08       		.uleb128 0x8
ARM GAS  C:\Users\CHUCK~1.ERH\AppData\Local\Temp\ccJLx5Zd.s 			page 18


 966 0113 F0000000 		.4byte	0xf0
 967 0117 05       		.uleb128 0x5
 968 0118 63000000 		.4byte	0x63
 969 011c 27010000 		.4byte	0x127
 970 0120 09       		.uleb128 0x9
 971 0121 94000000 		.4byte	0x94
 972 0125 0B       		.byte	0xb
 973 0126 00       		.byte	0
 974 0127 07       		.uleb128 0x7
 975 0128 89000000 		.4byte	.LASF17
 976 012c 01       		.byte	0x1
 977 012d C5       		.byte	0xc5
 978 012e 39010000 		.4byte	0x139
 979 0132 01       		.byte	0x1
 980 0133 05       		.byte	0x5
 981 0134 03       		.byte	0x3
 982 0135 00000000 		.4byte	cy_metadata
 983 0139 08       		.uleb128 0x8
 984 013a 17010000 		.4byte	0x117
 985 013e 00       		.byte	0
 986              		.section	.debug_abbrev,"",%progbits
 987              	.Ldebug_abbrev0:
 988 0000 01       		.uleb128 0x1
 989 0001 11       		.uleb128 0x11
 990 0002 01       		.byte	0x1
 991 0003 25       		.uleb128 0x25
 992 0004 0E       		.uleb128 0xe
 993 0005 13       		.uleb128 0x13
 994 0006 0B       		.uleb128 0xb
 995 0007 03       		.uleb128 0x3
 996 0008 0E       		.uleb128 0xe
 997 0009 1B       		.uleb128 0x1b
 998 000a 0E       		.uleb128 0xe
 999 000b 10       		.uleb128 0x10
 1000 000c 06       		.uleb128 0x6
 1001 000d 00       		.byte	0
 1002 000e 00       		.byte	0
 1003 000f 02       		.uleb128 0x2
 1004 0010 24       		.uleb128 0x24
 1005 0011 00       		.byte	0
 1006 0012 0B       		.uleb128 0xb
 1007 0013 0B       		.uleb128 0xb
 1008 0014 3E       		.uleb128 0x3e
 1009 0015 0B       		.uleb128 0xb
 1010 0016 03       		.uleb128 0x3
 1011 0017 0E       		.uleb128 0xe
 1012 0018 00       		.byte	0
 1013 0019 00       		.byte	0
 1014 001a 03       		.uleb128 0x3
 1015 001b 24       		.uleb128 0x24
 1016 001c 00       		.byte	0
 1017 001d 0B       		.uleb128 0xb
 1018 001e 0B       		.uleb128 0xb
 1019 001f 3E       		.uleb128 0x3e
 1020 0020 0B       		.uleb128 0xb
 1021 0021 03       		.uleb128 0x3
 1022 0022 08       		.uleb128 0x8
ARM GAS  C:\Users\CHUCK~1.ERH\AppData\Local\Temp\ccJLx5Zd.s 			page 19


 1023 0023 00       		.byte	0
 1024 0024 00       		.byte	0
 1025 0025 04       		.uleb128 0x4
 1026 0026 16       		.uleb128 0x16
 1027 0027 00       		.byte	0
 1028 0028 03       		.uleb128 0x3
 1029 0029 0E       		.uleb128 0xe
 1030 002a 3A       		.uleb128 0x3a
 1031 002b 0B       		.uleb128 0xb
 1032 002c 3B       		.uleb128 0x3b
 1033 002d 0B       		.uleb128 0xb
 1034 002e 49       		.uleb128 0x49
 1035 002f 13       		.uleb128 0x13
 1036 0030 00       		.byte	0
 1037 0031 00       		.byte	0
 1038 0032 05       		.uleb128 0x5
 1039 0033 01       		.uleb128 0x1
 1040 0034 01       		.byte	0x1
 1041 0035 49       		.uleb128 0x49
 1042 0036 13       		.uleb128 0x13
 1043 0037 01       		.uleb128 0x1
 1044 0038 13       		.uleb128 0x13
 1045 0039 00       		.byte	0
 1046 003a 00       		.byte	0
 1047 003b 06       		.uleb128 0x6
 1048 003c 21       		.uleb128 0x21
 1049 003d 00       		.byte	0
 1050 003e 49       		.uleb128 0x49
 1051 003f 13       		.uleb128 0x13
 1052 0040 2F       		.uleb128 0x2f
 1053 0041 05       		.uleb128 0x5
 1054 0042 00       		.byte	0
 1055 0043 00       		.byte	0
 1056 0044 07       		.uleb128 0x7
 1057 0045 34       		.uleb128 0x34
 1058 0046 00       		.byte	0
 1059 0047 03       		.uleb128 0x3
 1060 0048 0E       		.uleb128 0xe
 1061 0049 3A       		.uleb128 0x3a
 1062 004a 0B       		.uleb128 0xb
 1063 004b 3B       		.uleb128 0x3b
 1064 004c 0B       		.uleb128 0xb
 1065 004d 49       		.uleb128 0x49
 1066 004e 13       		.uleb128 0x13
 1067 004f 3F       		.uleb128 0x3f
 1068 0050 0C       		.uleb128 0xc
 1069 0051 02       		.uleb128 0x2
 1070 0052 0A       		.uleb128 0xa
 1071 0053 00       		.byte	0
 1072 0054 00       		.byte	0
 1073 0055 08       		.uleb128 0x8
 1074 0056 26       		.uleb128 0x26
 1075 0057 00       		.byte	0
 1076 0058 49       		.uleb128 0x49
 1077 0059 13       		.uleb128 0x13
 1078 005a 00       		.byte	0
 1079 005b 00       		.byte	0
ARM GAS  C:\Users\CHUCK~1.ERH\AppData\Local\Temp\ccJLx5Zd.s 			page 20


 1080 005c 09       		.uleb128 0x9
 1081 005d 21       		.uleb128 0x21
 1082 005e 00       		.byte	0
 1083 005f 49       		.uleb128 0x49
 1084 0060 13       		.uleb128 0x13
 1085 0061 2F       		.uleb128 0x2f
 1086 0062 0B       		.uleb128 0xb
 1087 0063 00       		.byte	0
 1088 0064 00       		.byte	0
 1089 0065 00       		.byte	0
 1090              		.section	.debug_aranges,"",%progbits
 1091 0000 14000000 		.4byte	0x14
 1092 0004 0200     		.2byte	0x2
 1093 0006 00000000 		.4byte	.Ldebug_info0
 1094 000a 04       		.byte	0x4
 1095 000b 00       		.byte	0
 1096 000c 0000     		.2byte	0
 1097 000e 0000     		.2byte	0
 1098 0010 00000000 		.4byte	0
 1099 0014 00000000 		.4byte	0
 1100              		.section	.debug_line,"",%progbits
 1101              	.Ldebug_line0:
 1102 0000 4F000000 		.section	.debug_str,"MS",%progbits,1
 1102      02004900 
 1102      00000201 
 1102      FB0E0D00 
 1102      01010101 
 1103              	.LASF20:
 1104 0000 433A5C55 		.ascii	"C:\\Users\\chuck.erhardt\\Documents\\PSoC Creator\\"
 1104      73657273 
 1104      5C636875 
 1104      636B2E65 
 1104      72686172 
 1105 002e 57353130 		.ascii	"W5100_Example1\\W5100_Example1-FreeSoC_Explorer.cyd"
 1105      305F4578 
 1105      616D706C 
 1105      65315C57 
 1105      35313030 
 1106 0060 736E00   		.ascii	"sn\000"
 1107              	.LASF19:
 1108 0063 2E5C4765 		.ascii	".\\Generated_Source\\PSoC5\\cymetadata.c\000"
 1108      6E657261 
 1108      7465645F 
 1108      536F7572 
 1108      63655C50 
 1109              	.LASF17:
 1110 0089 63795F6D 		.ascii	"cy_metadata\000"
 1110      65746164 
 1110      61746100 
 1111              	.LASF9:
 1112 0095 666C6F61 		.ascii	"float\000"
 1112      7400
 1113              	.LASF1:
 1114 009b 756E7369 		.ascii	"unsigned char\000"
 1114      676E6564 
 1114      20636861 
 1114      7200
ARM GAS  C:\Users\CHUCK~1.ERH\AppData\Local\Temp\ccJLx5Zd.s 			page 21


 1115              	.LASF5:
 1116 00a9 6C6F6E67 		.ascii	"long unsigned int\000"
 1116      20756E73 
 1116      69676E65 
 1116      6420696E 
 1116      7400
 1117              	.LASF3:
 1118 00bb 73686F72 		.ascii	"short unsigned int\000"
 1118      7420756E 
 1118      7369676E 
 1118      65642069 
 1118      6E7400
 1119              	.LASF10:
 1120 00ce 646F7562 		.ascii	"double\000"
 1120      6C6500
 1121              	.LASF14:
 1122 00d5 63795F6D 		.ascii	"cy_meta_custnvl\000"
 1122      6574615F 
 1122      63757374 
 1122      6E766C00 
 1123              	.LASF13:
 1124 00e5 63795F6D 		.ascii	"cy_meta_configecc\000"
 1124      6574615F 
 1124      636F6E66 
 1124      69676563 
 1124      6300
 1125              	.LASF8:
 1126 00f7 756E7369 		.ascii	"unsigned int\000"
 1126      676E6564 
 1126      20696E74 
 1126      00
 1127              	.LASF7:
 1128 0104 6C6F6E67 		.ascii	"long long unsigned int\000"
 1128      206C6F6E 
 1128      6720756E 
 1128      7369676E 
 1128      65642069 
 1129              	.LASF16:
 1130 011b 63795F6D 		.ascii	"cy_meta_flashprotect\000"
 1130      6574615F 
 1130      666C6173 
 1130      6870726F 
 1130      74656374 
 1131              	.LASF15:
 1132 0130 63795F6D 		.ascii	"cy_meta_wonvl\000"
 1132      6574615F 
 1132      776F6E76 
 1132      6C00
 1133              	.LASF12:
 1134 013e 73697A65 		.ascii	"sizetype\000"
 1134      74797065 
 1134      00
 1135              	.LASF6:
 1136 0147 6C6F6E67 		.ascii	"long long int\000"
 1136      206C6F6E 
 1136      6720696E 
 1136      7400
ARM GAS  C:\Users\CHUCK~1.ERH\AppData\Local\Temp\ccJLx5Zd.s 			page 22


 1137              	.LASF11:
 1138 0155 63686172 		.ascii	"char\000"
 1138      00
 1139              	.LASF2:
 1140 015a 73686F72 		.ascii	"short int\000"
 1140      7420696E 
 1140      7400
 1141              	.LASF21:
 1142 0164 75696E74 		.ascii	"uint8\000"
 1142      3800
 1143              	.LASF18:
 1144 016a 474E5520 		.ascii	"GNU C 4.7.3 20130312 (release) [ARM/embedded-4_7-br"
 1144      4320342E 
 1144      372E3320 
 1144      32303133 
 1144      30333132 
 1145 019d 616E6368 		.ascii	"anch revision 196615]\000"
 1145      20726576 
 1145      6973696F 
 1145      6E203139 
 1145      36363135 
 1146              	.LASF4:
 1147 01b3 6C6F6E67 		.ascii	"long int\000"
 1147      20696E74 
 1147      00
 1148              	.LASF0:
 1149 01bc 7369676E 		.ascii	"signed char\000"
 1149      65642063 
 1149      68617200 
 1150              		.ident	"GCC: (GNU Tools for ARM Embedded Processors) 4.7.3 20130312 (release) [ARM/embedded-4_7-br
