ARM GAS  C:\Users\CHUCK~1.ERH\AppData\Local\Temp\ccu4Ai2K.s 			page 1


   1              		.syntax unified
   2              		.cpu cortex-m3
   3              		.fpu softvfp
   4              		.eabi_attribute 20, 1
   5              		.eabi_attribute 21, 1
   6              		.eabi_attribute 23, 3
   7              		.eabi_attribute 24, 1
   8              		.eabi_attribute 25, 1
   9              		.eabi_attribute 26, 1
  10              		.eabi_attribute 30, 6
  11              		.eabi_attribute 34, 1
  12              		.eabi_attribute 18, 4
  13              		.thumb
  14              		.file	"main.c"
  15              		.text
  16              	.Ltext0:
  17              		.cfi_sections	.debug_frame
  18              		.section	.rodata
  19              		.align	2
  20              	.LC0:
  21 0000 1B5B324A 		.ascii	"\033[2JHello From E2ForLife.com\015\012\000"
  21      48656C6C 
  21      6F204672 
  21      6F6D2045 
  21      32466F72 
  22 001f 00       		.section	.text.main,"ax",%progbits
  23              		.align	2
  24              		.global	main
  25              		.thumb
  26              		.thumb_func
  27              		.type	main, %function
  28              	main:
  29              	.LFB56:
  30              		.file 1 ".\\main.c"
   1:.\main.c      **** /* ========================================
   2:.\main.c      ****  *
   3:.\main.c      ****  * Copyright YOUR COMPANY, THE YEAR
   4:.\main.c      ****  * All Rights Reserved
   5:.\main.c      ****  * UNPUBLISHED, LICENSED SOFTWARE.
   6:.\main.c      ****  *
   7:.\main.c      ****  * CONFIDENTIAL AND PROPRIETARY INFORMATION
   8:.\main.c      ****  * WHICH IS THE PROPERTY OF your company.
   9:.\main.c      ****  *
  10:.\main.c      ****  * ========================================
  11:.\main.c      **** */
  12:.\main.c      **** #include <project.h>
  13:.\main.c      **** 
  14:.\main.c      **** int main()
  15:.\main.c      **** {
  31              		.loc 1 15 0
  32              		.cfi_startproc
  33              		@ args = 0, pretend = 0, frame = 8
  34              		@ frame_needed = 1, uses_anonymous_args = 0
  35 0000 80B5     		push	{r7, lr}
  36              	.LCFI0:
  37              		.cfi_def_cfa_offset 8
  38              		.cfi_offset 7, -8
ARM GAS  C:\Users\CHUCK~1.ERH\AppData\Local\Temp\ccu4Ai2K.s 			page 2


  39              		.cfi_offset 14, -4
  40 0002 82B0     		sub	sp, sp, #8
  41              	.LCFI1:
  42              		.cfi_def_cfa_offset 16
  43 0004 00AF     		add	r7, sp, #0
  44              	.LCFI2:
  45              		.cfi_def_cfa_register 7
  16:.\main.c      **** 	uint8 tcpSocket;
  17:.\main.c      **** 	/*
  18:.\main.c      **** 	 * First the SPI perepheral must be initialized so that the
  19:.\main.c      **** 	 * W5100 driver has hardware to use for the chip initialization
  20:.\main.c      **** 	 * that will occur next
  21:.\main.c      **** 	 */
  22:.\main.c      **** 	SPIM_Start();
  46              		.loc 1 22 0
  47 0006 FFF7FEFF 		bl	SPIM_Start
  23:.\main.c      ****   	/*
  24:.\main.c      **** 	 * The next section initialized the W5100 to default settings
  25:.\main.c      **** 	 * setup in the component confiuration dialog.
  26:.\main.c      **** 	 */
  27:.\main.c      **** 	W5100_Start();
  48              		.loc 1 27 0
  49 000a FFF7FEFF 		bl	W5100_Start
  50 000e 00E0     		b	.L3
  51              	.L4:
  28:.\main.c      ****     for(;;)
  29:.\main.c      ****     {
  30:.\main.c      ****         /*
  31:.\main.c      **** 		 * Now that the W5100 is initialized and configured,
  32:.\main.c      **** 		 * open a socket, then start a server and wait for connections
  33:.\main.c      **** 		 */
  34:.\main.c      **** 		tcpSocket = W5100_TcpOpen( 23 );
  35:.\main.c      **** 		/*
  36:.\main.c      **** 		 * If the socket was opened the socket number will be 0 - 3
  37:.\main.c      **** 		 * to reflect the socket that was used within the W5100
  38:.\main.c      **** 		 */
  39:.\main.c      **** 		if (tcpSocket < 4) {
  40:.\main.c      **** 			/* Wait for server connections */
  41:.\main.c      **** 			W5100_TcpStartServerWait( tcpSocket );
  42:.\main.c      **** 			/* Send the string to the remote terminal */
  43:.\main.c      **** 			W5100_TcpPrint(tcpSocket,"\x1b[2JHello From E2ForLife.com\r\n");
  44:.\main.c      **** 			/* Wait for string to transmit over the network before closing */
  45:.\main.c      **** 			CyDelay(10);
  46:.\main.c      **** 			/* Disconnect from client (drop connection) */
  47:.\main.c      **** 			W5100_TcpDisconnect(tcpSocket);
  48:.\main.c      **** 			/* Close the socket */
  49:.\main.c      **** 			CyDelay(50);
  50:.\main.c      **** 			W5100_SocketClose(tcpSocket);
  51:.\main.c      **** 		}
  52:.\main.c      ****     }
  52              		.loc 1 52 0
  53 0010 00BF     		nop
  54              	.L3:
  34:.\main.c      **** 		tcpSocket = W5100_TcpOpen( 23 );
  55              		.loc 1 34 0
  56 0012 4FF01700 		mov	r0, #23
  57 0016 FFF7FEFF 		bl	W5100_TcpOpen
ARM GAS  C:\Users\CHUCK~1.ERH\AppData\Local\Temp\ccu4Ai2K.s 			page 3


  58 001a 0346     		mov	r3, r0
  59 001c FB71     		strb	r3, [r7, #7]
  39:.\main.c      **** 		if (tcpSocket < 4) {
  60              		.loc 1 39 0
  61 001e FB79     		ldrb	r3, [r7, #7]	@ zero_extendqisi2
  62 0020 032B     		cmp	r3, #3
  63 0022 F5D8     		bhi	.L4
  41:.\main.c      **** 			W5100_TcpStartServerWait( tcpSocket );
  64              		.loc 1 41 0
  65 0024 FB79     		ldrb	r3, [r7, #7]	@ zero_extendqisi2
  66 0026 1846     		mov	r0, r3
  67 0028 FFF7FEFF 		bl	W5100_TcpStartServerWait
  43:.\main.c      **** 			W5100_TcpPrint(tcpSocket,"\x1b[2JHello From E2ForLife.com\r\n");
  68              		.loc 1 43 0
  69 002c FB79     		ldrb	r3, [r7, #7]	@ zero_extendqisi2
  70 002e 1846     		mov	r0, r3
  71 0030 40F20001 		movw	r1, #:lower16:.LC0
  72 0034 C0F20001 		movt	r1, #:upper16:.LC0
  73 0038 FFF7FEFF 		bl	W5100_TcpPrint
  45:.\main.c      **** 			CyDelay(10);
  74              		.loc 1 45 0
  75 003c 4FF00A00 		mov	r0, #10
  76 0040 FFF7FEFF 		bl	CyDelay
  47:.\main.c      **** 			W5100_TcpDisconnect(tcpSocket);
  77              		.loc 1 47 0
  78 0044 FB79     		ldrb	r3, [r7, #7]	@ zero_extendqisi2
  79 0046 1846     		mov	r0, r3
  80 0048 FFF7FEFF 		bl	W5100_TcpDisconnect
  49:.\main.c      **** 			CyDelay(50);
  81              		.loc 1 49 0
  82 004c 4FF03200 		mov	r0, #50
  83 0050 FFF7FEFF 		bl	CyDelay
  50:.\main.c      **** 			W5100_SocketClose(tcpSocket);
  84              		.loc 1 50 0
  85 0054 FB79     		ldrb	r3, [r7, #7]	@ zero_extendqisi2
  86 0056 1846     		mov	r0, r3
  87 0058 FFF7FEFF 		bl	W5100_SocketClose
  88              		.loc 1 52 0
  89 005c D8E7     		b	.L4
  90              		.cfi_endproc
  91              	.LFE56:
  92              		.size	main, .-main
  93 005e 00BF     		.text
  94              	.Letext0:
  95              		.file 2 "c:\\program files (x86)\\cypress\\psoc creator\\3.0\\psoc creator\\import\\gnu_cs\\arm\\4
  96              		.file 3 "./Generated_Source/PSoC5/cytypes.h"
  97              		.file 4 "./Generated_Source/PSoC5/core_cm3.h"
  98              		.section	.debug_info,"",%progbits
  99              	.Ldebug_info0:
 100 0000 DD000000 		.4byte	0xdd
 101 0004 0200     		.2byte	0x2
 102 0006 00000000 		.4byte	.Ldebug_abbrev0
 103 000a 04       		.byte	0x4
 104 000b 01       		.uleb128 0x1
 105 000c 43000000 		.4byte	.LASF15
 106 0010 01       		.byte	0x1
 107 0011 34010000 		.4byte	.LASF16
ARM GAS  C:\Users\CHUCK~1.ERH\AppData\Local\Temp\ccu4Ai2K.s 			page 4


 108 0015 8C000000 		.4byte	.LASF17
 109 0019 00000000 		.4byte	.Ldebug_ranges0+0
 110 001d 00000000 		.4byte	0
 111 0021 00000000 		.4byte	0
 112 0025 00000000 		.4byte	.Ldebug_line0
 113 0029 02       		.uleb128 0x2
 114 002a 01       		.byte	0x1
 115 002b 06       		.byte	0x6
 116 002c 51010000 		.4byte	.LASF0
 117 0030 02       		.uleb128 0x2
 118 0031 01       		.byte	0x1
 119 0032 08       		.byte	0x8
 120 0033 18010000 		.4byte	.LASF1
 121 0037 02       		.uleb128 0x2
 122 0038 02       		.byte	0x2
 123 0039 05       		.byte	0x5
 124 003a 63010000 		.4byte	.LASF2
 125 003e 02       		.uleb128 0x2
 126 003f 02       		.byte	0x2
 127 0040 07       		.byte	0x7
 128 0041 0E000000 		.4byte	.LASF3
 129 0045 03       		.uleb128 0x3
 130 0046 6D010000 		.4byte	.LASF9
 131 004a 02       		.byte	0x2
 132 004b 4F       		.byte	0x4f
 133 004c 50000000 		.4byte	0x50
 134 0050 02       		.uleb128 0x2
 135 0051 04       		.byte	0x4
 136 0052 05       		.byte	0x5
 137 0053 2B010000 		.4byte	.LASF4
 138 0057 02       		.uleb128 0x2
 139 0058 04       		.byte	0x4
 140 0059 07       		.byte	0x7
 141 005a EF000000 		.4byte	.LASF5
 142 005e 02       		.uleb128 0x2
 143 005f 08       		.byte	0x8
 144 0060 05       		.byte	0x5
 145 0061 00000000 		.4byte	.LASF6
 146 0065 02       		.uleb128 0x2
 147 0066 08       		.byte	0x8
 148 0067 07       		.byte	0x7
 149 0068 01010000 		.4byte	.LASF7
 150 006c 04       		.uleb128 0x4
 151 006d 04       		.byte	0x4
 152 006e 05       		.byte	0x5
 153 006f 696E7400 		.ascii	"int\000"
 154 0073 02       		.uleb128 0x2
 155 0074 04       		.byte	0x4
 156 0075 07       		.byte	0x7
 157 0076 21000000 		.4byte	.LASF8
 158 007a 03       		.uleb128 0x3
 159 007b 3D000000 		.4byte	.LASF10
 160 007f 03       		.byte	0x3
 161 0080 5B       		.byte	0x5b
 162 0081 30000000 		.4byte	0x30
 163 0085 02       		.uleb128 0x2
 164 0086 04       		.byte	0x4
ARM GAS  C:\Users\CHUCK~1.ERH\AppData\Local\Temp\ccu4Ai2K.s 			page 5


 165 0087 04       		.byte	0x4
 166 0088 5D010000 		.4byte	.LASF11
 167 008c 02       		.uleb128 0x2
 168 008d 08       		.byte	0x8
 169 008e 04       		.byte	0x4
 170 008f 3D010000 		.4byte	.LASF12
 171 0093 02       		.uleb128 0x2
 172 0094 01       		.byte	0x1
 173 0095 08       		.byte	0x8
 174 0096 26010000 		.4byte	.LASF13
 175 009a 02       		.uleb128 0x2
 176 009b 04       		.byte	0x4
 177 009c 07       		.byte	0x7
 178 009d 75010000 		.4byte	.LASF14
 179 00a1 05       		.uleb128 0x5
 180 00a2 01       		.byte	0x1
 181 00a3 38000000 		.4byte	.LASF18
 182 00a7 01       		.byte	0x1
 183 00a8 0E       		.byte	0xe
 184 00a9 6C000000 		.4byte	0x6c
 185 00ad 00000000 		.4byte	.LFB56
 186 00b1 5E000000 		.4byte	.LFE56
 187 00b5 00000000 		.4byte	.LLST0
 188 00b9 01       		.byte	0x1
 189 00ba CD000000 		.4byte	0xcd
 190 00be 06       		.uleb128 0x6
 191 00bf 2E000000 		.4byte	.LASF19
 192 00c3 01       		.byte	0x1
 193 00c4 10       		.byte	0x10
 194 00c5 7A000000 		.4byte	0x7a
 195 00c9 02       		.byte	0x2
 196 00ca 91       		.byte	0x91
 197 00cb 77       		.sleb128 -9
 198 00cc 00       		.byte	0
 199 00cd 07       		.uleb128 0x7
 200 00ce 44010000 		.4byte	.LASF20
 201 00d2 04       		.byte	0x4
 202 00d3 1606     		.2byte	0x616
 203 00d5 DB000000 		.4byte	0xdb
 204 00d9 01       		.byte	0x1
 205 00da 01       		.byte	0x1
 206 00db 08       		.uleb128 0x8
 207 00dc 45000000 		.4byte	0x45
 208 00e0 00       		.byte	0
 209              		.section	.debug_abbrev,"",%progbits
 210              	.Ldebug_abbrev0:
 211 0000 01       		.uleb128 0x1
 212 0001 11       		.uleb128 0x11
 213 0002 01       		.byte	0x1
 214 0003 25       		.uleb128 0x25
 215 0004 0E       		.uleb128 0xe
 216 0005 13       		.uleb128 0x13
 217 0006 0B       		.uleb128 0xb
 218 0007 03       		.uleb128 0x3
 219 0008 0E       		.uleb128 0xe
 220 0009 1B       		.uleb128 0x1b
 221 000a 0E       		.uleb128 0xe
ARM GAS  C:\Users\CHUCK~1.ERH\AppData\Local\Temp\ccu4Ai2K.s 			page 6


 222 000b 55       		.uleb128 0x55
 223 000c 06       		.uleb128 0x6
 224 000d 11       		.uleb128 0x11
 225 000e 01       		.uleb128 0x1
 226 000f 52       		.uleb128 0x52
 227 0010 01       		.uleb128 0x1
 228 0011 10       		.uleb128 0x10
 229 0012 06       		.uleb128 0x6
 230 0013 00       		.byte	0
 231 0014 00       		.byte	0
 232 0015 02       		.uleb128 0x2
 233 0016 24       		.uleb128 0x24
 234 0017 00       		.byte	0
 235 0018 0B       		.uleb128 0xb
 236 0019 0B       		.uleb128 0xb
 237 001a 3E       		.uleb128 0x3e
 238 001b 0B       		.uleb128 0xb
 239 001c 03       		.uleb128 0x3
 240 001d 0E       		.uleb128 0xe
 241 001e 00       		.byte	0
 242 001f 00       		.byte	0
 243 0020 03       		.uleb128 0x3
 244 0021 16       		.uleb128 0x16
 245 0022 00       		.byte	0
 246 0023 03       		.uleb128 0x3
 247 0024 0E       		.uleb128 0xe
 248 0025 3A       		.uleb128 0x3a
 249 0026 0B       		.uleb128 0xb
 250 0027 3B       		.uleb128 0x3b
 251 0028 0B       		.uleb128 0xb
 252 0029 49       		.uleb128 0x49
 253 002a 13       		.uleb128 0x13
 254 002b 00       		.byte	0
 255 002c 00       		.byte	0
 256 002d 04       		.uleb128 0x4
 257 002e 24       		.uleb128 0x24
 258 002f 00       		.byte	0
 259 0030 0B       		.uleb128 0xb
 260 0031 0B       		.uleb128 0xb
 261 0032 3E       		.uleb128 0x3e
 262 0033 0B       		.uleb128 0xb
 263 0034 03       		.uleb128 0x3
 264 0035 08       		.uleb128 0x8
 265 0036 00       		.byte	0
 266 0037 00       		.byte	0
 267 0038 05       		.uleb128 0x5
 268 0039 2E       		.uleb128 0x2e
 269 003a 01       		.byte	0x1
 270 003b 3F       		.uleb128 0x3f
 271 003c 0C       		.uleb128 0xc
 272 003d 03       		.uleb128 0x3
 273 003e 0E       		.uleb128 0xe
 274 003f 3A       		.uleb128 0x3a
 275 0040 0B       		.uleb128 0xb
 276 0041 3B       		.uleb128 0x3b
 277 0042 0B       		.uleb128 0xb
 278 0043 49       		.uleb128 0x49
ARM GAS  C:\Users\CHUCK~1.ERH\AppData\Local\Temp\ccu4Ai2K.s 			page 7


 279 0044 13       		.uleb128 0x13
 280 0045 11       		.uleb128 0x11
 281 0046 01       		.uleb128 0x1
 282 0047 12       		.uleb128 0x12
 283 0048 01       		.uleb128 0x1
 284 0049 40       		.uleb128 0x40
 285 004a 06       		.uleb128 0x6
 286 004b 9642     		.uleb128 0x2116
 287 004d 0C       		.uleb128 0xc
 288 004e 01       		.uleb128 0x1
 289 004f 13       		.uleb128 0x13
 290 0050 00       		.byte	0
 291 0051 00       		.byte	0
 292 0052 06       		.uleb128 0x6
 293 0053 34       		.uleb128 0x34
 294 0054 00       		.byte	0
 295 0055 03       		.uleb128 0x3
 296 0056 0E       		.uleb128 0xe
 297 0057 3A       		.uleb128 0x3a
 298 0058 0B       		.uleb128 0xb
 299 0059 3B       		.uleb128 0x3b
 300 005a 0B       		.uleb128 0xb
 301 005b 49       		.uleb128 0x49
 302 005c 13       		.uleb128 0x13
 303 005d 02       		.uleb128 0x2
 304 005e 0A       		.uleb128 0xa
 305 005f 00       		.byte	0
 306 0060 00       		.byte	0
 307 0061 07       		.uleb128 0x7
 308 0062 34       		.uleb128 0x34
 309 0063 00       		.byte	0
 310 0064 03       		.uleb128 0x3
 311 0065 0E       		.uleb128 0xe
 312 0066 3A       		.uleb128 0x3a
 313 0067 0B       		.uleb128 0xb
 314 0068 3B       		.uleb128 0x3b
 315 0069 05       		.uleb128 0x5
 316 006a 49       		.uleb128 0x49
 317 006b 13       		.uleb128 0x13
 318 006c 3F       		.uleb128 0x3f
 319 006d 0C       		.uleb128 0xc
 320 006e 3C       		.uleb128 0x3c
 321 006f 0C       		.uleb128 0xc
 322 0070 00       		.byte	0
 323 0071 00       		.byte	0
 324 0072 08       		.uleb128 0x8
 325 0073 35       		.uleb128 0x35
 326 0074 00       		.byte	0
 327 0075 49       		.uleb128 0x49
 328 0076 13       		.uleb128 0x13
 329 0077 00       		.byte	0
 330 0078 00       		.byte	0
 331 0079 00       		.byte	0
 332              		.section	.debug_loc,"",%progbits
 333              	.Ldebug_loc0:
 334              	.LLST0:
 335 0000 00000000 		.4byte	.LFB56
ARM GAS  C:\Users\CHUCK~1.ERH\AppData\Local\Temp\ccu4Ai2K.s 			page 8


 336 0004 02000000 		.4byte	.LCFI0
 337 0008 0200     		.2byte	0x2
 338 000a 7D       		.byte	0x7d
 339 000b 00       		.sleb128 0
 340 000c 02000000 		.4byte	.LCFI0
 341 0010 04000000 		.4byte	.LCFI1
 342 0014 0200     		.2byte	0x2
 343 0016 7D       		.byte	0x7d
 344 0017 08       		.sleb128 8
 345 0018 04000000 		.4byte	.LCFI1
 346 001c 06000000 		.4byte	.LCFI2
 347 0020 0200     		.2byte	0x2
 348 0022 7D       		.byte	0x7d
 349 0023 10       		.sleb128 16
 350 0024 06000000 		.4byte	.LCFI2
 351 0028 5E000000 		.4byte	.LFE56
 352 002c 0200     		.2byte	0x2
 353 002e 77       		.byte	0x77
 354 002f 10       		.sleb128 16
 355 0030 00000000 		.4byte	0
 356 0034 00000000 		.4byte	0
 357              		.section	.debug_aranges,"",%progbits
 358 0000 1C000000 		.4byte	0x1c
 359 0004 0200     		.2byte	0x2
 360 0006 00000000 		.4byte	.Ldebug_info0
 361 000a 04       		.byte	0x4
 362 000b 00       		.byte	0
 363 000c 0000     		.2byte	0
 364 000e 0000     		.2byte	0
 365 0010 00000000 		.4byte	.LFB56
 366 0014 5E000000 		.4byte	.LFE56-.LFB56
 367 0018 00000000 		.4byte	0
 368 001c 00000000 		.4byte	0
 369              		.section	.debug_ranges,"",%progbits
 370              	.Ldebug_ranges0:
 371 0000 00000000 		.4byte	.LFB56
 372 0004 5E000000 		.4byte	.LFE56
 373 0008 00000000 		.4byte	0
 374 000c 00000000 		.4byte	0
 375              		.section	.debug_line,"",%progbits
 376              	.Ldebug_line0:
 377 0000 1E010000 		.section	.debug_str,"MS",%progbits,1
 377      0200F900 
 377      00000201 
 377      FB0E0D00 
 377      01010101 
 378              	.LASF6:
 379 0000 6C6F6E67 		.ascii	"long long int\000"
 379      206C6F6E 
 379      6720696E 
 379      7400
 380              	.LASF3:
 381 000e 73686F72 		.ascii	"short unsigned int\000"
 381      7420756E 
 381      7369676E 
 381      65642069 
 381      6E7400
ARM GAS  C:\Users\CHUCK~1.ERH\AppData\Local\Temp\ccu4Ai2K.s 			page 9


 382              	.LASF8:
 383 0021 756E7369 		.ascii	"unsigned int\000"
 383      676E6564 
 383      20696E74 
 383      00
 384              	.LASF19:
 385 002e 74637053 		.ascii	"tcpSocket\000"
 385      6F636B65 
 385      7400
 386              	.LASF18:
 387 0038 6D61696E 		.ascii	"main\000"
 387      00
 388              	.LASF10:
 389 003d 75696E74 		.ascii	"uint8\000"
 389      3800
 390              	.LASF15:
 391 0043 474E5520 		.ascii	"GNU C 4.7.3 20130312 (release) [ARM/embedded-4_7-br"
 391      4320342E 
 391      372E3320 
 391      32303133 
 391      30333132 
 392 0076 616E6368 		.ascii	"anch revision 196615]\000"
 392      20726576 
 392      6973696F 
 392      6E203139 
 392      36363135 
 393              	.LASF17:
 394 008c 433A5C55 		.ascii	"C:\\Users\\chuck.erhardt\\Documents\\PSoC Creator\\"
 394      73657273 
 394      5C636875 
 394      636B2E65 
 394      72686172 
 395 00ba 57353130 		.ascii	"W5100_Example1\\W5100_Example1-FreeSoC_Explorer.cyd"
 395      305F4578 
 395      616D706C 
 395      65315C57 
 395      35313030 
 396 00ec 736E00   		.ascii	"sn\000"
 397              	.LASF5:
 398 00ef 6C6F6E67 		.ascii	"long unsigned int\000"
 398      20756E73 
 398      69676E65 
 398      6420696E 
 398      7400
 399              	.LASF7:
 400 0101 6C6F6E67 		.ascii	"long long unsigned int\000"
 400      206C6F6E 
 400      6720756E 
 400      7369676E 
 400      65642069 
 401              	.LASF1:
 402 0118 756E7369 		.ascii	"unsigned char\000"
 402      676E6564 
 402      20636861 
 402      7200
 403              	.LASF13:
 404 0126 63686172 		.ascii	"char\000"
ARM GAS  C:\Users\CHUCK~1.ERH\AppData\Local\Temp\ccu4Ai2K.s 			page 10


 404      00
 405              	.LASF4:
 406 012b 6C6F6E67 		.ascii	"long int\000"
 406      20696E74 
 406      00
 407              	.LASF16:
 408 0134 2E5C6D61 		.ascii	".\\main.c\000"
 408      696E2E63 
 408      00
 409              	.LASF12:
 410 013d 646F7562 		.ascii	"double\000"
 410      6C6500
 411              	.LASF20:
 412 0144 49544D5F 		.ascii	"ITM_RxBuffer\000"
 412      52784275 
 412      66666572 
 412      00
 413              	.LASF0:
 414 0151 7369676E 		.ascii	"signed char\000"
 414      65642063 
 414      68617200 
 415              	.LASF11:
 416 015d 666C6F61 		.ascii	"float\000"
 416      7400
 417              	.LASF2:
 418 0163 73686F72 		.ascii	"short int\000"
 418      7420696E 
 418      7400
 419              	.LASF9:
 420 016d 696E7433 		.ascii	"int32_t\000"
 420      325F7400 
 421              	.LASF14:
 422 0175 73697A65 		.ascii	"sizetype\000"
 422      74797065 
 422      00
 423              		.ident	"GCC: (GNU Tools for ARM Embedded Processors) 4.7.3 20130312 (release) [ARM/embedded-4_7-br
