--------------- Build Started: 06/27/2014 16:07:22 Project: W5100_Example1, Configuration: ARM GCC 4.7.3 Debug ---------------
cydsfit.exe "-.appdatapath" "C:\Users\chuck.erhardt\AppData\Local\Cypress Semiconductor\PSoC Creator\3.0" "-.fdsnotice" "-.fdswarpdepfile=warp_dependencies.txt" "-.fdselabdepfile=elab_dependencies.txt" "-.fdsbldfile=generated_files.txt" "-p" "C:\Users\chuck.erhardt\Documents\PSoC Creator\W5100_Example1\W5100_Example1.cydsn\W5100_Example1.cyprj" "-d" "CY8C5868AXI-LP035" "-s" "C:\Users\chuck.erhardt\Documents\PSoC Creator\W5100_Example1\W5100_Example1.cydsn\Generated_Source\PSoC5" "--" "-yv2" "-v3" "-ygs" "-q10" "-o2" "-.fftcfgtype=LE"
Elaborating Design...
ADD: pft.M0028: warning: Clock Warning: (SPIM_IntClock's accuracy range '12.000 MHz ñ 1.000%, (11.880 MHz - 12.120 MHz)' is not within the specified tolerance range '16.000 MHz ñ 5.000%, (15.200 MHz - 16.800 MHz)'.).
 * C:\Program Files (x86)\Cypress\PSoC Creator\3.0\PSoC Creator\psoc\content\cycomponentlibrary\CyComponentLibrary.cylib\SPI_Master_v2_40\SPI_Master_v2_40.cysch (Instance: IntClock)
 * C:\Users\chuck.erhardt\Documents\PSoC Creator\W5100_Example1\W5100_Example1.cydsn\W5100_Example1.cydwr (SPIM_IntClock)
HDL Generation ...
Synthesis ...
Place and Route ...
Tech mapping ...
Info: mpr.M0037: Unused pieces of the design have been optimized out. See the Tech mapping section of the report file for details. (App=cydsfit)
Analog Placement ...
Analog Routing ...
Analog Code Generation ...
Digital Placement ...
Digital Routing ...
Bitstream Generation ...
Static timing analysis ...
API Generation ...
Dependency Generation ...
Clean Temporary Files ...
arm-none-eabi-gcc.exe -I. -I./Generated_Source/PSoC5 -Wno-main -mcpu=cortex-m3 -mthumb -Wall -g -D DEBUG -Wa,-alh=.\CortexM3\ARM_GCC_473\Debug\main.lst -ffunction-sections -c .\main.c -o .\CortexM3\ARM_GCC_473\Debug\main.o
arm-none-eabi-gcc.exe -I. -I./Generated_Source/PSoC5 -Wno-main -mcpu=cortex-m3 -mthumb -Wall -g -D DEBUG -Wa,-alh=.\CortexM3\ARM_GCC_473\Debug\cyfitter_cfg.lst -ffunction-sections -c .\Generated_Source\PSoC5\cyfitter_cfg.c -o .\CortexM3\ARM_GCC_473\Debug\cyfitter_cfg.o
arm-none-eabi-gcc.exe -I. -I./Generated_Source/PSoC5 -Wno-main -mcpu=cortex-m3 -mthumb -Wall -g -D DEBUG -Wa,-alh=.\CortexM3\ARM_GCC_473\Debug\cymetadata.lst -ffunction-sections -c .\Generated_Source\PSoC5\cymetadata.c -o .\CortexM3\ARM_GCC_473\Debug\cymetadata.o
arm-none-eabi-gcc.exe -I. -I./Generated_Source/PSoC5 -Wno-main -mcpu=cortex-m3 -mthumb -Wall -g -D DEBUG -Wa,-alh=.\CortexM3\ARM_GCC_473\Debug\SPIM.lst -ffunction-sections -c .\Generated_Source\PSoC5\SPIM.c -o .\CortexM3\ARM_GCC_473\Debug\SPIM.o
arm-none-eabi-gcc.exe -I. -I./Generated_Source/PSoC5 -Wno-main -mcpu=cortex-m3 -mthumb -Wall -g -D DEBUG -Wa,-alh=.\CortexM3\ARM_GCC_473\Debug\SPIM_PM.lst -ffunction-sections -c .\Generated_Source\PSoC5\SPIM_PM.c -o .\CortexM3\ARM_GCC_473\Debug\SPIM_PM.o
arm-none-eabi-gcc.exe -I. -I./Generated_Source/PSoC5 -Wno-main -mcpu=cortex-m3 -mthumb -Wall -g -D DEBUG -Wa,-alh=.\CortexM3\ARM_GCC_473\Debug\SPIM_INT.lst -ffunction-sections -c .\Generated_Source\PSoC5\SPIM_INT.c -o .\CortexM3\ARM_GCC_473\Debug\SPIM_INT.o
arm-none-eabi-gcc.exe -I. -I./Generated_Source/PSoC5 -Wno-main -mcpu=cortex-m3 -mthumb -Wall -g -D DEBUG -Wa,-alh=.\CortexM3\ARM_GCC_473\Debug\W5100.lst -ffunction-sections -c .\Generated_Source\PSoC5\W5100.c -o .\CortexM3\ARM_GCC_473\Debug\W5100.o
.\Generated_Source\PSoC5\W5100.c:485:15: warning: 'W5100_GetGatewayAddress' defined but not used [-Wunused-function]
.\Generated_Source\PSoC5\W5100.c:497:15: warning: 'W5100_GetSubnetMask' defined but not used [-Wunused-function]
.\Generated_Source\PSoC5\W5100.c:521:14: warning: 'W5100_GetMode' defined but not used [-Wunused-function]
.\Generated_Source\PSoC5\W5100.c:533:14: warning: 'W5100_GetIR' defined but not used [-Wunused-function]
.\Generated_Source\PSoC5\W5100.c:539:13: warning: 'W5100_SetIMR' defined but not used [-Wunused-function]
.\Generated_Source\PSoC5\W5100.c:545:14: warning: 'W5100_GetIMR' defined but not used [-Wunused-function]
.\Generated_Source\PSoC5\W5100.c:551:13: warning: 'W5100_SetRetryTime' defined but not used [-Wunused-function]
.\Generated_Source\PSoC5\W5100.c:557:15: warning: 'W5100_GetRetryTime' defined but not used [-Wunused-function]
.\Generated_Source\PSoC5\W5100.c:563:13: warning: 'W5100_SetRetryCount' defined but not used [-Wunused-function]
.\Generated_Source\PSoC5\W5100.c:569:14: warning: 'W5100_GetRetryCount' defined but not used [-Wunused-function]
.\Generated_Source\PSoC5\W5100.c:581:14: warning: 'W5100_GetRxMemSize' defined but not used [-Wunused-function]
.\Generated_Source\PSoC5\W5100.c:593:14: warning: 'W5100_GetTxMemSize' defined but not used [-Wunused-function]
.\Generated_Source\PSoC5\W5100.c:599:13: warning: 'W5100_SetUnreachableIP' defined but not used [-Wunused-function]
.\Generated_Source\PSoC5\W5100.c:605:15: warning: 'W5100_GetUnreachableIP' defined but not used [-Wunused-function]
.\Generated_Source\PSoC5\W5100.c:611:13: warning: 'W5100_SetUnreachablePort' defined but not used [-Wunused-function]
.\Generated_Source\PSoC5\W5100.c:617:15: warning: 'W5100_GetUnreachablePort' defined but not used [-Wunused-function]
.\Generated_Source\PSoC5\W5100.c:643:14: warning: 'W5100_GetSocketMode' defined but not used [-Wunused-function]
.\Generated_Source\PSoC5\W5100.c:683:13: warning: 'W5100_SetSocketStatus' defined but not used [-Wunused-function]
.\Generated_Source\PSoC5\W5100.c:707:15: warning: 'W5100_GetSocketSourcePort' defined but not used [-Wunused-function]
.\Generated_Source\PSoC5\W5100.c:715:13: warning: 'W5100_SetSocketDestMAC' defined but not used [-Wunused-function]
.\Generated_Source\PSoC5\W5100.c:723:13: warning: 'W5100_GetSocketDestMAC' defined but not used [-Wunused-function]
.\Generated_Source\PSoC5\W5100.c:739:15: warning: 'W5100_GetSocketDestIP' defined but not used [-Wunused-function]
.\Generated_Source\PSoC5\W5100.c:755:15: warning: 'W5100_GetSocketDestPort' defined but not used [-Wunused-function]
.\Generated_Source\PSoC5\W5100.c:763:13: warning: 'W5100_SetSocketMaxSegSize' defined but not used [-Wunused-function]
.\Generated_Source\PSoC5\W5100.c:771:15: warning: 'W5100_GetSocketMaxSegSize' defined but not used [-Wunused-function]
.\Generated_Source\PSoC5\W5100.c:779:16: warning: 'W5100_GetSocketProto' defined but not used [-Wunused-function]
.\Generated_Source\PSoC5\W5100.c:787:13: warning: 'W5100_SetSocketTOS' defined but not used [-Wunused-function]
.\Generated_Source\PSoC5\W5100.c:795:14: warning: 'W5100_GetSocketTOS' defined but not used [-Wunused-function]
.\Generated_Source\PSoC5\W5100.c:803:13: warning: 'W5100_SetSocketTTL' defined but not used [-Wunused-function]
.\Generated_Source\PSoC5\W5100.c:811:14: warning: 'W5100_GetSocketTTL' defined but not used [-Wunused-function]
.\Generated_Source\PSoC5\W5100.c:819:13: warning: 'W5100_SetSocketTxFree' defined but not used [-Wunused-function]
.\Generated_Source\PSoC5\W5100.c:835:13: warning: 'W5100_SetSocketTxReadPtr' defined but not used [-Wunused-function]
.\Generated_Source\PSoC5\W5100.c:843:15: warning: 'W5100_GetSocketTxReadPtr' defined but not used [-Wunused-function]
.\Generated_Source\PSoC5\W5100.c:1449:1: warning: 'W5100_SocketSendMac' defined but not used [-Wunused-function]
arm-none-eabi-gcc.exe -I. -I./Generated_Source/PSoC5 -Wno-main -mcpu=cortex-m3 -mthumb -Wall -g -D DEBUG -Wa,-alh=.\CortexM3\ARM_GCC_473\Debug\SPIM_IntClock.lst -ffunction-sections -c .\Generated_Source\PSoC5\SPIM_IntClock.c -o .\CortexM3\ARM_GCC_473\Debug\SPIM_IntClock.o
arm-none-eabi-gcc.exe -I. -I./Generated_Source/PSoC5 -Wno-main -mcpu=cortex-m3 -mthumb -Wall -g -D DEBUG -Wa,-alh=.\CortexM3\ARM_GCC_473\Debug\Cm3Start.lst -ffunction-sections -c .\Generated_Source\PSoC5\Cm3Start.c -o .\CortexM3\ARM_GCC_473\Debug\Cm3Start.o
arm-none-eabi-as.exe -I. -I./Generated_Source/PSoC5 -mcpu=cortex-m3 -mthumb -g -alh=.\CortexM3\ARM_GCC_473\Debug/CyBootAsmGnu.lst -o .\CortexM3\ARM_GCC_473\Debug\CyBootAsmGnu.o .\Generated_Source\PSoC5\CyBootAsmGnu.s
arm-none-eabi-gcc.exe -I. -I./Generated_Source/PSoC5 -Wno-main -mcpu=cortex-m3 -mthumb -Wall -g -D DEBUG -Wa,-alh=.\CortexM3\ARM_GCC_473\Debug\CyDmac.lst -ffunction-sections -c .\Generated_Source\PSoC5\CyDmac.c -o .\CortexM3\ARM_GCC_473\Debug\CyDmac.o
arm-none-eabi-gcc.exe -I. -I./Generated_Source/PSoC5 -Wno-main -mcpu=cortex-m3 -mthumb -Wall -g -D DEBUG -Wa,-alh=.\CortexM3\ARM_GCC_473\Debug\CyFlash.lst -ffunction-sections -c .\Generated_Source\PSoC5\CyFlash.c -o .\CortexM3\ARM_GCC_473\Debug\CyFlash.o
arm-none-eabi-gcc.exe -I. -I./Generated_Source/PSoC5 -Wno-main -mcpu=cortex-m3 -mthumb -Wall -g -D DEBUG -Wa,-alh=.\CortexM3\ARM_GCC_473\Debug\CyLib.lst -ffunction-sections -c .\Generated_Source\PSoC5\CyLib.c -o .\CortexM3\ARM_GCC_473\Debug\CyLib.o
arm-none-eabi-gcc.exe -I. -I./Generated_Source/PSoC5 -Wno-main -mcpu=cortex-m3 -mthumb -Wall -g -D DEBUG -Wa,-alh=.\CortexM3\ARM_GCC_473\Debug\cyPm.lst -ffunction-sections -c .\Generated_Source\PSoC5\cyPm.c -o .\CortexM3\ARM_GCC_473\Debug\cyPm.o
arm-none-eabi-gcc.exe -I. -I./Generated_Source/PSoC5 -Wno-main -mcpu=cortex-m3 -mthumb -Wall -g -D DEBUG -Wa,-alh=.\CortexM3\ARM_GCC_473\Debug\CySpc.lst -ffunction-sections -c .\Generated_Source\PSoC5\CySpc.c -o .\CortexM3\ARM_GCC_473\Debug\CySpc.o
arm-none-eabi-gcc.exe -I. -I./Generated_Source/PSoC5 -Wno-main -mcpu=cortex-m3 -mthumb -Wall -g -D DEBUG -Wa,-alh=.\CortexM3\ARM_GCC_473\Debug\cyutils.lst -ffunction-sections -c .\Generated_Source\PSoC5\cyutils.c -o .\CortexM3\ARM_GCC_473\Debug\cyutils.o
arm-none-eabi-ar.exe -rs .\CortexM3\ARM_GCC_473\Debug\W5100_Example1.a .\CortexM3\ARM_GCC_473\Debug\cyfitter_cfg.o .\CortexM3\ARM_GCC_473\Debug\SPIM.o .\CortexM3\ARM_GCC_473\Debug\SPIM_PM.o .\CortexM3\ARM_GCC_473\Debug\SPIM_INT.o .\CortexM3\ARM_GCC_473\Debug\W5100.o .\CortexM3\ARM_GCC_473\Debug\SPIM_IntClock.o .\CortexM3\ARM_GCC_473\Debug\CyBootAsmGnu.o .\CortexM3\ARM_GCC_473\Debug\CyDmac.o .\CortexM3\ARM_GCC_473\Debug\CyFlash.o .\CortexM3\ARM_GCC_473\Debug\CyLib.o .\CortexM3\ARM_GCC_473\Debug\cyPm.o .\CortexM3\ARM_GCC_473\Debug\CySpc.o .\CortexM3\ARM_GCC_473\Debug\cyutils.o
arm-none-eabi-ar.exe: creating .\CortexM3\ARM_GCC_473\Debug\W5100_Example1.a
arm-none-eabi-gcc.exe -mthumb -march=armv7-m -mfix-cortex-m3-ldrd -T .\Generated_Source\PSoC5\cm3gcc.ld -g -Wl,-Map,.\CortexM3\ARM_GCC_473\Debug\W5100_Example1.map -specs=nano.specs -Wl,--gc-sections -Wl,--start-group -o .\CortexM3\ARM_GCC_473\Debug\W5100_Example1.elf .\CortexM3\ARM_GCC_473\Debug\main.o .\CortexM3\ARM_GCC_473\Debug\cymetadata.o .\CortexM3\ARM_GCC_473\Debug\Cm3Start.o .\CortexM3\ARM_GCC_473\Debug\W5100_Example1.a "C:\Program Files (x86)\Cypress\PSoC Creator\3.0\PSoC Creator\psoc\content\cycomponentlibrary\CyComponentLibrary.cylib\CortexM3\ARM_GCC_473\Debug\CyComponentLibrary.a" -Wl,--end-group
cyelftool.exe -C "C:\Users\chuck.erhardt\Documents\PSoC Creator\W5100_Example1\W5100_Example1.cydsn\CortexM3\ARM_GCC_473\Debug\W5100_Example1.elf" --flash_size 262144 --flash_row_size 256
cyelftool.exe -S "C:\Users\chuck.erhardt\Documents\PSoC Creator\W5100_Example1\W5100_Example1.cydsn\CortexM3\ARM_GCC_473\Debug\W5100_Example1.elf"
Flash used: 7086 of 262144 bytes (2.7 %).
SRAM used: 20837 of 65536 bytes (31.8 %).
--------------- Build Succeeded: 06/27/2014 16:08:12 ---------------
