ARM GAS  C:\Users\CHUCK~1.ERH\AppData\Local\Temp\cc4a9vvp.s 			page 1


   1              		.syntax unified
   2              		.cpu cortex-m3
   3              		.fpu softvfp
   4              		.eabi_attribute 20, 1
   5              		.eabi_attribute 21, 1
   6              		.eabi_attribute 23, 3
   7              		.eabi_attribute 24, 1
   8              		.eabi_attribute 25, 1
   9              		.eabi_attribute 26, 1
  10              		.eabi_attribute 30, 4
  11              		.eabi_attribute 34, 1
  12              		.eabi_attribute 18, 4
  13              		.thumb
  14              		.file	"cymetadata.c"
  15              		.text
  16              	.Ltext0:
  17              		.cfi_sections	.debug_frame
  18              		.global	cy_metadata
  19              		.global	cy_meta_flashprotect
  20              		.global	cy_meta_wonvl
  21              		.global	cy_meta_custnvl
  22              		.global	cy_meta_configecc
  23              		.section	.cyconfigecc,"a",%progbits
  24              		.type	cy_meta_configecc, %object
  25              		.size	cy_meta_configecc, 756
  26              	cy_meta_configecc:
  27 0000 03       		.byte	3
  28 0001 52       		.byte	82
  29 0002 00       		.byte	0
  30 0003 40       		.byte	64
  31 0004 01       		.byte	1
  32 0005 65       		.byte	101
  33 0006 00       		.byte	0
  34 0007 40       		.byte	64
  35 0008 32       		.byte	50
  36 0009 06       		.byte	6
  37 000a 01       		.byte	1
  38 000b 40       		.byte	64
  39 000c 21       		.byte	33
  40 000d 07       		.byte	7
  41 000e 01       		.byte	1
  42 000f 40       		.byte	64
  43 0010 33       		.byte	51
  44 0011 14       		.byte	20
  45 0012 01       		.byte	1
  46 0013 40       		.byte	64
  47 0014 32       		.byte	50
  48 0015 15       		.byte	21
  49 0016 01       		.byte	1
  50 0017 40       		.byte	64
  51 0018 3B       		.byte	59
  52 0019 17       		.byte	23
  53 001a 01       		.byte	1
  54 001b 40       		.byte	64
  55 001c 01       		.byte	1
  56 001d 1B       		.byte	27
  57 001e 01       		.byte	1
ARM GAS  C:\Users\CHUCK~1.ERH\AppData\Local\Temp\cc4a9vvp.s 			page 2


  58 001f 40       		.byte	64
  59 0020 02       		.byte	2
  60 0021 41       		.byte	65
  61 0022 01       		.byte	1
  62 0023 40       		.byte	64
  63 0024 01       		.byte	1
  64 0025 42       		.byte	66
  65 0026 01       		.byte	1
  66 0027 40       		.byte	64
  67 0028 01       		.byte	1
  68 0029 43       		.byte	67
  69 002a 01       		.byte	1
  70 002b 40       		.byte	64
  71 002c 01       		.byte	1
  72 002d 48       		.byte	72
  73 002e 01       		.byte	1
  74 002f 40       		.byte	64
  75 0030 0A       		.byte	10
  76 0031 49       		.byte	73
  77 0032 01       		.byte	1
  78 0033 40       		.byte	64
  79 0034 04       		.byte	4
  80 0035 4D       		.byte	77
  81 0036 01       		.byte	1
  82 0037 40       		.byte	64
  83 0038 04       		.byte	4
  84 0039 50       		.byte	80
  85 003a 01       		.byte	1
  86 003b 40       		.byte	64
  87 003c 01       		.byte	1
  88 003d 40       		.byte	64
  89 003e 18       		.byte	24
  90 003f 01       		.byte	1
  91 0040 29       		.byte	41
  92 0041 04       		.byte	4
  93 0042 87       		.byte	-121
  94 0043 0F       		.byte	15
  95 0044 80       		.byte	-128
  96 0045 10       		.byte	16
  97 0046 81       		.byte	-127
  98 0047 20       		.byte	32
  99 0048 83       		.byte	-125
 100 0049 D0       		.byte	-48
 101 004a 84       		.byte	-124
 102 004b 41       		.byte	65
 103 004c 85       		.byte	-123
 104 004d 17       		.byte	23
 105 004e 87       		.byte	-121
 106 004f 28       		.byte	40
 107 0050 88       		.byte	-120
 108 0051 81       		.byte	-127
 109 0052 89       		.byte	-119
 110 0053 29       		.byte	41
 111 0054 8A       		.byte	-118
 112 0055 40       		.byte	64
 113 0056 8B       		.byte	-117
 114 0057 46       		.byte	70
ARM GAS  C:\Users\CHUCK~1.ERH\AppData\Local\Temp\cc4a9vvp.s 			page 3


 115 0058 8C       		.byte	-116
 116 0059 41       		.byte	65
 117 005a 8D       		.byte	-115
 118 005b 21       		.byte	33
 119 005c 8F       		.byte	-113
 120 005d 8E       		.byte	-114
 121 005e 90       		.byte	-112
 122 005f 01       		.byte	1
 123 0060 92       		.byte	-110
 124 0061 40       		.byte	64
 125 0062 94       		.byte	-108
 126 0063 88       		.byte	-120
 127 0064 95       		.byte	-107
 128 0065 D0       		.byte	-48
 129 0066 96       		.byte	-106
 130 0067 61       		.byte	97
 131 0068 97       		.byte	-105
 132 0069 06       		.byte	6
 133 006a 98       		.byte	-104
 134 006b 04       		.byte	4
 135 006c 99       		.byte	-103
 136 006d D2       		.byte	-46
 137 006e 9B       		.byte	-101
 138 006f 04       		.byte	4
 139 0070 9C       		.byte	-100
 140 0071 41       		.byte	65
 141 0072 9D       		.byte	-99
 142 0073 D6       		.byte	-42
 143 0074 A0       		.byte	-96
 144 0075 E2       		.byte	-30
 145 0076 A1       		.byte	-95
 146 0077 D6       		.byte	-42
 147 0078 A2       		.byte	-94
 148 0079 08       		.byte	8
 149 007a A4       		.byte	-92
 150 007b 47       		.byte	71
 151 007c A5       		.byte	-91
 152 007d 02       		.byte	2
 153 007e A6       		.byte	-90
 154 007f 98       		.byte	-104
 155 0080 A8       		.byte	-88
 156 0081 40       		.byte	64
 157 0082 A9       		.byte	-87
 158 0083 04       		.byte	4
 159 0084 AD       		.byte	-83
 160 0085 D6       		.byte	-42
 161 0086 B0       		.byte	-80
 162 0087 08       		.byte	8
 163 0088 B1       		.byte	-79
 164 0089 F0       		.byte	-16
 165 008a B2       		.byte	-78
 166 008b C0       		.byte	-64
 167 008c B3       		.byte	-77
 168 008d 0F       		.byte	15
 169 008e B6       		.byte	-74
 170 008f 3F       		.byte	63
 171 0090 B7       		.byte	-73
ARM GAS  C:\Users\CHUCK~1.ERH\AppData\Local\Temp\cc4a9vvp.s 			page 4


 172 0091 01       		.byte	1
 173 0092 B8       		.byte	-72
 174 0093 80       		.byte	-128
 175 0094 B9       		.byte	-71
 176 0095 08       		.byte	8
 177 0096 BA       		.byte	-70
 178 0097 08       		.byte	8
 179 0098 BB       		.byte	-69
 180 0099 02       		.byte	2
 181 009a BE       		.byte	-66
 182 009b 41       		.byte	65
 183 009c BF       		.byte	-65
 184 009d 40       		.byte	64
 185 009e D4       		.byte	-44
 186 009f 09       		.byte	9
 187 00a0 D8       		.byte	-40
 188 00a1 04       		.byte	4
 189 00a2 D9       		.byte	-39
 190 00a3 04       		.byte	4
 191 00a4 DB       		.byte	-37
 192 00a5 04       		.byte	4
 193 00a6 DF       		.byte	-33
 194 00a7 01       		.byte	1
 195 00a8 00       		.byte	0
 196 00a9 90       		.byte	-112
 197 00aa 01       		.byte	1
 198 00ab 02       		.byte	2
 199 00ac 03       		.byte	3
 200 00ad 10       		.byte	16
 201 00ae 08       		.byte	8
 202 00af 01       		.byte	1
 203 00b0 09       		.byte	9
 204 00b1 08       		.byte	8
 205 00b2 0A       		.byte	10
 206 00b3 49       		.byte	73
 207 00b4 10       		.byte	16
 208 00b5 08       		.byte	8
 209 00b6 12       		.byte	18
 210 00b7 80       		.byte	-128
 211 00b8 13       		.byte	19
 212 00b9 04       		.byte	4
 213 00ba 18       		.byte	24
 214 00bb 12       		.byte	18
 215 00bc 19       		.byte	25
 216 00bd 08       		.byte	8
 217 00be 1A       		.byte	26
 218 00bf 80       		.byte	-128
 219 00c0 21       		.byte	33
 220 00c1 09       		.byte	9
 221 00c2 23       		.byte	35
 222 00c3 11       		.byte	17
 223 00c4 28       		.byte	40
 224 00c5 01       		.byte	1
 225 00c6 29       		.byte	41
 226 00c7 28       		.byte	40
 227 00c8 2A       		.byte	42
 228 00c9 02       		.byte	2
ARM GAS  C:\Users\CHUCK~1.ERH\AppData\Local\Temp\cc4a9vvp.s 			page 5


 229 00ca 2B       		.byte	43
 230 00cb 08       		.byte	8
 231 00cc 30       		.byte	48
 232 00cd 08       		.byte	8
 233 00ce 33       		.byte	51
 234 00cf 50       		.byte	80
 235 00d0 39       		.byte	57
 236 00d1 82       		.byte	-126
 237 00d2 3B       		.byte	59
 238 00d3 14       		.byte	20
 239 00d4 59       		.byte	89
 240 00d5 24       		.byte	36
 241 00d6 5A       		.byte	90
 242 00d7 82       		.byte	-126
 243 00d8 63       		.byte	99
 244 00d9 01       		.byte	1
 245 00da C0       		.byte	-64
 246 00db 0F       		.byte	15
 247 00dc C2       		.byte	-62
 248 00dd 0F       		.byte	15
 249 00de C4       		.byte	-60
 250 00df 0E       		.byte	14
 251 00e0 CA       		.byte	-54
 252 00e1 0F       		.byte	15
 253 00e2 CC       		.byte	-52
 254 00e3 0E       		.byte	14
 255 00e4 CE       		.byte	-50
 256 00e5 0F       		.byte	15
 257 00e6 D6       		.byte	-42
 258 00e7 0F       		.byte	15
 259 00e8 D8       		.byte	-40
 260 00e9 08       		.byte	8
 261 00ea 00       		.byte	0
 262 00eb 01       		.byte	1
 263 00ec 04       		.byte	4
 264 00ed 02       		.byte	2
 265 00ee 05       		.byte	5
 266 00ef 20       		.byte	32
 267 00f0 06       		.byte	6
 268 00f1 04       		.byte	4
 269 00f2 07       		.byte	7
 270 00f3 18       		.byte	24
 271 00f4 09       		.byte	9
 272 00f5 09       		.byte	9
 273 00f6 0A       		.byte	10
 274 00f7 24       		.byte	36
 275 00f8 0B       		.byte	11
 276 00f9 30       		.byte	48
 277 00fa 0E       		.byte	14
 278 00fb 18       		.byte	24
 279 00fc 0F       		.byte	15
 280 00fd 07       		.byte	7
 281 00fe 10       		.byte	16
 282 00ff 10       		.byte	16
 283 0100 11       		.byte	17
 284 0101 2C       		.byte	44
 285 0102 12       		.byte	18
ARM GAS  C:\Users\CHUCK~1.ERH\AppData\Local\Temp\cc4a9vvp.s 			page 6


 286 0103 06       		.byte	6
 287 0104 13       		.byte	19
 288 0105 10       		.byte	16
 289 0106 14       		.byte	20
 290 0107 08       		.byte	8
 291 0108 15       		.byte	21
 292 0109 18       		.byte	24
 293 010a 16       		.byte	22
 294 010b 06       		.byte	6
 295 010c 17       		.byte	23
 296 010d 22       		.byte	34
 297 010e 19       		.byte	25
 298 010f 07       		.byte	7
 299 0110 1A       		.byte	26
 300 0111 01       		.byte	1
 301 0112 1E       		.byte	30
 302 0113 02       		.byte	2
 303 0114 20       		.byte	32
 304 0115 01       		.byte	1
 305 0116 24       		.byte	36
 306 0117 01       		.byte	1
 307 0118 28       		.byte	40
 308 0119 01       		.byte	1
 309 011a 2E       		.byte	46
 310 011b 01       		.byte	1
 311 011c 30       		.byte	48
 312 011d 1E       		.byte	30
 313 011e 34       		.byte	52
 314 011f 01       		.byte	1
 315 0120 35       		.byte	53
 316 0121 38       		.byte	56
 317 0122 36       		.byte	54
 318 0123 20       		.byte	32
 319 0124 37       		.byte	55
 320 0125 07       		.byte	7
 321 0126 3B       		.byte	59
 322 0127 20       		.byte	32
 323 0128 3E       		.byte	62
 324 0129 10       		.byte	16
 325 012a 3F       		.byte	63
 326 012b 40       		.byte	64
 327 012c 54       		.byte	84
 328 012d 40       		.byte	64
 329 012e 58       		.byte	88
 330 012f 04       		.byte	4
 331 0130 59       		.byte	89
 332 0131 04       		.byte	4
 333 0132 5B       		.byte	91
 334 0133 04       		.byte	4
 335 0134 5F       		.byte	95
 336 0135 01       		.byte	1
 337 0136 88       		.byte	-120
 338 0137 18       		.byte	24
 339 0138 8E       		.byte	-114
 340 0139 01       		.byte	1
 341 013a 94       		.byte	-108
 342 013b 20       		.byte	32
ARM GAS  C:\Users\CHUCK~1.ERH\AppData\Local\Temp\cc4a9vvp.s 			page 7


 343 013c 96       		.byte	-106
 344 013d 15       		.byte	21
 345 013e 98       		.byte	-104
 346 013f 20       		.byte	32
 347 0140 9A       		.byte	-102
 348 0141 0B       		.byte	11
 349 0142 AC       		.byte	-84
 350 0143 0E       		.byte	14
 351 0144 AE       		.byte	-82
 352 0145 20       		.byte	32
 353 0146 B4       		.byte	-76
 354 0147 38       		.byte	56
 355 0148 B6       		.byte	-74
 356 0149 07       		.byte	7
 357 014a B8       		.byte	-72
 358 014b 20       		.byte	32
 359 014c D8       		.byte	-40
 360 014d 04       		.byte	4
 361 014e DF       		.byte	-33
 362 014f 01       		.byte	1
 363 0150 00       		.byte	0
 364 0151 48       		.byte	72
 365 0152 02       		.byte	2
 366 0153 08       		.byte	8
 367 0154 03       		.byte	3
 368 0155 40       		.byte	64
 369 0156 05       		.byte	5
 370 0157 50       		.byte	80
 371 0158 08       		.byte	8
 372 0159 01       		.byte	1
 373 015a 09       		.byte	9
 374 015b 08       		.byte	8
 375 015c 0A       		.byte	10
 376 015d 05       		.byte	5
 377 015e 0D       		.byte	13
 378 015f 18       		.byte	24
 379 0160 10       		.byte	16
 380 0161 28       		.byte	40
 381 0162 12       		.byte	18
 382 0163 01       		.byte	1
 383 0164 13       		.byte	19
 384 0165 02       		.byte	2
 385 0166 14       		.byte	20
 386 0167 01       		.byte	1
 387 0168 15       		.byte	21
 388 0169 80       		.byte	-128
 389 016a 18       		.byte	24
 390 016b 40       		.byte	64
 391 016c 1A       		.byte	26
 392 016d 01       		.byte	1
 393 016e 1B       		.byte	27
 394 016f 10       		.byte	16
 395 0170 1D       		.byte	29
 396 0171 50       		.byte	80
 397 0172 20       		.byte	32
 398 0173 04       		.byte	4
 399 0174 22       		.byte	34
ARM GAS  C:\Users\CHUCK~1.ERH\AppData\Local\Temp\cc4a9vvp.s 			page 8


 400 0175 80       		.byte	-128
 401 0176 30       		.byte	48
 402 0177 01       		.byte	1
 403 0178 31       		.byte	49
 404 0179 18       		.byte	24
 405 017a 38       		.byte	56
 406 017b 44       		.byte	68
 407 017c 39       		.byte	57
 408 017d 20       		.byte	32
 409 017e 45       		.byte	69
 410 017f 80       		.byte	-128
 411 0180 46       		.byte	70
 412 0181 01       		.byte	1
 413 0182 61       		.byte	97
 414 0183 80       		.byte	-128
 415 0184 62       		.byte	98
 416 0185 10       		.byte	16
 417 0186 63       		.byte	99
 418 0187 20       		.byte	32
 419 0188 85       		.byte	-123
 420 0189 40       		.byte	64
 421 018a 8A       		.byte	-118
 422 018b 80       		.byte	-128
 423 018c 8D       		.byte	-115
 424 018d 10       		.byte	16
 425 018e 91       		.byte	-111
 426 018f A0       		.byte	-96
 427 0190 92       		.byte	-110
 428 0191 04       		.byte	4
 429 0192 94       		.byte	-108
 430 0193 04       		.byte	4
 431 0194 9A       		.byte	-102
 432 0195 11       		.byte	17
 433 0196 9B       		.byte	-101
 434 0197 42       		.byte	66
 435 0198 A0       		.byte	-96
 436 0199 2C       		.byte	44
 437 019a A1       		.byte	-95
 438 019b 08       		.byte	8
 439 019c A2       		.byte	-94
 440 019d 08       		.byte	8
 441 019e AE       		.byte	-82
 442 019f 04       		.byte	4
 443 01a0 AF       		.byte	-81
 444 01a1 01       		.byte	1
 445 01a2 B2       		.byte	-78
 446 01a3 02       		.byte	2
 447 01a4 C0       		.byte	-64
 448 01a5 CF       		.byte	-49
 449 01a6 C2       		.byte	-62
 450 01a7 6F       		.byte	111
 451 01a8 C4       		.byte	-60
 452 01a9 8F       		.byte	-113
 453 01aa CC       		.byte	-52
 454 01ab 07       		.byte	7
 455 01ac CE       		.byte	-50
 456 01ad 0E       		.byte	14
ARM GAS  C:\Users\CHUCK~1.ERH\AppData\Local\Temp\cc4a9vvp.s 			page 9


 457 01ae D8       		.byte	-40
 458 01af 0E       		.byte	14
 459 01b0 E2       		.byte	-30
 460 01b1 80       		.byte	-128
 461 01b2 EC       		.byte	-20
 462 01b3 20       		.byte	32
 463 01b4 00       		.byte	0
 464 01b5 90       		.byte	-112
 465 01b6 01       		.byte	1
 466 01b7 20       		.byte	32
 467 01b8 02       		.byte	2
 468 01b9 80       		.byte	-128
 469 01ba 03       		.byte	3
 470 01bb 10       		.byte	16
 471 01bc 09       		.byte	9
 472 01bd 08       		.byte	8
 473 01be 0A       		.byte	10
 474 01bf 48       		.byte	72
 475 01c0 0B       		.byte	11
 476 01c1 02       		.byte	2
 477 01c2 10       		.byte	16
 478 01c3 08       		.byte	8
 479 01c4 13       		.byte	19
 480 01c5 06       		.byte	6
 481 01c6 19       		.byte	25
 482 01c7 01       		.byte	1
 483 01c8 20       		.byte	32
 484 01c9 48       		.byte	72
 485 01ca 21       		.byte	33
 486 01cb 50       		.byte	80
 487 01cc 22       		.byte	34
 488 01cd 85       		.byte	-123
 489 01ce 23       		.byte	35
 490 01cf 04       		.byte	4
 491 01d0 29       		.byte	41
 492 01d1 61       		.byte	97
 493 01d2 2A       		.byte	42
 494 01d3 04       		.byte	4
 495 01d4 31       		.byte	49
 496 01d5 08       		.byte	8
 497 01d6 33       		.byte	51
 498 01d7 51       		.byte	81
 499 01d8 38       		.byte	56
 500 01d9 02       		.byte	2
 501 01da 39       		.byte	57
 502 01db 90       		.byte	-112
 503 01dc 3B       		.byte	59
 504 01dd 04       		.byte	4
 505 01de 40       		.byte	64
 506 01df 40       		.byte	64
 507 01e0 41       		.byte	65
 508 01e1 48       		.byte	72
 509 01e2 48       		.byte	72
 510 01e3 84       		.byte	-124
 511 01e4 49       		.byte	73
 512 01e5 06       		.byte	6
 513 01e6 4A       		.byte	74
ARM GAS  C:\Users\CHUCK~1.ERH\AppData\Local\Temp\cc4a9vvp.s 			page 10


 514 01e7 02       		.byte	2
 515 01e8 4B       		.byte	75
 516 01e9 02       		.byte	2
 517 01ea 52       		.byte	82
 518 01eb 15       		.byte	21
 519 01ec 53       		.byte	83
 520 01ed 08       		.byte	8
 521 01ee 60       		.byte	96
 522 01ef 04       		.byte	4
 523 01f0 68       		.byte	104
 524 01f1 68       		.byte	104
 525 01f2 69       		.byte	105
 526 01f3 10       		.byte	16
 527 01f4 6A       		.byte	106
 528 01f5 40       		.byte	64
 529 01f6 6B       		.byte	107
 530 01f7 51       		.byte	81
 531 01f8 71       		.byte	113
 532 01f9 40       		.byte	64
 533 01fa 72       		.byte	114
 534 01fb 03       		.byte	3
 535 01fc 73       		.byte	115
 536 01fd 02       		.byte	2
 537 01fe 80       		.byte	-128
 538 01ff 80       		.byte	-128
 539 0200 82       		.byte	-126
 540 0201 08       		.byte	8
 541 0202 90       		.byte	-112
 542 0203 12       		.byte	18
 543 0204 95       		.byte	-107
 544 0205 80       		.byte	-128
 545 0206 96       		.byte	-106
 546 0207 4B       		.byte	75
 547 0208 97       		.byte	-105
 548 0209 04       		.byte	4
 549 020a 9D       		.byte	-99
 550 020b 06       		.byte	6
 551 020c 9E       		.byte	-98
 552 020d 02       		.byte	2
 553 020e 9F       		.byte	-97
 554 020f 50       		.byte	80
 555 0210 A1       		.byte	-95
 556 0211 08       		.byte	8
 557 0212 A4       		.byte	-92
 558 0213 48       		.byte	72
 559 0214 A6       		.byte	-90
 560 0215 80       		.byte	-128
 561 0216 A7       		.byte	-89
 562 0217 08       		.byte	8
 563 0218 C0       		.byte	-64
 564 0219 0F       		.byte	15
 565 021a C2       		.byte	-62
 566 021b 0F       		.byte	15
 567 021c C4       		.byte	-60
 568 021d 0E       		.byte	14
 569 021e CA       		.byte	-54
 570 021f 0F       		.byte	15
ARM GAS  C:\Users\CHUCK~1.ERH\AppData\Local\Temp\cc4a9vvp.s 			page 11


 571 0220 CC       		.byte	-52
 572 0221 0F       		.byte	15
 573 0222 CE       		.byte	-50
 574 0223 0F       		.byte	15
 575 0224 D0       		.byte	-48
 576 0225 0B       		.byte	11
 577 0226 D2       		.byte	-46
 578 0227 0C       		.byte	12
 579 0228 D8       		.byte	-40
 580 0229 04       		.byte	4
 581 022a E0       		.byte	-32
 582 022b 40       		.byte	64
 583 022c 60       		.byte	96
 584 022d 08       		.byte	8
 585 022e D8       		.byte	-40
 586 022f 40       		.byte	64
 587 0230 9C       		.byte	-100
 588 0231 08       		.byte	8
 589 0232 9C       		.byte	-100
 590 0233 08       		.byte	8
 591 0234 9C       		.byte	-100
 592 0235 08       		.byte	8
 593 0236 07       		.byte	7
 594 0237 20       		.byte	32
 595 0238 57       		.byte	87
 596 0239 80       		.byte	-128
 597 023a 84       		.byte	-124
 598 023b 08       		.byte	8
 599 023c 8B       		.byte	-117
 600 023d 80       		.byte	-128
 601 023e 9C       		.byte	-100
 602 023f 08       		.byte	8
 603 0240 9F       		.byte	-97
 604 0241 20       		.byte	32
 605 0242 B3       		.byte	-77
 606 0243 20       		.byte	32
 607 0244 C0       		.byte	-64
 608 0245 20       		.byte	32
 609 0246 D4       		.byte	-44
 610 0247 40       		.byte	64
 611 0248 E6       		.byte	-26
 612 0249 10       		.byte	16
 613 024a 53       		.byte	83
 614 024b 01       		.byte	1
 615 024c 8F       		.byte	-113
 616 024d 01       		.byte	1
 617 024e D4       		.byte	-44
 618 024f 01       		.byte	1
 619 0250 E0       		.byte	-32
 620 0251 02       		.byte	2
 621 0252 00       		.byte	0
 622 0253 01       		.byte	1
 623 0254 0A       		.byte	10
 624 0255 01       		.byte	1
 625 0256 10       		.byte	16
 626 0257 01       		.byte	1
 627 0258 1A       		.byte	26
ARM GAS  C:\Users\CHUCK~1.ERH\AppData\Local\Temp\cc4a9vvp.s 			page 12


 628 0259 01       		.byte	1
 629 025a 00       		.byte	0
 630 025b 00       		.byte	0
 631 025c 7F       		.byte	127
 632 025d 08       		.byte	8
 633 025e 80       		.byte	-128
 634 025f 00       		.byte	0
 635 0260 C0       		.byte	-64
 636 0261 07       		.byte	7
 637 0262 04       		.byte	4
 638 0263 10       		.byte	16
 639 0264 80       		.byte	-128
 640 0265 80       		.byte	-128
 641 0266 00       		.byte	0
 642 0267 64       		.byte	100
 643 0268 C0       		.byte	-64
 644 0269 00       		.byte	0
 645 026a 02       		.byte	2
 646 026b 75       		.byte	117
 647 026c 90       		.byte	-112
 648 026d 64       		.byte	100
 649 026e 40       		.byte	64
 650 026f 80       		.byte	-128
 651 0270 00       		.byte	0
 652 0271 03       		.byte	3
 653 0272 FF       		.byte	-1
 654 0273 70       		.byte	112
 655 0274 00       		.byte	0
 656 0275 A4       		.byte	-92
 657 0276 60       		.byte	96
 658 0277 40       		.byte	64
 659 0278 00       		.byte	0
 660 0279 E4       		.byte	-28
 661 027a 9F       		.byte	-97
 662 027b 00       		.byte	0
 663 027c C0       		.byte	-64
 664 027d 08       		.byte	8
 665 027e 01       		.byte	1
 666 027f 00       		.byte	0
 667 0280 1F       		.byte	31
 668 0281 40       		.byte	64
 669 0282 20       		.byte	32
 670 0283 02       		.byte	2
 671 0284 C0       		.byte	-64
 672 0285 24       		.byte	36
 673 0286 08       		.byte	8
 674 0287 00       		.byte	0
 675 0288 00       		.byte	0
 676 0289 E4       		.byte	-28
 677 028a 00       		.byte	0
 678 028b 00       		.byte	0
 679 028c FF       		.byte	-1
 680 028d 80       		.byte	-128
 681 028e 00       		.byte	0
 682 028f 08       		.byte	8
 683 0290 00       		.byte	0
 684 0291 71       		.byte	113
ARM GAS  C:\Users\CHUCK~1.ERH\AppData\Local\Temp\cc4a9vvp.s 			page 13


 685 0292 00       		.byte	0
 686 0293 07       		.byte	7
 687 0294 00       		.byte	0
 688 0295 08       		.byte	8
 689 0296 00       		.byte	0
 690 0297 C0       		.byte	-64
 691 0298 00       		.byte	0
 692 0299 00       		.byte	0
 693 029a 01       		.byte	1
 694 029b 01       		.byte	1
 695 029c 31       		.byte	49
 696 029d 06       		.byte	6
 697 029e 40       		.byte	64
 698 029f 00       		.byte	0
 699 02a0 05       		.byte	5
 700 02a1 BE       		.byte	-66
 701 02a2 F0       		.byte	-16
 702 02a3 DC       		.byte	-36
 703 02a4 3B       		.byte	59
 704 02a5 FF       		.byte	-1
 705 02a6 FF       		.byte	-1
 706 02a7 FF       		.byte	-1
 707 02a8 22       		.byte	34
 708 02a9 00       		.byte	0
 709 02aa F0       		.byte	-16
 710 02ab 08       		.byte	8
 711 02ac 04       		.byte	4
 712 02ad 00       		.byte	0
 713 02ae 00       		.byte	0
 714 02af 00       		.byte	0
 715 02b0 00       		.byte	0
 716 02b1 00       		.byte	0
 717 02b2 02       		.byte	2
 718 02b3 24       		.byte	36
 719 02b4 04       		.byte	4
 720 02b5 04       		.byte	4
 721 02b6 04       		.byte	4
 722 02b7 04       		.byte	4
 723 02b8 00       		.byte	0
 724 02b9 00       		.byte	0
 725 02ba 00       		.byte	0
 726 02bb 01       		.byte	1
 727 02bc 00       		.byte	0
 728 02bd 00       		.byte	0
 729 02be C0       		.byte	-64
 730 02bf 00       		.byte	0
 731 02c0 40       		.byte	64
 732 02c1 01       		.byte	1
 733 02c2 10       		.byte	16
 734 02c3 11       		.byte	17
 735 02c4 C0       		.byte	-64
 736 02c5 01       		.byte	1
 737 02c6 00       		.byte	0
 738 02c7 11       		.byte	17
 739 02c8 40       		.byte	64
 740 02c9 01       		.byte	1
 741 02ca 40       		.byte	64
ARM GAS  C:\Users\CHUCK~1.ERH\AppData\Local\Temp\cc4a9vvp.s 			page 14


 742 02cb 01       		.byte	1
 743 02cc 00       		.byte	0
 744 02cd 00       		.byte	0
 745 02ce 00       		.byte	0
 746 02cf 00       		.byte	0
 747 02d0 00       		.byte	0
 748 02d1 00       		.byte	0
 749 02d2 00       		.byte	0
 750 02d3 00       		.byte	0
 751 02d4 00       		.byte	0
 752 02d5 00       		.byte	0
 753 02d6 00       		.byte	0
 754 02d7 00       		.byte	0
 755 02d8 00       		.byte	0
 756 02d9 00       		.byte	0
 757 02da 00       		.byte	0
 758 02db 00       		.byte	0
 759 02dc 00       		.byte	0
 760 02dd 40       		.byte	64
 761 02de 40       		.byte	64
 762 02df 00       		.byte	0
 763 02e0 40       		.byte	64
 764 02e1 00       		.byte	0
 765 02e2 00       		.byte	0
 766 02e3 00       		.byte	0
 767 02e4 02       		.byte	2
 768 02e5 01       		.byte	1
 769 02e6 01       		.byte	1
 770 02e7 00       		.byte	0
 771 02e8 01       		.byte	1
 772 02e9 00       		.byte	0
 773 02ea 00       		.byte	0
 774 02eb 00       		.byte	0
 775 02ec 00       		.byte	0
 776 02ed 04       		.byte	4
 777 02ee 04       		.byte	4
 778 02ef 00       		.byte	0
 779 02f0 04       		.byte	4
 780 02f1 00       		.byte	0
 781 02f2 00       		.byte	0
 782 02f3 00       		.byte	0
 783              		.section	.cywolatch,"a",%progbits
 784              		.type	cy_meta_wonvl, %object
 785              		.size	cy_meta_wonvl, 4
 786              	cy_meta_wonvl:
 787 0000 BC       		.byte	-68
 788 0001 90       		.byte	-112
 789 0002 AC       		.byte	-84
 790 0003 AF       		.byte	-81
 791              		.section	.cycustnvl,"a",%progbits
 792              		.type	cy_meta_custnvl, %object
 793              		.size	cy_meta_custnvl, 4
 794              	cy_meta_custnvl:
 795 0000 00       		.byte	0
 796 0001 00       		.byte	0
 797 0002 40       		.byte	64
 798 0003 05       		.byte	5
ARM GAS  C:\Users\CHUCK~1.ERH\AppData\Local\Temp\cc4a9vvp.s 			page 15


 799              		.section	.cymeta,"a",%progbits
 800              		.type	cy_metadata, %object
 801              		.size	cy_metadata, 12
 802              	cy_metadata:
 803 0000 00       		.byte	0
 804 0001 01       		.byte	1
 805 0002 2E       		.byte	46
 806 0003 12       		.byte	18
 807 0004 30       		.byte	48
 808 0005 69       		.byte	105
 809 0006 00       		.byte	0
 810 0007 01       		.byte	1
 811 0008 00       		.byte	0
 812 0009 00       		.byte	0
 813 000a 00       		.byte	0
 814 000b 00       		.byte	0
 815              		.section	.cyflashprotect,"a",%progbits
 816              		.type	cy_meta_flashprotect, %object
 817              		.size	cy_meta_flashprotect, 256
 818              	cy_meta_flashprotect:
 819 0000 00000000 		.space	256
 819      00000000 
 819      00000000 
 819      00000000 
 819      00000000 
 820              		.text
 821              	.Letext0:
 822              		.file 1 ".\\Generated_Source\\PSoC5\\cymetadata.c"
 823              		.file 2 ".\\Generated_Source\\PSoC5\\cytypes.h"
 824              		.section	.debug_info,"",%progbits
 825              	.Ldebug_info0:
 826 0000 3B010000 		.4byte	0x13b
 827 0004 0200     		.2byte	0x2
 828 0006 00000000 		.4byte	.Ldebug_abbrev0
 829 000a 04       		.byte	0x4
 830 000b 01       		.uleb128 0x1
 831 000c 6A010000 		.4byte	.LASF18
 832 0010 01       		.byte	0x1
 833 0011 63000000 		.4byte	.LASF19
 834 0015 00000000 		.4byte	.LASF20
 835 0019 00000000 		.4byte	.Ldebug_line0
 836 001d 02       		.uleb128 0x2
 837 001e 01       		.byte	0x1
 838 001f 06       		.byte	0x6
 839 0020 BC010000 		.4byte	.LASF0
 840 0024 02       		.uleb128 0x2
 841 0025 01       		.byte	0x1
 842 0026 08       		.byte	0x8
 843 0027 9B000000 		.4byte	.LASF1
 844 002b 02       		.uleb128 0x2
 845 002c 02       		.byte	0x2
 846 002d 05       		.byte	0x5
 847 002e 5A010000 		.4byte	.LASF2
 848 0032 02       		.uleb128 0x2
 849 0033 02       		.byte	0x2
 850 0034 07       		.byte	0x7
 851 0035 BB000000 		.4byte	.LASF3
ARM GAS  C:\Users\CHUCK~1.ERH\AppData\Local\Temp\cc4a9vvp.s 			page 16


 852 0039 02       		.uleb128 0x2
 853 003a 04       		.byte	0x4
 854 003b 05       		.byte	0x5
 855 003c B3010000 		.4byte	.LASF4
 856 0040 02       		.uleb128 0x2
 857 0041 04       		.byte	0x4
 858 0042 07       		.byte	0x7
 859 0043 A9000000 		.4byte	.LASF5
 860 0047 02       		.uleb128 0x2
 861 0048 08       		.byte	0x8
 862 0049 05       		.byte	0x5
 863 004a 47010000 		.4byte	.LASF6
 864 004e 02       		.uleb128 0x2
 865 004f 08       		.byte	0x8
 866 0050 07       		.byte	0x7
 867 0051 04010000 		.4byte	.LASF7
 868 0055 03       		.uleb128 0x3
 869 0056 04       		.byte	0x4
 870 0057 05       		.byte	0x5
 871 0058 696E7400 		.ascii	"int\000"
 872 005c 02       		.uleb128 0x2
 873 005d 04       		.byte	0x4
 874 005e 07       		.byte	0x7
 875 005f F7000000 		.4byte	.LASF8
 876 0063 04       		.uleb128 0x4
 877 0064 64010000 		.4byte	.LASF21
 878 0068 02       		.byte	0x2
 879 0069 5B       		.byte	0x5b
 880 006a 24000000 		.4byte	0x24
 881 006e 02       		.uleb128 0x2
 882 006f 04       		.byte	0x4
 883 0070 04       		.byte	0x4
 884 0071 95000000 		.4byte	.LASF9
 885 0075 02       		.uleb128 0x2
 886 0076 08       		.byte	0x8
 887 0077 04       		.byte	0x4
 888 0078 CE000000 		.4byte	.LASF10
 889 007c 02       		.uleb128 0x2
 890 007d 01       		.byte	0x1
 891 007e 08       		.byte	0x8
 892 007f 55010000 		.4byte	.LASF11
 893 0083 05       		.uleb128 0x5
 894 0084 63000000 		.4byte	0x63
 895 0088 94000000 		.4byte	0x94
 896 008c 06       		.uleb128 0x6
 897 008d 94000000 		.4byte	0x94
 898 0091 F302     		.2byte	0x2f3
 899 0093 00       		.byte	0
 900 0094 02       		.uleb128 0x2
 901 0095 04       		.byte	0x4
 902 0096 07       		.byte	0x7
 903 0097 3E010000 		.4byte	.LASF12
 904 009b 07       		.uleb128 0x7
 905 009c E5000000 		.4byte	.LASF13
 906 00a0 01       		.byte	0x1
 907 00a1 1C       		.byte	0x1c
 908 00a2 AD000000 		.4byte	0xad
ARM GAS  C:\Users\CHUCK~1.ERH\AppData\Local\Temp\cc4a9vvp.s 			page 17


 909 00a6 01       		.byte	0x1
 910 00a7 05       		.byte	0x5
 911 00a8 03       		.byte	0x3
 912 00a9 00000000 		.4byte	cy_meta_configecc
 913 00ad 08       		.uleb128 0x8
 914 00ae 83000000 		.4byte	0x83
 915 00b2 05       		.uleb128 0x5
 916 00b3 63000000 		.4byte	0x63
 917 00b7 C2000000 		.4byte	0xc2
 918 00bb 09       		.uleb128 0x9
 919 00bc 94000000 		.4byte	0x94
 920 00c0 03       		.byte	0x3
 921 00c1 00       		.byte	0
 922 00c2 07       		.uleb128 0x7
 923 00c3 D5000000 		.4byte	.LASF14
 924 00c7 01       		.byte	0x1
 925 00c8 85       		.byte	0x85
 926 00c9 D4000000 		.4byte	0xd4
 927 00cd 01       		.byte	0x1
 928 00ce 05       		.byte	0x5
 929 00cf 03       		.byte	0x3
 930 00d0 00000000 		.4byte	cy_meta_custnvl
 931 00d4 08       		.uleb128 0x8
 932 00d5 B2000000 		.4byte	0xb2
 933 00d9 07       		.uleb128 0x7
 934 00da 30010000 		.4byte	.LASF15
 935 00de 01       		.byte	0x1
 936 00df 90       		.byte	0x90
 937 00e0 EB000000 		.4byte	0xeb
 938 00e4 01       		.byte	0x1
 939 00e5 05       		.byte	0x5
 940 00e6 03       		.byte	0x3
 941 00e7 00000000 		.4byte	cy_meta_wonvl
 942 00eb 08       		.uleb128 0x8
 943 00ec B2000000 		.4byte	0xb2
 944 00f0 05       		.uleb128 0x5
 945 00f1 63000000 		.4byte	0x63
 946 00f5 00010000 		.4byte	0x100
 947 00f9 09       		.uleb128 0x9
 948 00fa 94000000 		.4byte	0x94
 949 00fe FF       		.byte	0xff
 950 00ff 00       		.byte	0
 951 0100 07       		.uleb128 0x7
 952 0101 1B010000 		.4byte	.LASF16
 953 0105 01       		.byte	0x1
 954 0106 9B       		.byte	0x9b
 955 0107 12010000 		.4byte	0x112
 956 010b 01       		.byte	0x1
 957 010c 05       		.byte	0x5
 958 010d 03       		.byte	0x3
 959 010e 00000000 		.4byte	cy_meta_flashprotect
 960 0112 08       		.uleb128 0x8
 961 0113 F0000000 		.4byte	0xf0
 962 0117 05       		.uleb128 0x5
 963 0118 63000000 		.4byte	0x63
 964 011c 27010000 		.4byte	0x127
 965 0120 09       		.uleb128 0x9
ARM GAS  C:\Users\CHUCK~1.ERH\AppData\Local\Temp\cc4a9vvp.s 			page 18


 966 0121 94000000 		.4byte	0x94
 967 0125 0B       		.byte	0xb
 968 0126 00       		.byte	0
 969 0127 07       		.uleb128 0x7
 970 0128 89000000 		.4byte	.LASF17
 971 012c 01       		.byte	0x1
 972 012d C5       		.byte	0xc5
 973 012e 39010000 		.4byte	0x139
 974 0132 01       		.byte	0x1
 975 0133 05       		.byte	0x5
 976 0134 03       		.byte	0x3
 977 0135 00000000 		.4byte	cy_metadata
 978 0139 08       		.uleb128 0x8
 979 013a 17010000 		.4byte	0x117
 980 013e 00       		.byte	0
 981              		.section	.debug_abbrev,"",%progbits
 982              	.Ldebug_abbrev0:
 983 0000 01       		.uleb128 0x1
 984 0001 11       		.uleb128 0x11
 985 0002 01       		.byte	0x1
 986 0003 25       		.uleb128 0x25
 987 0004 0E       		.uleb128 0xe
 988 0005 13       		.uleb128 0x13
 989 0006 0B       		.uleb128 0xb
 990 0007 03       		.uleb128 0x3
 991 0008 0E       		.uleb128 0xe
 992 0009 1B       		.uleb128 0x1b
 993 000a 0E       		.uleb128 0xe
 994 000b 10       		.uleb128 0x10
 995 000c 06       		.uleb128 0x6
 996 000d 00       		.byte	0
 997 000e 00       		.byte	0
 998 000f 02       		.uleb128 0x2
 999 0010 24       		.uleb128 0x24
 1000 0011 00       		.byte	0
 1001 0012 0B       		.uleb128 0xb
 1002 0013 0B       		.uleb128 0xb
 1003 0014 3E       		.uleb128 0x3e
 1004 0015 0B       		.uleb128 0xb
 1005 0016 03       		.uleb128 0x3
 1006 0017 0E       		.uleb128 0xe
 1007 0018 00       		.byte	0
 1008 0019 00       		.byte	0
 1009 001a 03       		.uleb128 0x3
 1010 001b 24       		.uleb128 0x24
 1011 001c 00       		.byte	0
 1012 001d 0B       		.uleb128 0xb
 1013 001e 0B       		.uleb128 0xb
 1014 001f 3E       		.uleb128 0x3e
 1015 0020 0B       		.uleb128 0xb
 1016 0021 03       		.uleb128 0x3
 1017 0022 08       		.uleb128 0x8
 1018 0023 00       		.byte	0
 1019 0024 00       		.byte	0
 1020 0025 04       		.uleb128 0x4
 1021 0026 16       		.uleb128 0x16
 1022 0027 00       		.byte	0
ARM GAS  C:\Users\CHUCK~1.ERH\AppData\Local\Temp\cc4a9vvp.s 			page 19


 1023 0028 03       		.uleb128 0x3
 1024 0029 0E       		.uleb128 0xe
 1025 002a 3A       		.uleb128 0x3a
 1026 002b 0B       		.uleb128 0xb
 1027 002c 3B       		.uleb128 0x3b
 1028 002d 0B       		.uleb128 0xb
 1029 002e 49       		.uleb128 0x49
 1030 002f 13       		.uleb128 0x13
 1031 0030 00       		.byte	0
 1032 0031 00       		.byte	0
 1033 0032 05       		.uleb128 0x5
 1034 0033 01       		.uleb128 0x1
 1035 0034 01       		.byte	0x1
 1036 0035 49       		.uleb128 0x49
 1037 0036 13       		.uleb128 0x13
 1038 0037 01       		.uleb128 0x1
 1039 0038 13       		.uleb128 0x13
 1040 0039 00       		.byte	0
 1041 003a 00       		.byte	0
 1042 003b 06       		.uleb128 0x6
 1043 003c 21       		.uleb128 0x21
 1044 003d 00       		.byte	0
 1045 003e 49       		.uleb128 0x49
 1046 003f 13       		.uleb128 0x13
 1047 0040 2F       		.uleb128 0x2f
 1048 0041 05       		.uleb128 0x5
 1049 0042 00       		.byte	0
 1050 0043 00       		.byte	0
 1051 0044 07       		.uleb128 0x7
 1052 0045 34       		.uleb128 0x34
 1053 0046 00       		.byte	0
 1054 0047 03       		.uleb128 0x3
 1055 0048 0E       		.uleb128 0xe
 1056 0049 3A       		.uleb128 0x3a
 1057 004a 0B       		.uleb128 0xb
 1058 004b 3B       		.uleb128 0x3b
 1059 004c 0B       		.uleb128 0xb
 1060 004d 49       		.uleb128 0x49
 1061 004e 13       		.uleb128 0x13
 1062 004f 3F       		.uleb128 0x3f
 1063 0050 0C       		.uleb128 0xc
 1064 0051 02       		.uleb128 0x2
 1065 0052 0A       		.uleb128 0xa
 1066 0053 00       		.byte	0
 1067 0054 00       		.byte	0
 1068 0055 08       		.uleb128 0x8
 1069 0056 26       		.uleb128 0x26
 1070 0057 00       		.byte	0
 1071 0058 49       		.uleb128 0x49
 1072 0059 13       		.uleb128 0x13
 1073 005a 00       		.byte	0
 1074 005b 00       		.byte	0
 1075 005c 09       		.uleb128 0x9
 1076 005d 21       		.uleb128 0x21
 1077 005e 00       		.byte	0
 1078 005f 49       		.uleb128 0x49
 1079 0060 13       		.uleb128 0x13
ARM GAS  C:\Users\CHUCK~1.ERH\AppData\Local\Temp\cc4a9vvp.s 			page 20


 1080 0061 2F       		.uleb128 0x2f
 1081 0062 0B       		.uleb128 0xb
 1082 0063 00       		.byte	0
 1083 0064 00       		.byte	0
 1084 0065 00       		.byte	0
 1085              		.section	.debug_aranges,"",%progbits
 1086 0000 14000000 		.4byte	0x14
 1087 0004 0200     		.2byte	0x2
 1088 0006 00000000 		.4byte	.Ldebug_info0
 1089 000a 04       		.byte	0x4
 1090 000b 00       		.byte	0
 1091 000c 0000     		.2byte	0
 1092 000e 0000     		.2byte	0
 1093 0010 00000000 		.4byte	0
 1094 0014 00000000 		.4byte	0
 1095              		.section	.debug_line,"",%progbits
 1096              	.Ldebug_line0:
 1097 0000 4F000000 		.section	.debug_str,"MS",%progbits,1
 1097      02004900 
 1097      00000201 
 1097      FB0E0D00 
 1097      01010101 
 1098              	.LASF20:
 1099 0000 433A5C55 		.ascii	"C:\\Users\\chuck.erhardt\\Documents\\PSoC Creator\\"
 1099      73657273 
 1099      5C636875 
 1099      636B2E65 
 1099      72686172 
 1100 002e 57353130 		.ascii	"W5100_Example1\\W5100_Example1-FreeSoC_Explorer.cyd"
 1100      305F4578 
 1100      616D706C 
 1100      65315C57 
 1100      35313030 
 1101 0060 736E00   		.ascii	"sn\000"
 1102              	.LASF19:
 1103 0063 2E5C4765 		.ascii	".\\Generated_Source\\PSoC5\\cymetadata.c\000"
 1103      6E657261 
 1103      7465645F 
 1103      536F7572 
 1103      63655C50 
 1104              	.LASF17:
 1105 0089 63795F6D 		.ascii	"cy_metadata\000"
 1105      65746164 
 1105      61746100 
 1106              	.LASF9:
 1107 0095 666C6F61 		.ascii	"float\000"
 1107      7400
 1108              	.LASF1:
 1109 009b 756E7369 		.ascii	"unsigned char\000"
 1109      676E6564 
 1109      20636861 
 1109      7200
 1110              	.LASF5:
 1111 00a9 6C6F6E67 		.ascii	"long unsigned int\000"
 1111      20756E73 
 1111      69676E65 
 1111      6420696E 
ARM GAS  C:\Users\CHUCK~1.ERH\AppData\Local\Temp\cc4a9vvp.s 			page 21


 1111      7400
 1112              	.LASF3:
 1113 00bb 73686F72 		.ascii	"short unsigned int\000"
 1113      7420756E 
 1113      7369676E 
 1113      65642069 
 1113      6E7400
 1114              	.LASF10:
 1115 00ce 646F7562 		.ascii	"double\000"
 1115      6C6500
 1116              	.LASF14:
 1117 00d5 63795F6D 		.ascii	"cy_meta_custnvl\000"
 1117      6574615F 
 1117      63757374 
 1117      6E766C00 
 1118              	.LASF13:
 1119 00e5 63795F6D 		.ascii	"cy_meta_configecc\000"
 1119      6574615F 
 1119      636F6E66 
 1119      69676563 
 1119      6300
 1120              	.LASF8:
 1121 00f7 756E7369 		.ascii	"unsigned int\000"
 1121      676E6564 
 1121      20696E74 
 1121      00
 1122              	.LASF7:
 1123 0104 6C6F6E67 		.ascii	"long long unsigned int\000"
 1123      206C6F6E 
 1123      6720756E 
 1123      7369676E 
 1123      65642069 
 1124              	.LASF16:
 1125 011b 63795F6D 		.ascii	"cy_meta_flashprotect\000"
 1125      6574615F 
 1125      666C6173 
 1125      6870726F 
 1125      74656374 
 1126              	.LASF15:
 1127 0130 63795F6D 		.ascii	"cy_meta_wonvl\000"
 1127      6574615F 
 1127      776F6E76 
 1127      6C00
 1128              	.LASF12:
 1129 013e 73697A65 		.ascii	"sizetype\000"
 1129      74797065 
 1129      00
 1130              	.LASF6:
 1131 0147 6C6F6E67 		.ascii	"long long int\000"
 1131      206C6F6E 
 1131      6720696E 
 1131      7400
 1132              	.LASF11:
 1133 0155 63686172 		.ascii	"char\000"
 1133      00
 1134              	.LASF2:
 1135 015a 73686F72 		.ascii	"short int\000"
ARM GAS  C:\Users\CHUCK~1.ERH\AppData\Local\Temp\cc4a9vvp.s 			page 22


 1135      7420696E 
 1135      7400
 1136              	.LASF21:
 1137 0164 75696E74 		.ascii	"uint8\000"
 1137      3800
 1138              	.LASF18:
 1139 016a 474E5520 		.ascii	"GNU C 4.7.3 20130312 (release) [ARM/embedded-4_7-br"
 1139      4320342E 
 1139      372E3320 
 1139      32303133 
 1139      30333132 
 1140 019d 616E6368 		.ascii	"anch revision 196615]\000"
 1140      20726576 
 1140      6973696F 
 1140      6E203139 
 1140      36363135 
 1141              	.LASF4:
 1142 01b3 6C6F6E67 		.ascii	"long int\000"
 1142      20696E74 
 1142      00
 1143              	.LASF0:
 1144 01bc 7369676E 		.ascii	"signed char\000"
 1144      65642063 
 1144      68617200 
 1145              		.ident	"GCC: (GNU Tools for ARM Embedded Processors) 4.7.3 20130312 (release) [ARM/embedded-4_7-br
