--------------- Build Started: 06/27/2014 16:37:47 Project: W5100_Example1-FreeSoC_Explorer, Configuration: ARM GCC 4.7.3 Release ---------------
The code generation step is up to date.
arm-none-eabi-gcc.exe -I. -I./Generated_Source/PSoC5 -Wno-main -mcpu=cortex-m3 -mthumb -Wall -g -D NDEBUG -Wa,-alh=.\CortexM3\ARM_GCC_473\Release\main.lst -Os -ffunction-sections -c .\main.c -o .\CortexM3\ARM_GCC_473\Release\main.o
arm-none-eabi-gcc.exe -I. -I./Generated_Source/PSoC5 -Wno-main -mcpu=cortex-m3 -mthumb -Wall -g -D NDEBUG -Wa,-alh=.\CortexM3\ARM_GCC_473\Release\cyfitter_cfg.lst -Os -ffunction-sections -c .\Generated_Source\PSoC5\cyfitter_cfg.c -o .\CortexM3\ARM_GCC_473\Release\cyfitter_cfg.o
arm-none-eabi-gcc.exe -I. -I./Generated_Source/PSoC5 -Wno-main -mcpu=cortex-m3 -mthumb -Wall -g -D NDEBUG -Wa,-alh=.\CortexM3\ARM_GCC_473\Release\cymetadata.lst -Os -ffunction-sections -c .\Generated_Source\PSoC5\cymetadata.c -o .\CortexM3\ARM_GCC_473\Release\cymetadata.o
arm-none-eabi-gcc.exe -I. -I./Generated_Source/PSoC5 -Wno-main -mcpu=cortex-m3 -mthumb -Wall -g -D NDEBUG -Wa,-alh=.\CortexM3\ARM_GCC_473\Release\SPIM.lst -Os -ffunction-sections -c .\Generated_Source\PSoC5\SPIM.c -o .\CortexM3\ARM_GCC_473\Release\SPIM.o
arm-none-eabi-gcc.exe -I. -I./Generated_Source/PSoC5 -Wno-main -mcpu=cortex-m3 -mthumb -Wall -g -D NDEBUG -Wa,-alh=.\CortexM3\ARM_GCC_473\Release\SPIM_PM.lst -Os -ffunction-sections -c .\Generated_Source\PSoC5\SPIM_PM.c -o .\CortexM3\ARM_GCC_473\Release\SPIM_PM.o
arm-none-eabi-gcc.exe -I. -I./Generated_Source/PSoC5 -Wno-main -mcpu=cortex-m3 -mthumb -Wall -g -D NDEBUG -Wa,-alh=.\CortexM3\ARM_GCC_473\Release\SPIM_INT.lst -Os -ffunction-sections -c .\Generated_Source\PSoC5\SPIM_INT.c -o .\CortexM3\ARM_GCC_473\Release\SPIM_INT.o
arm-none-eabi-gcc.exe -I. -I./Generated_Source/PSoC5 -Wno-main -mcpu=cortex-m3 -mthumb -Wall -g -D NDEBUG -Wa,-alh=.\CortexM3\ARM_GCC_473\Release\W5100.lst -Os -ffunction-sections -c .\Generated_Source\PSoC5\W5100.c -o .\CortexM3\ARM_GCC_473\Release\W5100.o
.\Generated_Source\PSoC5\W5100.c:485:15: warning: 'W5100_GetGatewayAddress' defined but not used [-Wunused-function]
.\Generated_Source\PSoC5\W5100.c:497:15: warning: 'W5100_GetSubnetMask' defined but not used [-Wunused-function]
.\Generated_Source\PSoC5\W5100.c:521:14: warning: 'W5100_GetMode' defined but not used [-Wunused-function]
.\Generated_Source\PSoC5\W5100.c:533:14: warning: 'W5100_GetIR' defined but not used [-Wunused-function]
.\Generated_Source\PSoC5\W5100.c:539:13: warning: 'W5100_SetIMR' defined but not used [-Wunused-function]
.\Generated_Source\PSoC5\W5100.c:545:14: warning: 'W5100_GetIMR' defined but not used [-Wunused-function]
.\Generated_Source\PSoC5\W5100.c:551:13: warning: 'W5100_SetRetryTime' defined but not used [-Wunused-function]
.\Generated_Source\PSoC5\W5100.c:557:15: warning: 'W5100_GetRetryTime' defined but not used [-Wunused-function]
.\Generated_Source\PSoC5\W5100.c:563:13: warning: 'W5100_SetRetryCount' defined but not used [-Wunused-function]
.\Generated_Source\PSoC5\W5100.c:569:14: warning: 'W5100_GetRetryCount' defined but not used [-Wunused-function]
.\Generated_Source\PSoC5\W5100.c:581:14: warning: 'W5100_GetRxMemSize' defined but not used [-Wunused-function]
.\Generated_Source\PSoC5\W5100.c:593:14: warning: 'W5100_GetTxMemSize' defined but not used [-Wunused-function]
.\Generated_Source\PSoC5\W5100.c:599:13: warning: 'W5100_SetUnreachableIP' defined but not used [-Wunused-function]
.\Generated_Source\PSoC5\W5100.c:605:15: warning: 'W5100_GetUnreachableIP' defined but not used [-Wunused-function]
.\Generated_Source\PSoC5\W5100.c:611:13: warning: 'W5100_SetUnreachablePort' defined but not used [-Wunused-function]
.\Generated_Source\PSoC5\W5100.c:617:15: warning: 'W5100_GetUnreachablePort' defined but not used [-Wunused-function]
.\Generated_Source\PSoC5\W5100.c:643:14: warning: 'W5100_GetSocketMode' defined but not used [-Wunused-function]
.\Generated_Source\PSoC5\W5100.c:683:13: warning: 'W5100_SetSocketStatus' defined but not used [-Wunused-function]
.\Generated_Source\PSoC5\W5100.c:707:15: warning: 'W5100_GetSocketSourcePort' defined but not used [-Wunused-function]
.\Generated_Source\PSoC5\W5100.c:715:13: warning: 'W5100_SetSocketDestMAC' defined but not used [-Wunused-function]
.\Generated_Source\PSoC5\W5100.c:723:13: warning: 'W5100_GetSocketDestMAC' defined but not used [-Wunused-function]
.\Generated_Source\PSoC5\W5100.c:739:15: warning: 'W5100_GetSocketDestIP' defined but not used [-Wunused-function]
.\Generated_Source\PSoC5\W5100.c:755:15: warning: 'W5100_GetSocketDestPort' defined but not used [-Wunused-function]
.\Generated_Source\PSoC5\W5100.c:763:13: warning: 'W5100_SetSocketMaxSegSize' defined but not used [-Wunused-function]
.\Generated_Source\PSoC5\W5100.c:771:15: warning: 'W5100_GetSocketMaxSegSize' defined but not used [-Wunused-function]
.\Generated_Source\PSoC5\W5100.c:779:16: warning: 'W5100_GetSocketProto' defined but not used [-Wunused-function]
.\Generated_Source\PSoC5\W5100.c:787:13: warning: 'W5100_SetSocketTOS' defined but not used [-Wunused-function]
.\Generated_Source\PSoC5\W5100.c:795:14: warning: 'W5100_GetSocketTOS' defined but not used [-Wunused-function]
.\Generated_Source\PSoC5\W5100.c:803:13: warning: 'W5100_SetSocketTTL' defined but not used [-Wunused-function]
.\Generated_Source\PSoC5\W5100.c:811:14: warning: 'W5100_GetSocketTTL' defined but not used [-Wunused-function]
.\Generated_Source\PSoC5\W5100.c:819:13: warning: 'W5100_SetSocketTxFree' defined but not used [-Wunused-function]
.\Generated_Source\PSoC5\W5100.c:835:13: warning: 'W5100_SetSocketTxReadPtr' defined but not used [-Wunused-function]
.\Generated_Source\PSoC5\W5100.c:843:15: warning: 'W5100_GetSocketTxReadPtr' defined but not used [-Wunused-function]
.\Generated_Source\PSoC5\W5100.c:1449:1: warning: 'W5100_SocketSendMac' defined but not used [-Wunused-function]
.\Generated_Source\PSoC5\W5100.c: In function 'W5100_W51_Read':
.\Generated_Source\PSoC5\W5100.c:203:2: warning: 'dat' may be used uninitialized in this function [-Wmaybe-uninitialized]
.\Generated_Source\PSoC5\W5100.c: In function 'W5100_TcpConnect':
.\Generated_Source\PSoC5\W5100.c:1525:4: warning: 'timeout' may be used uninitialized in this function [-Wmaybe-uninitialized]
.\Generated_Source\PSoC5\W5100.c: In function 'W5100_UdpSend':
.\Generated_Source\PSoC5\W5100.c:1675:2: warning: 'TxSize' may be used uninitialized in this function [-Wmaybe-uninitialized]
arm-none-eabi-gcc.exe -I. -I./Generated_Source/PSoC5 -Wno-main -mcpu=cortex-m3 -mthumb -Wall -g -D NDEBUG -Wa,-alh=.\CortexM3\ARM_GCC_473\Release\SPIM_IntClock.lst -Os -ffunction-sections -c .\Generated_Source\PSoC5\SPIM_IntClock.c -o .\CortexM3\ARM_GCC_473\Release\SPIM_IntClock.o
arm-none-eabi-gcc.exe -I. -I./Generated_Source/PSoC5 -Wno-main -mcpu=cortex-m3 -mthumb -Wall -g -D NDEBUG -Wa,-alh=.\CortexM3\ARM_GCC_473\Release\Cm3Start.lst -Os -ffunction-sections -c .\Generated_Source\PSoC5\Cm3Start.c -o .\CortexM3\ARM_GCC_473\Release\Cm3Start.o
arm-none-eabi-as.exe -I. -I./Generated_Source/PSoC5 -mcpu=cortex-m3 -mthumb -g -alh=.\CortexM3\ARM_GCC_473\Release/CyBootAsmGnu.lst -o .\CortexM3\ARM_GCC_473\Release\CyBootAsmGnu.o .\Generated_Source\PSoC5\CyBootAsmGnu.s
arm-none-eabi-gcc.exe -I. -I./Generated_Source/PSoC5 -Wno-main -mcpu=cortex-m3 -mthumb -Wall -g -D NDEBUG -Wa,-alh=.\CortexM3\ARM_GCC_473\Release\CyDmac.lst -Os -ffunction-sections -c .\Generated_Source\PSoC5\CyDmac.c -o .\CortexM3\ARM_GCC_473\Release\CyDmac.o
arm-none-eabi-gcc.exe -I. -I./Generated_Source/PSoC5 -Wno-main -mcpu=cortex-m3 -mthumb -Wall -g -D NDEBUG -Wa,-alh=.\CortexM3\ARM_GCC_473\Release\CyFlash.lst -Os -ffunction-sections -c .\Generated_Source\PSoC5\CyFlash.c -o .\CortexM3\ARM_GCC_473\Release\CyFlash.o
arm-none-eabi-gcc.exe -I. -I./Generated_Source/PSoC5 -Wno-main -mcpu=cortex-m3 -mthumb -Wall -g -D NDEBUG -Wa,-alh=.\CortexM3\ARM_GCC_473\Release\CyLib.lst -Os -ffunction-sections -c .\Generated_Source\PSoC5\CyLib.c -o .\CortexM3\ARM_GCC_473\Release\CyLib.o
arm-none-eabi-gcc.exe -I. -I./Generated_Source/PSoC5 -Wno-main -mcpu=cortex-m3 -mthumb -Wall -g -D NDEBUG -Wa,-alh=.\CortexM3\ARM_GCC_473\Release\cyPm.lst -Os -ffunction-sections -c .\Generated_Source\PSoC5\cyPm.c -o .\CortexM3\ARM_GCC_473\Release\cyPm.o
arm-none-eabi-gcc.exe -I. -I./Generated_Source/PSoC5 -Wno-main -mcpu=cortex-m3 -mthumb -Wall -g -D NDEBUG -Wa,-alh=.\CortexM3\ARM_GCC_473\Release\CySpc.lst -Os -ffunction-sections -c .\Generated_Source\PSoC5\CySpc.c -o .\CortexM3\ARM_GCC_473\Release\CySpc.o
arm-none-eabi-gcc.exe -I. -I./Generated_Source/PSoC5 -Wno-main -mcpu=cortex-m3 -mthumb -Wall -g -D NDEBUG -Wa,-alh=.\CortexM3\ARM_GCC_473\Release\cyutils.lst -Os -ffunction-sections -c .\Generated_Source\PSoC5\cyutils.c -o .\CortexM3\ARM_GCC_473\Release\cyutils.o
arm-none-eabi-ar.exe -rs .\CortexM3\ARM_GCC_473\Release\W5100_Example1-FreeSoC_Explorer.a .\CortexM3\ARM_GCC_473\Release\cyfitter_cfg.o .\CortexM3\ARM_GCC_473\Release\SPIM.o .\CortexM3\ARM_GCC_473\Release\SPIM_PM.o .\CortexM3\ARM_GCC_473\Release\SPIM_INT.o .\CortexM3\ARM_GCC_473\Release\W5100.o .\CortexM3\ARM_GCC_473\Release\SPIM_IntClock.o .\CortexM3\ARM_GCC_473\Release\CyBootAsmGnu.o .\CortexM3\ARM_GCC_473\Release\CyDmac.o .\CortexM3\ARM_GCC_473\Release\CyFlash.o .\CortexM3\ARM_GCC_473\Release\CyLib.o .\CortexM3\ARM_GCC_473\Release\cyPm.o .\CortexM3\ARM_GCC_473\Release\CySpc.o .\CortexM3\ARM_GCC_473\Release\cyutils.o
arm-none-eabi-ar.exe: creating .\CortexM3\ARM_GCC_473\Release\W5100_Example1-FreeSoC_Explorer.a
arm-none-eabi-gcc.exe -mthumb -march=armv7-m -mfix-cortex-m3-ldrd -T .\Generated_Source\PSoC5\cm3gcc.ld -g -Wl,-Map,.\CortexM3\ARM_GCC_473\Release\W5100_Example1-FreeSoC_Explorer.map -specs=nano.specs -Wl,--gc-sections -Wl,--start-group -o .\CortexM3\ARM_GCC_473\Release\W5100_Example1-FreeSoC_Explorer.elf .\CortexM3\ARM_GCC_473\Release\main.o .\CortexM3\ARM_GCC_473\Release\cymetadata.o .\CortexM3\ARM_GCC_473\Release\Cm3Start.o .\CortexM3\ARM_GCC_473\Release\W5100_Example1-FreeSoC_Explorer.a "C:\Program Files (x86)\Cypress\PSoC Creator\3.0\PSoC Creator\psoc\content\cycomponentlibrary\CyComponentLibrary.cylib\CortexM3\ARM_GCC_473\Release\CyComponentLibrary.a" -Wl,--end-group
cyelftool.exe -C "C:\Users\chuck.erhardt\Documents\PSoC Creator\W5100_Example1\W5100_Example1-FreeSoC_Explorer.cydsn\CortexM3\ARM_GCC_473\Release\W5100_Example1-FreeSoC_Explorer.elf" --flash_size 262144 --flash_row_size 256
cyelftool.exe -S "C:\Users\chuck.erhardt\Documents\PSoC Creator\W5100_Example1\W5100_Example1-FreeSoC_Explorer.cydsn\CortexM3\ARM_GCC_473\Release\W5100_Example1-FreeSoC_Explorer.elf"
Flash used: 3238 of 262144 bytes (1.2 %).
SRAM used: 20837 of 65536 bytes (31.8 %).
--------------- Build Succeeded: 06/27/2014 16:37:59 ---------------
