--------------- Clean Started: 06/27/2014 16:48:11 Project: W5100_Example1-FreeSoC_Explorer, Configuration: ARM GCC 4.7.3 Release ---------------
Deleting file ".\CortexM3\ARM_GCC_473\Release\main.o"
Deleting file ".\CortexM3\ARM_GCC_473\Release\cyfitter_cfg.o"
Deleting file ".\CortexM3\ARM_GCC_473\Release\cymetadata.o"
Deleting file ".\CortexM3\ARM_GCC_473\Release\SPIM.o"
Deleting file ".\CortexM3\ARM_GCC_473\Release\SPIM_PM.o"
Deleting file ".\CortexM3\ARM_GCC_473\Release\SPIM_INT.o"
Deleting file ".\CortexM3\ARM_GCC_473\Release\W5100.o"
Deleting file ".\CortexM3\ARM_GCC_473\Release\SPIM_IntClock.o"
Deleting file ".\CortexM3\ARM_GCC_473\Release\Cm3Start.o"
Deleting file ".\CortexM3\ARM_GCC_473\Release\CyBootAsmGnu.o"
Deleting file ".\CortexM3\ARM_GCC_473\Release\CyDmac.o"
Deleting file ".\CortexM3\ARM_GCC_473\Release\CyFlash.o"
Deleting file ".\CortexM3\ARM_GCC_473\Release\CyLib.o"
Deleting file ".\CortexM3\ARM_GCC_473\Release\cyPm.o"
Deleting file ".\CortexM3\ARM_GCC_473\Release\CySpc.o"
Deleting file ".\CortexM3\ARM_GCC_473\Release\cyutils.o"
Deleting file ".\CortexM3\ARM_GCC_473\Release\W5100_Example1-FreeSoC_Explorer.hex"
Deleting file ".\CortexM3\ARM_GCC_473\Release\W5100_Example1-FreeSoC_Explorer.elf"
Deleting file ".\CortexM3\ARM_GCC_473\Release\W5100_Example1-FreeSoC_Explorer.map"
Deleting file ".\W5100_Example1-FreeSoC_Explorer.cycdx"
Deleting file ".\W5100_Example1-FreeSoC_Explorer.rpt"
Deleting file ".\W5100_Example1-FreeSoC_Explorer_timing.html"
Deleting file ".\CortexM3\ARM_GCC_473\Release\.deps\C_FILE.P"
Deleting file ".\CortexM3\ARM_GCC_473\Release\.deps\ARM_C_FILE.P"
Deleting file ".\CortexM3\ARM_GCC_473\Release\.deps\GNU_ARM_ASM_FILE.P"
--------------- Clean Succeeded: 06/27/2014 16:48:12 ---------------
